{"/Users/soyilovfarhod/Documents/task_planner/app/index.tsx": {"path":"/Users/soyilovfarhod/Documents/task_planner/app/index.tsx","all":true,"statementMap":{"0":{"start":{"line":1,"column":0},"end":{"line":1,"column":54}},"2":{"start":{"line":3,"column":0},"end":{"line":3,"column":32}},"3":{"start":{"line":4,"column":0},"end":{"line":4,"column":10}},"4":{"start":{"line":5,"column":0},"end":{"line":5,"column":35}},"5":{"start":{"line":6,"column":0},"end":{"line":6,"column":32}},"6":{"start":{"line":7,"column":0},"end":{"line":7,"column":53}},"7":{"start":{"line":8,"column":0},"end":{"line":8,"column":80}},"8":{"start":{"line":9,"column":0},"end":{"line":9,"column":13}},"9":{"start":{"line":10,"column":0},"end":{"line":10,"column":11}},"11":{"start":{"line":12,"column":0},"end":{"line":12,"column":1}},"13":{"start":{"line":14,"column":0},"end":{"line":14,"column":34}},"14":{"start":{"line":15,"column":0},"end":{"line":15,"column":14}},"15":{"start":{"line":16,"column":0},"end":{"line":16,"column":12}},"16":{"start":{"line":17,"column":0},"end":{"line":17,"column":25}},"17":{"start":{"line":18,"column":0},"end":{"line":18,"column":16}},"18":{"start":{"line":19,"column":0},"end":{"line":19,"column":4}},"19":{"start":{"line":20,"column":0},"end":{"line":20,"column":9}},"20":{"start":{"line":21,"column":0},"end":{"line":21,"column":12}},"21":{"start":{"line":22,"column":0},"end":{"line":22,"column":29}},"22":{"start":{"line":23,"column":0},"end":{"line":23,"column":18}},"23":{"start":{"line":24,"column":0},"end":{"line":24,"column":29}},"24":{"start":{"line":25,"column":0},"end":{"line":25,"column":4}},"25":{"start":{"line":26,"column":0},"end":{"line":26,"column":10}},"26":{"start":{"line":27,"column":0},"end":{"line":27,"column":17}},"27":{"start":{"line":28,"column":0},"end":{"line":28,"column":23}},"28":{"start":{"line":29,"column":0},"end":{"line":29,"column":4}},"29":{"start":{"line":30,"column":0},"end":{"line":30,"column":13}},"30":{"start":{"line":31,"column":0},"end":{"line":31,"column":17}},"31":{"start":{"line":32,"column":0},"end":{"line":32,"column":21}},"32":{"start":{"line":33,"column":0},"end":{"line":33,"column":4}},"33":{"start":{"line":34,"column":0},"end":{"line":34,"column":3}}},"s":{"0":0,"2":0,"3":0,"4":0,"5":0,"6":0,"7":0,"8":0,"9":0,"11":0,"13":0,"14":0,"15":0,"16":0,"17":0,"18":0,"19":0,"20":0,"21":0,"22":0,"23":0,"24":0,"25":0,"26":0,"27":0,"28":0,"29":0,"30":0,"31":0,"32":0,"33":0},"branchMap":{"0":{"type":"branch","line":1,"loc":{"start":{"line":1,"column":0},"end":{"line":34,"column":-495}},"locations":[{"start":{"line":1,"column":0},"end":{"line":34,"column":-495}}]}},"b":{"0":[0]},"fnMap":{"0":{"name":"(empty-report)","decl":{"start":{"line":1,"column":0},"end":{"line":34,"column":-495}},"loc":{"start":{"line":1,"column":0},"end":{"line":34,"column":-495}},"line":1}},"f":{"0":0}}
,"/Users/soyilovfarhod/Documents/task_planner/build/assets/AuthPage-CiocvG30.js": {"path":"/Users/soyilovfarhod/Documents/task_planner/build/assets/AuthPage-CiocvG30.js","all":true,"statementMap":{"0":{"start":{"line":1,"column":0},"end":{"line":1,"column":4405}}},"s":{"0":0},"branchMap":{"0":{"type":"branch","line":1,"loc":{"start":{"line":1,"column":0},"end":{"line":1,"column":3330}},"locations":[{"start":{"line":1,"column":0},"end":{"line":1,"column":3330}}]}},"b":{"0":[0]},"fnMap":{"0":{"name":"(empty-report)","decl":{"start":{"line":1,"column":0},"end":{"line":1,"column":3330}},"loc":{"start":{"line":1,"column":0},"end":{"line":1,"column":3330}},"line":1}},"f":{"0":0}}
,"/Users/soyilovfarhod/Documents/task_planner/build/assets/CalendarPage-CRcPczju.js": {"path":"/Users/soyilovfarhod/Documents/task_planner/build/assets/CalendarPage-CRcPczju.js","all":true,"statementMap":{"0":{"start":{"line":1,"column":0},"end":{"line":1,"column":4424}},"1":{"start":{"line":2,"column":0},"end":{"line":2,"column":53}},"2":{"start":{"line":3,"column":0},"end":{"line":3,"column":56}},"3":{"start":{"line":4,"column":0},"end":{"line":4,"column":86}},"4":{"start":{"line":5,"column":0},"end":{"line":5,"column":38855}},"5":{"start":{"line":6,"column":0},"end":{"line":6,"column":112}},"6":{"start":{"line":7,"column":0},"end":{"line":7,"column":20}},"7":{"start":{"line":8,"column":0},"end":{"line":8,"column":38}},"8":{"start":{"line":9,"column":0},"end":{"line":9,"column":27}},"9":{"start":{"line":10,"column":0},"end":{"line":10,"column":1134}},"10":{"start":{"line":11,"column":0},"end":{"line":11,"column":104}},"11":{"start":{"line":12,"column":0},"end":{"line":12,"column":86}},"12":{"start":{"line":13,"column":0},"end":{"line":13,"column":20}},"13":{"start":{"line":14,"column":0},"end":{"line":14,"column":64}},"14":{"start":{"line":15,"column":0},"end":{"line":15,"column":124}},"15":{"start":{"line":16,"column":0},"end":{"line":16,"column":95}},"16":{"start":{"line":17,"column":0},"end":{"line":17,"column":123}},"17":{"start":{"line":18,"column":0},"end":{"line":18,"column":755}},"18":{"start":{"line":19,"column":0},"end":{"line":19,"column":13972}}},"s":{"0":0,"1":0,"2":0,"3":0,"4":0,"5":0,"6":0,"7":0,"8":0,"9":0,"10":0,"11":0,"12":0,"13":0,"14":0,"15":0,"16":0,"17":0,"18":0},"branchMap":{"0":{"type":"branch","line":1,"loc":{"start":{"line":1,"column":0},"end":{"line":19,"column":7883}},"locations":[{"start":{"line":1,"column":0},"end":{"line":19,"column":7883}}]}},"b":{"0":[0]},"fnMap":{"0":{"name":"(empty-report)","decl":{"start":{"line":1,"column":0},"end":{"line":19,"column":7883}},"loc":{"start":{"line":1,"column":0},"end":{"line":19,"column":7883}},"line":1}},"f":{"0":0}}
,"/Users/soyilovfarhod/Documents/task_planner/build/assets/CommunityPage-BDhTa6lN.js": {"path":"/Users/soyilovfarhod/Documents/task_planner/build/assets/CommunityPage-BDhTa6lN.js","all":true,"statementMap":{"0":{"start":{"line":1,"column":0},"end":{"line":1,"column":13480}}},"s":{"0":0},"branchMap":{"0":{"type":"branch","line":1,"loc":{"start":{"line":1,"column":0},"end":{"line":1,"column":10481}},"locations":[{"start":{"line":1,"column":0},"end":{"line":1,"column":10481}}]}},"b":{"0":[0]},"fnMap":{"0":{"name":"(empty-report)","decl":{"start":{"line":1,"column":0},"end":{"line":1,"column":10481}},"loc":{"start":{"line":1,"column":0},"end":{"line":1,"column":10481}},"line":1}},"f":{"0":0}}
,"/Users/soyilovfarhod/Documents/task_planner/build/assets/DashboardPage-Bnysprab.js": {"path":"/Users/soyilovfarhod/Documents/task_planner/build/assets/DashboardPage-Bnysprab.js","all":true,"statementMap":{"0":{"start":{"line":1,"column":0},"end":{"line":1,"column":2992}}},"s":{"0":0},"branchMap":{"0":{"type":"branch","line":1,"loc":{"start":{"line":1,"column":0},"end":{"line":1,"column":1881}},"locations":[{"start":{"line":1,"column":0},"end":{"line":1,"column":1881}}]}},"b":{"0":[0]},"fnMap":{"0":{"name":"(empty-report)","decl":{"start":{"line":1,"column":0},"end":{"line":1,"column":1881}},"loc":{"start":{"line":1,"column":0},"end":{"line":1,"column":1881}},"line":1}},"f":{"0":0}}
,"/Users/soyilovfarhod/Documents/task_planner/build/assets/DecksPage-BZI9lm9N.js": {"path":"/Users/soyilovfarhod/Documents/task_planner/build/assets/DecksPage-BZI9lm9N.js","all":true,"statementMap":{"0":{"start":{"line":1,"column":0},"end":{"line":1,"column":12169}}},"s":{"0":0},"branchMap":{"0":{"type":"branch","line":1,"loc":{"start":{"line":1,"column":0},"end":{"line":1,"column":9129}},"locations":[{"start":{"line":1,"column":0},"end":{"line":1,"column":9129}}]}},"b":{"0":[0]},"fnMap":{"0":{"name":"(empty-report)","decl":{"start":{"line":1,"column":0},"end":{"line":1,"column":9129}},"loc":{"start":{"line":1,"column":0},"end":{"line":1,"column":9129}},"line":1}},"f":{"0":0}}
,"/Users/soyilovfarhod/Documents/task_planner/build/assets/FlashcardForm-f9vkrR0B.js": {"path":"/Users/soyilovfarhod/Documents/task_planner/build/assets/FlashcardForm-f9vkrR0B.js","all":true,"statementMap":{"0":{"start":{"line":1,"column":0},"end":{"line":1,"column":2631}}},"s":{"0":0},"branchMap":{"0":{"type":"branch","line":1,"loc":{"start":{"line":1,"column":0},"end":{"line":1,"column":1815}},"locations":[{"start":{"line":1,"column":0},"end":{"line":1,"column":1815}}]}},"b":{"0":[0]},"fnMap":{"0":{"name":"(empty-report)","decl":{"start":{"line":1,"column":0},"end":{"line":1,"column":1815}},"loc":{"start":{"line":1,"column":0},"end":{"line":1,"column":1815}},"line":1}},"f":{"0":0}}
,"/Users/soyilovfarhod/Documents/task_planner/build/assets/FocusPage-BLRbzUdi.js": {"path":"/Users/soyilovfarhod/Documents/task_planner/build/assets/FocusPage-BLRbzUdi.js","all":true,"statementMap":{"0":{"start":{"line":1,"column":0},"end":{"line":1,"column":8254}}},"s":{"0":0},"branchMap":{"0":{"type":"branch","line":1,"loc":{"start":{"line":1,"column":0},"end":{"line":1,"column":6551}},"locations":[{"start":{"line":1,"column":0},"end":{"line":1,"column":6551}}]}},"b":{"0":[0]},"fnMap":{"0":{"name":"(empty-report)","decl":{"start":{"line":1,"column":0},"end":{"line":1,"column":6551}},"loc":{"start":{"line":1,"column":0},"end":{"line":1,"column":6551}},"line":1}},"f":{"0":0}}
,"/Users/soyilovfarhod/Documents/task_planner/build/assets/FontSelector-BK4GqyoH.js": {"path":"/Users/soyilovfarhod/Documents/task_planner/build/assets/FontSelector-BK4GqyoH.js","all":true,"statementMap":{"0":{"start":{"line":1,"column":0},"end":{"line":1,"column":2447}}},"s":{"0":0},"branchMap":{"0":{"type":"branch","line":1,"loc":{"start":{"line":1,"column":0},"end":{"line":1,"column":1944}},"locations":[{"start":{"line":1,"column":0},"end":{"line":1,"column":1944}}]}},"b":{"0":[0]},"fnMap":{"0":{"name":"(empty-report)","decl":{"start":{"line":1,"column":0},"end":{"line":1,"column":1944}},"loc":{"start":{"line":1,"column":0},"end":{"line":1,"column":1944}},"line":1}},"f":{"0":0}}
,"/Users/soyilovfarhod/Documents/task_planner/build/assets/GoalsPage-CA2N9dlf.js": {"path":"/Users/soyilovfarhod/Documents/task_planner/build/assets/GoalsPage-CA2N9dlf.js","all":true,"statementMap":{"0":{"start":{"line":1,"column":0},"end":{"line":1,"column":1794}},"1":{"start":{"line":2,"column":0},"end":{"line":2,"column":16}},"2":{"start":{"line":3,"column":0},"end":{"line":3,"column":26}},"4":{"start":{"line":5,"column":0},"end":{"line":5,"column":10486}}},"s":{"0":0,"1":0,"2":0,"4":0},"branchMap":{"0":{"type":"branch","line":1,"loc":{"start":{"line":1,"column":0},"end":{"line":5,"column":7592}},"locations":[{"start":{"line":1,"column":0},"end":{"line":5,"column":7592}}]}},"b":{"0":[0]},"fnMap":{"0":{"name":"(empty-report)","decl":{"start":{"line":1,"column":0},"end":{"line":5,"column":7592}},"loc":{"start":{"line":1,"column":0},"end":{"line":5,"column":7592}},"line":1}},"f":{"0":0}}
,"/Users/soyilovfarhod/Documents/task_planner/build/assets/NoteEditorPage-BhlulO_W.js": {"path":"/Users/soyilovfarhod/Documents/task_planner/build/assets/NoteEditorPage-BhlulO_W.js","all":true,"statementMap":{"0":{"start":{"line":1,"column":0},"end":{"line":1,"column":4154}}},"s":{"0":0},"branchMap":{"0":{"type":"branch","line":1,"loc":{"start":{"line":1,"column":0},"end":{"line":1,"column":3096}},"locations":[{"start":{"line":1,"column":0},"end":{"line":1,"column":3096}}]}},"b":{"0":[0]},"fnMap":{"0":{"name":"(empty-report)","decl":{"start":{"line":1,"column":0},"end":{"line":1,"column":3096}},"loc":{"start":{"line":1,"column":0},"end":{"line":1,"column":3096}},"line":1}},"f":{"0":0}}
,"/Users/soyilovfarhod/Documents/task_planner/build/assets/NotesPage-BszOid6J.js": {"path":"/Users/soyilovfarhod/Documents/task_planner/build/assets/NotesPage-BszOid6J.js","all":true,"statementMap":{"0":{"start":{"line":1,"column":0},"end":{"line":1,"column":3011}}},"s":{"0":0},"branchMap":{"0":{"type":"branch","line":1,"loc":{"start":{"line":1,"column":0},"end":{"line":1,"column":2122}},"locations":[{"start":{"line":1,"column":0},"end":{"line":1,"column":2122}}]}},"b":{"0":[0]},"fnMap":{"0":{"name":"(empty-report)","decl":{"start":{"line":1,"column":0},"end":{"line":1,"column":2122}},"loc":{"start":{"line":1,"column":0},"end":{"line":1,"column":2122}},"line":1}},"f":{"0":0}}
,"/Users/soyilovfarhod/Documents/task_planner/build/assets/ProgressBar-em9FyI6k.js": {"path":"/Users/soyilovfarhod/Documents/task_planner/build/assets/ProgressBar-em9FyI6k.js","all":true,"statementMap":{"0":{"start":{"line":1,"column":0},"end":{"line":1,"column":379}}},"s":{"0":0},"branchMap":{"0":{"type":"branch","line":1,"loc":{"start":{"line":1,"column":0},"end":{"line":1,"column":278}},"locations":[{"start":{"line":1,"column":0},"end":{"line":1,"column":278}}]}},"b":{"0":[0]},"fnMap":{"0":{"name":"(empty-report)","decl":{"start":{"line":1,"column":0},"end":{"line":1,"column":278}},"loc":{"start":{"line":1,"column":0},"end":{"line":1,"column":278}},"line":1}},"f":{"0":0}}
,"/Users/soyilovfarhod/Documents/task_planner/build/assets/ProgressPage-C5aCv8Pn.js": {"path":"/Users/soyilovfarhod/Documents/task_planner/build/assets/ProgressPage-C5aCv8Pn.js","all":true,"statementMap":{"0":{"start":{"line":1,"column":0},"end":{"line":1,"column":1186}},"1":{"start":{"line":2,"column":0},"end":{"line":2,"column":118}},"3":{"start":{"line":4,"column":0},"end":{"line":4,"column":39}},"4":{"start":{"line":5,"column":0},"end":{"line":5,"column":78}},"5":{"start":{"line":6,"column":0},"end":{"line":6,"column":78}},"6":{"start":{"line":7,"column":0},"end":{"line":7,"column":78}},"7":{"start":{"line":8,"column":0},"end":{"line":8,"column":77}},"9":{"start":{"line":10,"column":0},"end":{"line":10,"column":52}},"11":{"start":{"line":12,"column":0},"end":{"line":12,"column":11}},"12":{"start":{"line":13,"column":0},"end":{"line":13,"column":112}},"13":{"start":{"line":14,"column":0},"end":{"line":14,"column":4}},"14":{"start":{"line":15,"column":0},"end":{"line":15,"column":13}},"15":{"start":{"line":16,"column":0},"end":{"line":16,"column":207}},"16":{"start":{"line":17,"column":0},"end":{"line":17,"column":112}},"17":{"start":{"line":18,"column":0},"end":{"line":18,"column":76}},"18":{"start":{"line":19,"column":0},"end":{"line":19,"column":35}},"19":{"start":{"line":20,"column":0},"end":{"line":20,"column":14823}}},"s":{"0":0,"1":0,"3":0,"4":0,"5":0,"6":0,"7":0,"9":0,"11":0,"12":0,"13":0,"14":0,"15":0,"16":0,"17":0,"18":0,"19":0},"branchMap":{"0":{"type":"branch","line":1,"loc":{"start":{"line":1,"column":0},"end":{"line":20,"column":10767}},"locations":[{"start":{"line":1,"column":0},"end":{"line":20,"column":10767}}]}},"b":{"0":[0]},"fnMap":{"0":{"name":"(empty-report)","decl":{"start":{"line":1,"column":0},"end":{"line":20,"column":10767}},"loc":{"start":{"line":1,"column":0},"end":{"line":20,"column":10767}},"line":1}},"f":{"0":0}}
,"/Users/soyilovfarhod/Documents/task_planner/build/assets/SettingsPage-BzOAco3P.js": {"path":"/Users/soyilovfarhod/Documents/task_planner/build/assets/SettingsPage-BzOAco3P.js","all":true,"statementMap":{"0":{"start":{"line":1,"column":0},"end":{"line":1,"column":7961}}},"s":{"0":0},"branchMap":{"0":{"type":"branch","line":1,"loc":{"start":{"line":1,"column":0},"end":{"line":1,"column":6057}},"locations":[{"start":{"line":1,"column":0},"end":{"line":1,"column":6057}}]}},"b":{"0":[0]},"fnMap":{"0":{"name":"(empty-report)","decl":{"start":{"line":1,"column":0},"end":{"line":1,"column":6057}},"loc":{"start":{"line":1,"column":0},"end":{"line":1,"column":6057}},"line":1}},"f":{"0":0}}
,"/Users/soyilovfarhod/Documents/task_planner/build/assets/Skeleton-CZY_WihA.js": {"path":"/Users/soyilovfarhod/Documents/task_planner/build/assets/Skeleton-CZY_WihA.js","all":true,"statementMap":{"0":{"start":{"line":1,"column":0},"end":{"line":1,"column":246}}},"s":{"0":0},"branchMap":{"0":{"type":"branch","line":1,"loc":{"start":{"line":1,"column":0},"end":{"line":1,"column":163}},"locations":[{"start":{"line":1,"column":0},"end":{"line":1,"column":163}}]}},"b":{"0":[0]},"fnMap":{"0":{"name":"(empty-report)","decl":{"start":{"line":1,"column":0},"end":{"line":1,"column":163}},"loc":{"start":{"line":1,"column":0},"end":{"line":1,"column":163}},"line":1}},"f":{"0":0}}
,"/Users/soyilovfarhod/Documents/task_planner/build/assets/StudyModePage-BxhqvWqz.js": {"path":"/Users/soyilovfarhod/Documents/task_planner/build/assets/StudyModePage-BxhqvWqz.js","all":true,"statementMap":{"0":{"start":{"line":1,"column":0},"end":{"line":1,"column":3642}}},"s":{"0":0},"branchMap":{"0":{"type":"branch","line":1,"loc":{"start":{"line":1,"column":0},"end":{"line":1,"column":2551}},"locations":[{"start":{"line":1,"column":0},"end":{"line":1,"column":2551}}]}},"b":{"0":[0]},"fnMap":{"0":{"name":"(empty-report)","decl":{"start":{"line":1,"column":0},"end":{"line":1,"column":2551}},"loc":{"start":{"line":1,"column":0},"end":{"line":1,"column":2551}},"line":1}},"f":{"0":0}}
,"/Users/soyilovfarhod/Documents/task_planner/build/assets/StudyNotesPage-BK1EEXEU.js": {"path":"/Users/soyilovfarhod/Documents/task_planner/build/assets/StudyNotesPage-BK1EEXEU.js","all":true,"statementMap":{"0":{"start":{"line":1,"column":0},"end":{"line":1,"column":2844}}},"s":{"0":0},"branchMap":{"0":{"type":"branch","line":1,"loc":{"start":{"line":1,"column":0},"end":{"line":1,"column":2063}},"locations":[{"start":{"line":1,"column":0},"end":{"line":1,"column":2063}}]}},"b":{"0":[0]},"fnMap":{"0":{"name":"(empty-report)","decl":{"start":{"line":1,"column":0},"end":{"line":1,"column":2063}},"loc":{"start":{"line":1,"column":0},"end":{"line":1,"column":2063}},"line":1}},"f":{"0":0}}
,"/Users/soyilovfarhod/Documents/task_planner/build/assets/StudyRoomPage-BzBW6V80.js": {"path":"/Users/soyilovfarhod/Documents/task_planner/build/assets/StudyRoomPage-BzBW6V80.js","all":true,"statementMap":{"0":{"start":{"line":1,"column":0},"end":{"line":1,"column":4222}}},"s":{"0":0},"branchMap":{"0":{"type":"branch","line":1,"loc":{"start":{"line":1,"column":0},"end":{"line":1,"column":3212}},"locations":[{"start":{"line":1,"column":0},"end":{"line":1,"column":3212}}]}},"b":{"0":[0]},"fnMap":{"0":{"name":"(empty-report)","decl":{"start":{"line":1,"column":0},"end":{"line":1,"column":3212}},"loc":{"start":{"line":1,"column":0},"end":{"line":1,"column":3212}},"line":1}},"f":{"0":0}}
,"/Users/soyilovfarhod/Documents/task_planner/build/assets/SubjectDetailPage-BqbY_7A8.js": {"path":"/Users/soyilovfarhod/Documents/task_planner/build/assets/SubjectDetailPage-BqbY_7A8.js","all":true,"statementMap":{"0":{"start":{"line":1,"column":0},"end":{"line":1,"column":11685}},"1":{"start":{"line":2,"column":0},"end":{"line":2,"column":49}},"2":{"start":{"line":3,"column":0},"end":{"line":3,"column":28047}},"3":{"start":{"line":4,"column":0},"end":{"line":4,"column":77}},"4":{"start":{"line":5,"column":0},"end":{"line":5,"column":33}},"5":{"start":{"line":6,"column":0},"end":{"line":6,"column":2397}},"6":{"start":{"line":7,"column":0},"end":{"line":7,"column":62}},"7":{"start":{"line":8,"column":0},"end":{"line":8,"column":63}},"8":{"start":{"line":9,"column":0},"end":{"line":9,"column":50}},"9":{"start":{"line":10,"column":0},"end":{"line":10,"column":2}},"10":{"start":{"line":11,"column":0},"end":{"line":11,"column":94}},"11":{"start":{"line":12,"column":0},"end":{"line":12,"column":98}},"12":{"start":{"line":13,"column":0},"end":{"line":13,"column":97}},"13":{"start":{"line":14,"column":0},"end":{"line":14,"column":87}},"14":{"start":{"line":15,"column":0},"end":{"line":15,"column":381}},"15":{"start":{"line":16,"column":0},"end":{"line":16,"column":70}},"16":{"start":{"line":17,"column":0},"end":{"line":17,"column":36}},"17":{"start":{"line":18,"column":0},"end":{"line":18,"column":776}},"18":{"start":{"line":19,"column":0},"end":{"line":19,"column":14}},"19":{"start":{"line":20,"column":0},"end":{"line":20,"column":69}},"20":{"start":{"line":21,"column":0},"end":{"line":21,"column":65}},"21":{"start":{"line":22,"column":0},"end":{"line":22,"column":490}},"22":{"start":{"line":23,"column":0},"end":{"line":23,"column":73}},"23":{"start":{"line":24,"column":0},"end":{"line":24,"column":34}},"24":{"start":{"line":25,"column":0},"end":{"line":25,"column":90}},"25":{"start":{"line":26,"column":0},"end":{"line":26,"column":4225}},"26":{"start":{"line":27,"column":0},"end":{"line":27,"column":73}},"27":{"start":{"line":28,"column":0},"end":{"line":28,"column":82}},"28":{"start":{"line":29,"column":0},"end":{"line":29,"column":26235}},"29":{"start":{"line":30,"column":0},"end":{"line":30,"column":884}},"30":{"start":{"line":31,"column":0},"end":{"line":31,"column":16801}},"31":{"start":{"line":32,"column":0},"end":{"line":32,"column":3095}},"32":{"start":{"line":33,"column":0},"end":{"line":33,"column":68}},"33":{"start":{"line":34,"column":0},"end":{"line":34,"column":78}},"34":{"start":{"line":35,"column":0},"end":{"line":35,"column":64}},"35":{"start":{"line":36,"column":0},"end":{"line":36,"column":37663}},"36":{"start":{"line":37,"column":0},"end":{"line":37,"column":38}},"37":{"start":{"line":38,"column":0},"end":{"line":38,"column":10153}},"38":{"start":{"line":39,"column":0},"end":{"line":39,"column":55865}},"39":{"start":{"line":40,"column":0},"end":{"line":40,"column":31}},"40":{"start":{"line":41,"column":0},"end":{"line":41,"column":42}},"41":{"start":{"line":42,"column":0},"end":{"line":42,"column":38}},"42":{"start":{"line":43,"column":0},"end":{"line":43,"column":14913}},"44":{"start":{"line":45,"column":0},"end":{"line":45,"column":8}},"45":{"start":{"line":46,"column":0},"end":{"line":46,"column":7}},"46":{"start":{"line":47,"column":0},"end":{"line":47,"column":6}},"48":{"start":{"line":49,"column":0},"end":{"line":49,"column":52521}},"49":{"start":{"line":50,"column":0},"end":{"line":50,"column":46}},"50":{"start":{"line":51,"column":0},"end":{"line":51,"column":14187}},"51":{"start":{"line":52,"column":0},"end":{"line":52,"column":155}},"52":{"start":{"line":53,"column":0},"end":{"line":53,"column":62}},"53":{"start":{"line":54,"column":0},"end":{"line":54,"column":80}},"54":{"start":{"line":55,"column":0},"end":{"line":55,"column":34}},"55":{"start":{"line":56,"column":0},"end":{"line":56,"column":22573}},"56":{"start":{"line":57,"column":0},"end":{"line":57,"column":24662}},"57":{"start":{"line":58,"column":0},"end":{"line":58,"column":10}},"58":{"start":{"line":59,"column":0},"end":{"line":59,"column":24}},"59":{"start":{"line":60,"column":0},"end":{"line":60,"column":2115}},"60":{"start":{"line":61,"column":0},"end":{"line":61,"column":95876}},"61":{"start":{"line":62,"column":0},"end":{"line":62,"column":34119}},"63":{"start":{"line":64,"column":0},"end":{"line":64,"column":25}},"64":{"start":{"line":65,"column":0},"end":{"line":65,"column":126}},"65":{"start":{"line":66,"column":0},"end":{"line":66,"column":254}},"67":{"start":{"line":68,"column":0},"end":{"line":68,"column":25}},"68":{"start":{"line":69,"column":0},"end":{"line":69,"column":28484}},"69":{"start":{"line":70,"column":0},"end":{"line":70,"column":54}},"70":{"start":{"line":71,"column":0},"end":{"line":71,"column":76}},"71":{"start":{"line":72,"column":0},"end":{"line":72,"column":71}},"72":{"start":{"line":73,"column":0},"end":{"line":73,"column":70}},"73":{"start":{"line":74,"column":0},"end":{"line":74,"column":30}},"75":{"start":{"line":76,"column":0},"end":{"line":76,"column":65}},"76":{"start":{"line":77,"column":0},"end":{"line":77,"column":2}},"78":{"start":{"line":79,"column":0},"end":{"line":79,"column":7}},"79":{"start":{"line":80,"column":0},"end":{"line":80,"column":20}},"80":{"start":{"line":81,"column":0},"end":{"line":81,"column":61}},"81":{"start":{"line":82,"column":0},"end":{"line":82,"column":59}},"82":{"start":{"line":83,"column":0},"end":{"line":83,"column":13}},"83":{"start":{"line":84,"column":0},"end":{"line":84,"column":14}},"84":{"start":{"line":85,"column":0},"end":{"line":85,"column":15}},"85":{"start":{"line":86,"column":0},"end":{"line":86,"column":21}},"86":{"start":{"line":87,"column":0},"end":{"line":87,"column":25}},"87":{"start":{"line":88,"column":0},"end":{"line":88,"column":47}},"88":{"start":{"line":89,"column":0},"end":{"line":89,"column":83}},"89":{"start":{"line":90,"column":0},"end":{"line":90,"column":12}},"90":{"start":{"line":91,"column":0},"end":{"line":91,"column":20}},"91":{"start":{"line":92,"column":0},"end":{"line":92,"column":21}},"92":{"start":{"line":93,"column":0},"end":{"line":93,"column":14}},"93":{"start":{"line":94,"column":0},"end":{"line":94,"column":25}},"94":{"start":{"line":95,"column":0},"end":{"line":95,"column":1}},"96":{"start":{"line":97,"column":0},"end":{"line":97,"column":16}},"97":{"start":{"line":98,"column":0},"end":{"line":98,"column":20}},"98":{"start":{"line":99,"column":0},"end":{"line":99,"column":13}},"99":{"start":{"line":100,"column":0},"end":{"line":100,"column":14}},"100":{"start":{"line":101,"column":0},"end":{"line":101,"column":21}},"101":{"start":{"line":102,"column":0},"end":{"line":102,"column":17}},"102":{"start":{"line":103,"column":0},"end":{"line":103,"column":29}},"103":{"start":{"line":104,"column":0},"end":{"line":104,"column":14}},"104":{"start":{"line":105,"column":0},"end":{"line":105,"column":11}},"105":{"start":{"line":106,"column":0},"end":{"line":106,"column":12}},"106":{"start":{"line":107,"column":0},"end":{"line":107,"column":32}},"107":{"start":{"line":108,"column":0},"end":{"line":108,"column":1}},"109":{"start":{"line":110,"column":0},"end":{"line":110,"column":26}},"110":{"start":{"line":111,"column":0},"end":{"line":111,"column":48}},"111":{"start":{"line":112,"column":0},"end":{"line":112,"column":1}},"113":{"start":{"line":114,"column":0},"end":{"line":114,"column":27}},"114":{"start":{"line":115,"column":0},"end":{"line":115,"column":32}},"115":{"start":{"line":116,"column":0},"end":{"line":116,"column":58}},"116":{"start":{"line":117,"column":0},"end":{"line":117,"column":12}},"117":{"start":{"line":118,"column":0},"end":{"line":118,"column":14}},"118":{"start":{"line":119,"column":0},"end":{"line":119,"column":1}},"120":{"start":{"line":121,"column":0},"end":{"line":121,"column":36}},"121":{"start":{"line":122,"column":0},"end":{"line":122,"column":12}},"122":{"start":{"line":123,"column":0},"end":{"line":123,"column":14}},"123":{"start":{"line":124,"column":0},"end":{"line":124,"column":1}},"125":{"start":{"line":126,"column":0},"end":{"line":126,"column":40}},"126":{"start":{"line":127,"column":0},"end":{"line":127,"column":18}},"127":{"start":{"line":128,"column":0},"end":{"line":128,"column":20}},"128":{"start":{"line":129,"column":0},"end":{"line":129,"column":21}},"129":{"start":{"line":130,"column":0},"end":{"line":130,"column":17}},"130":{"start":{"line":131,"column":0},"end":{"line":131,"column":29}},"131":{"start":{"line":132,"column":0},"end":{"line":132,"column":14}},"132":{"start":{"line":133,"column":0},"end":{"line":133,"column":11}},"133":{"start":{"line":134,"column":0},"end":{"line":134,"column":12}},"134":{"start":{"line":135,"column":0},"end":{"line":135,"column":31}},"135":{"start":{"line":136,"column":0},"end":{"line":136,"column":17}},"136":{"start":{"line":137,"column":0},"end":{"line":137,"column":18}},"137":{"start":{"line":138,"column":0},"end":{"line":138,"column":20}},"138":{"start":{"line":139,"column":0},"end":{"line":139,"column":1}},"140":{"start":{"line":141,"column":0},"end":{"line":141,"column":60}},"141":{"start":{"line":142,"column":0},"end":{"line":142,"column":15}},"142":{"start":{"line":143,"column":0},"end":{"line":143,"column":1}},"144":{"start":{"line":145,"column":0},"end":{"line":145,"column":23}},"145":{"start":{"line":146,"column":0},"end":{"line":146,"column":17}},"146":{"start":{"line":147,"column":0},"end":{"line":147,"column":23}},"147":{"start":{"line":148,"column":0},"end":{"line":148,"column":2}},"149":{"start":{"line":150,"column":0},"end":{"line":150,"column":14}},"150":{"start":{"line":151,"column":0},"end":{"line":151,"column":47}},"151":{"start":{"line":152,"column":0},"end":{"line":152,"column":48}},"152":{"start":{"line":153,"column":0},"end":{"line":153,"column":26}},"153":{"start":{"line":154,"column":0},"end":{"line":154,"column":2}},"155":{"start":{"line":156,"column":0},"end":{"line":156,"column":23}},"156":{"start":{"line":157,"column":0},"end":{"line":157,"column":57}},"157":{"start":{"line":158,"column":0},"end":{"line":158,"column":25}},"158":{"start":{"line":159,"column":0},"end":{"line":159,"column":2}},"160":{"start":{"line":161,"column":0},"end":{"line":161,"column":31}},"161":{"start":{"line":162,"column":0},"end":{"line":162,"column":13}},"162":{"start":{"line":163,"column":0},"end":{"line":163,"column":2}},"163":{"start":{"line":164,"column":0},"end":{"line":164,"column":1}},"165":{"start":{"line":166,"column":0},"end":{"line":166,"column":30}},"166":{"start":{"line":167,"column":0},"end":{"line":167,"column":5}},"167":{"start":{"line":168,"column":0},"end":{"line":168,"column":18}},"168":{"start":{"line":169,"column":0},"end":{"line":169,"column":15}},"169":{"start":{"line":170,"column":0},"end":{"line":170,"column":23}},"170":{"start":{"line":171,"column":0},"end":{"line":171,"column":2}},"171":{"start":{"line":172,"column":0},"end":{"line":172,"column":7}},"172":{"start":{"line":173,"column":0},"end":{"line":173,"column":18}},"173":{"start":{"line":174,"column":0},"end":{"line":174,"column":13}},"174":{"start":{"line":175,"column":0},"end":{"line":175,"column":22}},"175":{"start":{"line":176,"column":0},"end":{"line":176,"column":2}},"176":{"start":{"line":177,"column":0},"end":{"line":177,"column":37677}},"177":{"start":{"line":178,"column":0},"end":{"line":178,"column":21}},"178":{"start":{"line":179,"column":0},"end":{"line":179,"column":76}},"179":{"start":{"line":180,"column":0},"end":{"line":180,"column":123}},"180":{"start":{"line":181,"column":0},"end":{"line":181,"column":49595}},"181":{"start":{"line":182,"column":0},"end":{"line":182,"column":13848}},"182":{"start":{"line":183,"column":0},"end":{"line":183,"column":1726}},"183":{"start":{"line":184,"column":0},"end":{"line":184,"column":23954}},"184":{"start":{"line":185,"column":0},"end":{"line":185,"column":43886}},"185":{"start":{"line":186,"column":0},"end":{"line":186,"column":28678}},"187":{"start":{"line":188,"column":0},"end":{"line":188,"column":260}},"188":{"start":{"line":189,"column":0},"end":{"line":189,"column":56825}},"189":{"start":{"line":190,"column":0},"end":{"line":190,"column":16843}},"191":{"start":{"line":192,"column":0},"end":{"line":192,"column":40081}},"192":{"start":{"line":193,"column":0},"end":{"line":193,"column":73}},"193":{"start":{"line":194,"column":0},"end":{"line":194,"column":84}},"194":{"start":{"line":195,"column":0},"end":{"line":195,"column":117}},"195":{"start":{"line":196,"column":0},"end":{"line":196,"column":48040}},"196":{"start":{"line":197,"column":0},"end":{"line":197,"column":19}},"197":{"start":{"line":198,"column":0},"end":{"line":198,"column":34}},"198":{"start":{"line":199,"column":0},"end":{"line":199,"column":48}},"199":{"start":{"line":200,"column":0},"end":{"line":200,"column":3}},"200":{"start":{"line":201,"column":0},"end":{"line":201,"column":24}},"201":{"start":{"line":202,"column":0},"end":{"line":202,"column":35}},"202":{"start":{"line":203,"column":0},"end":{"line":203,"column":33}},"203":{"start":{"line":204,"column":0},"end":{"line":204,"column":69}},"204":{"start":{"line":205,"column":0},"end":{"line":205,"column":33}},"205":{"start":{"line":206,"column":0},"end":{"line":206,"column":33}},"206":{"start":{"line":207,"column":0},"end":{"line":207,"column":35}},"207":{"start":{"line":208,"column":0},"end":{"line":208,"column":18}},"208":{"start":{"line":209,"column":0},"end":{"line":209,"column":17}},"209":{"start":{"line":210,"column":0},"end":{"line":210,"column":48}},"210":{"start":{"line":211,"column":0},"end":{"line":211,"column":97}},"211":{"start":{"line":212,"column":0},"end":{"line":212,"column":3}},"212":{"start":{"line":213,"column":0},"end":{"line":213,"column":2}},"213":{"start":{"line":214,"column":0},"end":{"line":214,"column":19}},"214":{"start":{"line":215,"column":0},"end":{"line":215,"column":41}},"215":{"start":{"line":216,"column":0},"end":{"line":216,"column":3}},"216":{"start":{"line":217,"column":0},"end":{"line":217,"column":2}},"217":{"start":{"line":218,"column":0},"end":{"line":218,"column":19}},"218":{"start":{"line":219,"column":0},"end":{"line":219,"column":48}},"219":{"start":{"line":220,"column":0},"end":{"line":220,"column":3}},"220":{"start":{"line":221,"column":0},"end":{"line":221,"column":2}},"221":{"start":{"line":222,"column":0},"end":{"line":222,"column":35}},"222":{"start":{"line":223,"column":0},"end":{"line":223,"column":27}},"223":{"start":{"line":224,"column":0},"end":{"line":224,"column":3}},"224":{"start":{"line":225,"column":0},"end":{"line":225,"column":2}},"225":{"start":{"line":226,"column":0},"end":{"line":226,"column":35}},"226":{"start":{"line":227,"column":0},"end":{"line":227,"column":34}},"227":{"start":{"line":228,"column":0},"end":{"line":228,"column":3}},"228":{"start":{"line":229,"column":0},"end":{"line":229,"column":2}},"229":{"start":{"line":230,"column":0},"end":{"line":230,"column":24}},"230":{"start":{"line":231,"column":0},"end":{"line":231,"column":37}},"231":{"start":{"line":232,"column":0},"end":{"line":232,"column":3}},"232":{"start":{"line":233,"column":0},"end":{"line":233,"column":2237}},"233":{"start":{"line":234,"column":0},"end":{"line":234,"column":59}},"234":{"start":{"line":235,"column":0},"end":{"line":235,"column":59}},"235":{"start":{"line":236,"column":0},"end":{"line":236,"column":8847}},"237":{"start":{"line":238,"column":0},"end":{"line":238,"column":94}},"239":{"start":{"line":240,"column":0},"end":{"line":240,"column":141888}},"240":{"start":{"line":241,"column":0},"end":{"line":241,"column":10}},"241":{"start":{"line":242,"column":0},"end":{"line":242,"column":18}},"242":{"start":{"line":243,"column":0},"end":{"line":243,"column":4}},"244":{"start":{"line":245,"column":0},"end":{"line":245,"column":14}},"245":{"start":{"line":246,"column":0},"end":{"line":246,"column":20}},"246":{"start":{"line":247,"column":0},"end":{"line":247,"column":17}},"247":{"start":{"line":248,"column":0},"end":{"line":248,"column":19}},"248":{"start":{"line":249,"column":0},"end":{"line":249,"column":4}},"250":{"start":{"line":251,"column":0},"end":{"line":251,"column":23}},"251":{"start":{"line":252,"column":0},"end":{"line":252,"column":16}},"252":{"start":{"line":253,"column":0},"end":{"line":253,"column":22}},"253":{"start":{"line":254,"column":0},"end":{"line":254,"column":18}},"254":{"start":{"line":255,"column":0},"end":{"line":255,"column":15}},"255":{"start":{"line":256,"column":0},"end":{"line":256,"column":5}},"257":{"start":{"line":258,"column":0},"end":{"line":258,"column":10}},"258":{"start":{"line":259,"column":0},"end":{"line":259,"column":24}},"259":{"start":{"line":260,"column":0},"end":{"line":260,"column":5}},"261":{"start":{"line":262,"column":0},"end":{"line":262,"column":14}},"262":{"start":{"line":263,"column":0},"end":{"line":263,"column":19}},"263":{"start":{"line":264,"column":0},"end":{"line":264,"column":5}},"265":{"start":{"line":266,"column":0},"end":{"line":266,"column":21}},"266":{"start":{"line":267,"column":0},"end":{"line":267,"column":19}},"267":{"start":{"line":268,"column":0},"end":{"line":268,"column":5}},"269":{"start":{"line":270,"column":0},"end":{"line":270,"column":11}},"270":{"start":{"line":271,"column":0},"end":{"line":271,"column":31}},"271":{"start":{"line":272,"column":0},"end":{"line":272,"column":23}},"272":{"start":{"line":273,"column":0},"end":{"line":273,"column":22}},"273":{"start":{"line":274,"column":0},"end":{"line":274,"column":18}},"274":{"start":{"line":275,"column":0},"end":{"line":275,"column":21}},"275":{"start":{"line":276,"column":0},"end":{"line":276,"column":5}},"277":{"start":{"line":278,"column":0},"end":{"line":278,"column":17}},"278":{"start":{"line":279,"column":0},"end":{"line":279,"column":19}},"279":{"start":{"line":280,"column":0},"end":{"line":280,"column":19}},"280":{"start":{"line":281,"column":0},"end":{"line":281,"column":22}},"281":{"start":{"line":282,"column":0},"end":{"line":282,"column":28}},"282":{"start":{"line":283,"column":0},"end":{"line":283,"column":30}},"283":{"start":{"line":284,"column":0},"end":{"line":284,"column":24}},"284":{"start":{"line":285,"column":0},"end":{"line":285,"column":22}},"285":{"start":{"line":286,"column":0},"end":{"line":286,"column":18}},"286":{"start":{"line":287,"column":0},"end":{"line":287,"column":5}},"288":{"start":{"line":289,"column":0},"end":{"line":289,"column":23}},"289":{"start":{"line":290,"column":0},"end":{"line":290,"column":13}},"290":{"start":{"line":291,"column":0},"end":{"line":291,"column":19}},"291":{"start":{"line":292,"column":0},"end":{"line":292,"column":25}},"292":{"start":{"line":293,"column":0},"end":{"line":293,"column":29}},"293":{"start":{"line":294,"column":0},"end":{"line":294,"column":22}},"294":{"start":{"line":295,"column":0},"end":{"line":295,"column":5}},"296":{"start":{"line":297,"column":0},"end":{"line":297,"column":25}},"297":{"start":{"line":298,"column":0},"end":{"line":298,"column":19}},"298":{"start":{"line":299,"column":0},"end":{"line":299,"column":5}},"300":{"start":{"line":301,"column":0},"end":{"line":301,"column":25}},"301":{"start":{"line":302,"column":0},"end":{"line":302,"column":19}},"302":{"start":{"line":303,"column":0},"end":{"line":303,"column":23}},"303":{"start":{"line":304,"column":0},"end":{"line":304,"column":5}},"305":{"start":{"line":306,"column":0},"end":{"line":306,"column":31}},"306":{"start":{"line":307,"column":0},"end":{"line":307,"column":19}},"307":{"start":{"line":308,"column":0},"end":{"line":308,"column":5}},"309":{"start":{"line":310,"column":0},"end":{"line":310,"column":4}},"310":{"start":{"line":311,"column":0},"end":{"line":311,"column":4}},"312":{"start":{"line":313,"column":0},"end":{"line":313,"column":253}},"313":{"start":{"line":314,"column":0},"end":{"line":314,"column":40}},"314":{"start":{"line":315,"column":0},"end":{"line":315,"column":56}},"315":{"start":{"line":316,"column":0},"end":{"line":316,"column":14}},"316":{"start":{"line":317,"column":0},"end":{"line":317,"column":38}},"317":{"start":{"line":318,"column":0},"end":{"line":318,"column":14}},"318":{"start":{"line":319,"column":0},"end":{"line":319,"column":14}},"319":{"start":{"line":320,"column":0},"end":{"line":320,"column":75}},"320":{"start":{"line":321,"column":0},"end":{"line":321,"column":18}},"321":{"start":{"line":322,"column":0},"end":{"line":322,"column":14}},"322":{"start":{"line":323,"column":0},"end":{"line":323,"column":72061}},"323":{"start":{"line":324,"column":0},"end":{"line":324,"column":26}},"324":{"start":{"line":325,"column":0},"end":{"line":325,"column":2}},"325":{"start":{"line":326,"column":0},"end":{"line":326,"column":30}},"327":{"start":{"line":328,"column":0},"end":{"line":328,"column":31}},"329":{"start":{"line":330,"column":0},"end":{"line":330,"column":28}},"330":{"start":{"line":331,"column":0},"end":{"line":331,"column":70}},"331":{"start":{"line":332,"column":0},"end":{"line":332,"column":15}},"332":{"start":{"line":333,"column":0},"end":{"line":333,"column":51}},"333":{"start":{"line":334,"column":0},"end":{"line":334,"column":85}},"334":{"start":{"line":335,"column":0},"end":{"line":335,"column":1}},"335":{"start":{"line":336,"column":0},"end":{"line":336,"column":30}},"336":{"start":{"line":337,"column":0},"end":{"line":337,"column":35}},"337":{"start":{"line":338,"column":0},"end":{"line":338,"column":1}},"338":{"start":{"line":339,"column":0},"end":{"line":339,"column":44}},"339":{"start":{"line":340,"column":0},"end":{"line":340,"column":35}},"340":{"start":{"line":341,"column":0},"end":{"line":341,"column":1}},"341":{"start":{"line":342,"column":0},"end":{"line":342,"column":52}},"342":{"start":{"line":343,"column":0},"end":{"line":343,"column":254}},"343":{"start":{"line":344,"column":0},"end":{"line":344,"column":26}},"344":{"start":{"line":345,"column":0},"end":{"line":345,"column":2}},"345":{"start":{"line":346,"column":0},"end":{"line":346,"column":24}},"346":{"start":{"line":347,"column":0},"end":{"line":347,"column":23}},"348":{"start":{"line":349,"column":0},"end":{"line":349,"column":15}},"349":{"start":{"line":350,"column":0},"end":{"line":350,"column":25}},"350":{"start":{"line":351,"column":0},"end":{"line":351,"column":68167}},"352":{"start":{"line":353,"column":0},"end":{"line":353,"column":539}},"354":{"start":{"line":355,"column":0},"end":{"line":355,"column":95764}},"355":{"start":{"line":356,"column":0},"end":{"line":356,"column":24}},"356":{"start":{"line":357,"column":0},"end":{"line":357,"column":26}},"357":{"start":{"line":358,"column":0},"end":{"line":358,"column":430}},"358":{"start":{"line":359,"column":0},"end":{"line":359,"column":26}},"359":{"start":{"line":360,"column":0},"end":{"line":360,"column":26}},"360":{"start":{"line":361,"column":0},"end":{"line":361,"column":416}},"361":{"start":{"line":362,"column":0},"end":{"line":362,"column":26}},"362":{"start":{"line":363,"column":0},"end":{"line":363,"column":25}},"363":{"start":{"line":364,"column":0},"end":{"line":364,"column":446}},"364":{"start":{"line":365,"column":0},"end":{"line":365,"column":26}},"365":{"start":{"line":366,"column":0},"end":{"line":366,"column":25}},"366":{"start":{"line":367,"column":0},"end":{"line":367,"column":44813}},"368":{"start":{"line":369,"column":0},"end":{"line":369,"column":15900}},"369":{"start":{"line":370,"column":0},"end":{"line":370,"column":16852}},"370":{"start":{"line":371,"column":0},"end":{"line":371,"column":21}},"371":{"start":{"line":372,"column":0},"end":{"line":372,"column":1}},"373":{"start":{"line":374,"column":0},"end":{"line":374,"column":14}},"374":{"start":{"line":375,"column":0},"end":{"line":375,"column":24}},"375":{"start":{"line":376,"column":0},"end":{"line":376,"column":24}},"376":{"start":{"line":377,"column":0},"end":{"line":377,"column":28}},"377":{"start":{"line":378,"column":0},"end":{"line":378,"column":39}},"378":{"start":{"line":379,"column":0},"end":{"line":379,"column":31}},"379":{"start":{"line":380,"column":0},"end":{"line":380,"column":79}},"380":{"start":{"line":381,"column":0},"end":{"line":381,"column":1}},"382":{"start":{"line":383,"column":0},"end":{"line":383,"column":40}},"383":{"start":{"line":384,"column":0},"end":{"line":384,"column":22}},"384":{"start":{"line":385,"column":0},"end":{"line":385,"column":1}},"386":{"start":{"line":387,"column":0},"end":{"line":387,"column":65}},"387":{"start":{"line":388,"column":0},"end":{"line":388,"column":24}},"388":{"start":{"line":389,"column":0},"end":{"line":389,"column":1}},"390":{"start":{"line":391,"column":0},"end":{"line":391,"column":18}},"391":{"start":{"line":392,"column":0},"end":{"line":392,"column":24}},"392":{"start":{"line":393,"column":0},"end":{"line":393,"column":1}},"394":{"start":{"line":395,"column":0},"end":{"line":395,"column":27}},"395":{"start":{"line":396,"column":0},"end":{"line":396,"column":29}},"396":{"start":{"line":397,"column":0},"end":{"line":397,"column":26}},"397":{"start":{"line":398,"column":0},"end":{"line":398,"column":23}},"398":{"start":{"line":399,"column":0},"end":{"line":399,"column":22}},"399":{"start":{"line":400,"column":0},"end":{"line":400,"column":23}},"400":{"start":{"line":401,"column":0},"end":{"line":401,"column":1}},"402":{"start":{"line":403,"column":0},"end":{"line":403,"column":24}},"403":{"start":{"line":404,"column":0},"end":{"line":404,"column":16}},"404":{"start":{"line":405,"column":0},"end":{"line":405,"column":23}},"405":{"start":{"line":406,"column":0},"end":{"line":406,"column":21}},"406":{"start":{"line":407,"column":0},"end":{"line":407,"column":12}},"407":{"start":{"line":408,"column":0},"end":{"line":408,"column":1}},"409":{"start":{"line":410,"column":0},"end":{"line":410,"column":30}},"410":{"start":{"line":411,"column":0},"end":{"line":411,"column":14}},"411":{"start":{"line":412,"column":0},"end":{"line":412,"column":17}},"412":{"start":{"line":413,"column":0},"end":{"line":413,"column":21}},"413":{"start":{"line":414,"column":0},"end":{"line":414,"column":12}},"414":{"start":{"line":415,"column":0},"end":{"line":415,"column":14}},"415":{"start":{"line":416,"column":0},"end":{"line":416,"column":30}},"416":{"start":{"line":417,"column":0},"end":{"line":417,"column":68}},"417":{"start":{"line":418,"column":0},"end":{"line":418,"column":1}},"419":{"start":{"line":420,"column":0},"end":{"line":420,"column":37}},"420":{"start":{"line":421,"column":0},"end":{"line":421,"column":6}},"421":{"start":{"line":422,"column":0},"end":{"line":422,"column":23}},"422":{"start":{"line":423,"column":0},"end":{"line":423,"column":3}},"423":{"start":{"line":424,"column":0},"end":{"line":424,"column":1}},"425":{"start":{"line":426,"column":0},"end":{"line":426,"column":41}},"426":{"start":{"line":427,"column":0},"end":{"line":427,"column":26}},"427":{"start":{"line":428,"column":0},"end":{"line":428,"column":1}},"429":{"start":{"line":430,"column":0},"end":{"line":430,"column":46}},"430":{"start":{"line":431,"column":0},"end":{"line":431,"column":26}},"431":{"start":{"line":432,"column":0},"end":{"line":432,"column":1}},"433":{"start":{"line":434,"column":0},"end":{"line":434,"column":30}},"434":{"start":{"line":435,"column":0},"end":{"line":435,"column":27}},"435":{"start":{"line":436,"column":0},"end":{"line":436,"column":1}},"437":{"start":{"line":438,"column":0},"end":{"line":438,"column":45}},"438":{"start":{"line":439,"column":0},"end":{"line":439,"column":17}},"439":{"start":{"line":440,"column":0},"end":{"line":440,"column":8623}},"441":{"start":{"line":442,"column":0},"end":{"line":442,"column":6550}},"443":{"start":{"line":444,"column":0},"end":{"line":444,"column":21}},"445":{"start":{"line":446,"column":0},"end":{"line":446,"column":4}},"447":{"start":{"line":448,"column":0},"end":{"line":448,"column":1663}},"448":{"start":{"line":449,"column":0},"end":{"line":449,"column":166}},"449":{"start":{"line":450,"column":0},"end":{"line":450,"column":95}},"450":{"start":{"line":451,"column":0},"end":{"line":451,"column":239}},"451":{"start":{"line":452,"column":0},"end":{"line":452,"column":126}},"452":{"start":{"line":453,"column":0},"end":{"line":453,"column":95}},"453":{"start":{"line":454,"column":0},"end":{"line":454,"column":402}},"454":{"start":{"line":455,"column":0},"end":{"line":455,"column":34}},"455":{"start":{"line":456,"column":0},"end":{"line":456,"column":24}},"456":{"start":{"line":457,"column":0},"end":{"line":457,"column":3536}},"457":{"start":{"line":458,"column":0},"end":{"line":458,"column":54}},"458":{"start":{"line":459,"column":0},"end":{"line":459,"column":14}},"459":{"start":{"line":460,"column":0},"end":{"line":460,"column":4}},"460":{"start":{"line":461,"column":0},"end":{"line":461,"column":2851}},"461":{"start":{"line":462,"column":0},"end":{"line":462,"column":16}},"463":{"start":{"line":464,"column":0},"end":{"line":464,"column":778}},"464":{"start":{"line":465,"column":0},"end":{"line":465,"column":3}},"465":{"start":{"line":466,"column":0},"end":{"line":466,"column":10}},"466":{"start":{"line":467,"column":0},"end":{"line":467,"column":21}},"467":{"start":{"line":468,"column":0},"end":{"line":468,"column":360}},"468":{"start":{"line":469,"column":0},"end":{"line":469,"column":3}},"469":{"start":{"line":470,"column":0},"end":{"line":470,"column":10}},"470":{"start":{"line":471,"column":0},"end":{"line":471,"column":392}},"471":{"start":{"line":472,"column":0},"end":{"line":472,"column":3}},"472":{"start":{"line":473,"column":0},"end":{"line":473,"column":10}},"473":{"start":{"line":474,"column":0},"end":{"line":474,"column":117}},"474":{"start":{"line":475,"column":0},"end":{"line":475,"column":290}},"476":{"start":{"line":477,"column":0},"end":{"line":477,"column":998}},"477":{"start":{"line":478,"column":0},"end":{"line":478,"column":343}},"479":{"start":{"line":480,"column":0},"end":{"line":480,"column":310}},"480":{"start":{"line":481,"column":0},"end":{"line":481,"column":25}},"481":{"start":{"line":482,"column":0},"end":{"line":482,"column":12906}},"482":{"start":{"line":483,"column":0},"end":{"line":483,"column":8114}},"483":{"start":{"line":484,"column":0},"end":{"line":484,"column":59}},"484":{"start":{"line":485,"column":0},"end":{"line":485,"column":31}},"485":{"start":{"line":486,"column":0},"end":{"line":486,"column":7724}},"486":{"start":{"line":487,"column":0},"end":{"line":487,"column":5206}},"487":{"start":{"line":488,"column":0},"end":{"line":488,"column":42}},"488":{"start":{"line":489,"column":0},"end":{"line":489,"column":101}},"489":{"start":{"line":490,"column":0},"end":{"line":490,"column":142}},"490":{"start":{"line":491,"column":0},"end":{"line":491,"column":133}},"491":{"start":{"line":492,"column":0},"end":{"line":492,"column":275}},"492":{"start":{"line":493,"column":0},"end":{"line":493,"column":1435}},"493":{"start":{"line":494,"column":0},"end":{"line":494,"column":195}},"494":{"start":{"line":495,"column":0},"end":{"line":495,"column":181}},"495":{"start":{"line":496,"column":0},"end":{"line":496,"column":4638}},"496":{"start":{"line":497,"column":0},"end":{"line":497,"column":29973}},"497":{"start":{"line":498,"column":0},"end":{"line":498,"column":580}},"498":{"start":{"line":499,"column":0},"end":{"line":499,"column":66}},"499":{"start":{"line":500,"column":0},"end":{"line":500,"column":10}},"500":{"start":{"line":501,"column":0},"end":{"line":501,"column":24}},"501":{"start":{"line":502,"column":0},"end":{"line":502,"column":251}},"502":{"start":{"line":503,"column":0},"end":{"line":503,"column":185}},"503":{"start":{"line":504,"column":0},"end":{"line":504,"column":5150}},"504":{"start":{"line":505,"column":0},"end":{"line":505,"column":33746}},"505":{"start":{"line":506,"column":0},"end":{"line":506,"column":978}},"506":{"start":{"line":507,"column":0},"end":{"line":507,"column":14734}},"507":{"start":{"line":508,"column":0},"end":{"line":508,"column":28}},"508":{"start":{"line":509,"column":0},"end":{"line":509,"column":36489}},"509":{"start":{"line":510,"column":0},"end":{"line":510,"column":9}},"510":{"start":{"line":511,"column":0},"end":{"line":511,"column":10}},"511":{"start":{"line":512,"column":0},"end":{"line":512,"column":27}},"512":{"start":{"line":513,"column":0},"end":{"line":513,"column":11}},"513":{"start":{"line":514,"column":0},"end":{"line":514,"column":10}},"514":{"start":{"line":515,"column":0},"end":{"line":515,"column":64}},"515":{"start":{"line":516,"column":0},"end":{"line":516,"column":28}},"516":{"start":{"line":517,"column":0},"end":{"line":517,"column":24}},"517":{"start":{"line":518,"column":0},"end":{"line":518,"column":52}},"518":{"start":{"line":519,"column":0},"end":{"line":519,"column":54}},"519":{"start":{"line":520,"column":0},"end":{"line":520,"column":112}},"520":{"start":{"line":521,"column":0},"end":{"line":521,"column":13}},"521":{"start":{"line":522,"column":0},"end":{"line":522,"column":11}},"522":{"start":{"line":523,"column":0},"end":{"line":523,"column":499}},"523":{"start":{"line":524,"column":0},"end":{"line":524,"column":30632}},"524":{"start":{"line":525,"column":0},"end":{"line":525,"column":10210}},"525":{"start":{"line":526,"column":0},"end":{"line":526,"column":98}},"526":{"start":{"line":527,"column":0},"end":{"line":527,"column":85996}},"527":{"start":{"line":528,"column":0},"end":{"line":528,"column":21993}}},"s":{"0":0,"1":0,"2":0,"3":0,"4":0,"5":0,"6":0,"7":0,"8":0,"9":0,"10":0,"11":0,"12":0,"13":0,"14":0,"15":0,"16":0,"17":0,"18":0,"19":0,"20":0,"21":0,"22":0,"23":0,"24":0,"25":0,"26":0,"27":0,"28":0,"29":0,"30":0,"31":0,"32":0,"33":0,"34":0,"35":0,"36":0,"37":0,"38":0,"39":0,"40":0,"41":0,"42":0,"44":0,"45":0,"46":0,"48":0,"49":0,"50":0,"51":0,"52":0,"53":0,"54":0,"55":0,"56":0,"57":0,"58":0,"59":0,"60":0,"61":0,"63":0,"64":0,"65":0,"67":0,"68":0,"69":0,"70":0,"71":0,"72":0,"73":0,"75":0,"76":0,"78":0,"79":0,"80":0,"81":0,"82":0,"83":0,"84":0,"85":0,"86":0,"87":0,"88":0,"89":0,"90":0,"91":0,"92":0,"93":0,"94":0,"96":0,"97":0,"98":0,"99":0,"100":0,"101":0,"102":0,"103":0,"104":0,"105":0,"106":0,"107":0,"109":0,"110":0,"111":0,"113":0,"114":0,"115":0,"116":0,"117":0,"118":0,"120":0,"121":0,"122":0,"123":0,"125":0,"126":0,"127":0,"128":0,"129":0,"130":0,"131":0,"132":0,"133":0,"134":0,"135":0,"136":0,"137":0,"138":0,"140":0,"141":0,"142":0,"144":0,"145":0,"146":0,"147":0,"149":0,"150":0,"151":0,"152":0,"153":0,"155":0,"156":0,"157":0,"158":0,"160":0,"161":0,"162":0,"163":0,"165":0,"166":0,"167":0,"168":0,"169":0,"170":0,"171":0,"172":0,"173":0,"174":0,"175":0,"176":0,"177":0,"178":0,"179":0,"180":0,"181":0,"182":0,"183":0,"184":0,"185":0,"187":0,"188":0,"189":0,"191":0,"192":0,"193":0,"194":0,"195":0,"196":0,"197":0,"198":0,"199":0,"200":0,"201":0,"202":0,"203":0,"204":0,"205":0,"206":0,"207":0,"208":0,"209":0,"210":0,"211":0,"212":0,"213":0,"214":0,"215":0,"216":0,"217":0,"218":0,"219":0,"220":0,"221":0,"222":0,"223":0,"224":0,"225":0,"226":0,"227":0,"228":0,"229":0,"230":0,"231":0,"232":0,"233":0,"234":0,"235":0,"237":0,"239":0,"240":0,"241":0,"242":0,"244":0,"245":0,"246":0,"247":0,"248":0,"250":0,"251":0,"252":0,"253":0,"254":0,"255":0,"257":0,"258":0,"259":0,"261":0,"262":0,"263":0,"265":0,"266":0,"267":0,"269":0,"270":0,"271":0,"272":0,"273":0,"274":0,"275":0,"277":0,"278":0,"279":0,"280":0,"281":0,"282":0,"283":0,"284":0,"285":0,"286":0,"288":0,"289":0,"290":0,"291":0,"292":0,"293":0,"294":0,"296":0,"297":0,"298":0,"300":0,"301":0,"302":0,"303":0,"305":0,"306":0,"307":0,"309":0,"310":0,"312":0,"313":0,"314":0,"315":0,"316":0,"317":0,"318":0,"319":0,"320":0,"321":0,"322":0,"323":0,"324":0,"325":0,"327":0,"329":0,"330":0,"331":0,"332":0,"333":0,"334":0,"335":0,"336":0,"337":0,"338":0,"339":0,"340":0,"341":0,"342":0,"343":0,"344":0,"345":0,"346":0,"348":0,"349":0,"350":0,"352":0,"354":0,"355":0,"356":0,"357":0,"358":0,"359":0,"360":0,"361":0,"362":0,"363":0,"364":0,"365":0,"366":0,"368":0,"369":0,"370":0,"371":0,"373":0,"374":0,"375":0,"376":0,"377":0,"378":0,"379":0,"380":0,"382":0,"383":0,"384":0,"386":0,"387":0,"388":0,"390":0,"391":0,"392":0,"394":0,"395":0,"396":0,"397":0,"398":0,"399":0,"400":0,"402":0,"403":0,"404":0,"405":0,"406":0,"407":0,"409":0,"410":0,"411":0,"412":0,"413":0,"414":0,"415":0,"416":0,"417":0,"419":0,"420":0,"421":0,"422":0,"423":0,"425":0,"426":0,"427":0,"429":0,"430":0,"431":0,"433":0,"434":0,"435":0,"437":0,"438":0,"439":0,"441":0,"443":0,"445":0,"447":0,"448":0,"449":0,"450":0,"451":0,"452":0,"453":0,"454":0,"455":0,"456":0,"457":0,"458":0,"459":0,"460":0,"461":0,"463":0,"464":0,"465":0,"466":0,"467":0,"468":0,"469":0,"470":0,"471":0,"472":0,"473":0,"474":0,"476":0,"477":0,"479":0,"480":0,"481":0,"482":0,"483":0,"484":0,"485":0,"486":0,"487":0,"488":0,"489":0,"490":0,"491":0,"492":0,"493":0,"494":0,"495":0,"496":0,"497":0,"498":0,"499":0,"500":0,"501":0,"502":0,"503":0,"504":0,"505":0,"506":0,"507":0,"508":0,"509":0,"510":0,"511":0,"512":0,"513":0,"514":0,"515":0,"516":0,"517":0,"518":0,"519":0,"520":0,"521":0,"522":0,"523":0,"524":0,"525":0,"526":0,"527":0},"branchMap":{"0":{"type":"branch","line":1,"loc":{"start":{"line":1,"column":0},"end":{"line":528,"column":-44213}},"locations":[{"start":{"line":1,"column":0},"end":{"line":528,"column":-44213}}]}},"b":{"0":[0]},"fnMap":{"0":{"name":"(empty-report)","decl":{"start":{"line":1,"column":0},"end":{"line":528,"column":-44213}},"loc":{"start":{"line":1,"column":0},"end":{"line":528,"column":-44213}},"line":1}},"f":{"0":0}}
,"/Users/soyilovfarhod/Documents/task_planner/build/assets/SubjectsPage-DvoIPRS1.js": {"path":"/Users/soyilovfarhod/Documents/task_planner/build/assets/SubjectsPage-DvoIPRS1.js","all":true,"statementMap":{"0":{"start":{"line":1,"column":0},"end":{"line":1,"column":8908}}},"s":{"0":0},"branchMap":{"0":{"type":"branch","line":1,"loc":{"start":{"line":1,"column":0},"end":{"line":1,"column":6940}},"locations":[{"start":{"line":1,"column":0},"end":{"line":1,"column":6940}}]}},"b":{"0":[0]},"fnMap":{"0":{"name":"(empty-report)","decl":{"start":{"line":1,"column":0},"end":{"line":1,"column":6940}},"loc":{"start":{"line":1,"column":0},"end":{"line":1,"column":6940}},"line":1}},"f":{"0":0}}
,"/Users/soyilovfarhod/Documents/task_planner/build/assets/TasksPage-CE_0MSrQ.js": {"path":"/Users/soyilovfarhod/Documents/task_planner/build/assets/TasksPage-CE_0MSrQ.js","all":true,"statementMap":{"0":{"start":{"line":1,"column":0},"end":{"line":1,"column":7774}}},"s":{"0":0},"branchMap":{"0":{"type":"branch","line":1,"loc":{"start":{"line":1,"column":0},"end":{"line":1,"column":6138}},"locations":[{"start":{"line":1,"column":0},"end":{"line":1,"column":6138}}]}},"b":{"0":[0]},"fnMap":{"0":{"name":"(empty-report)","decl":{"start":{"line":1,"column":0},"end":{"line":1,"column":6138}},"loc":{"start":{"line":1,"column":0},"end":{"line":1,"column":6138}},"line":1}},"f":{"0":0}}
,"/Users/soyilovfarhod/Documents/task_planner/build/assets/ai-B-T20b7L.js": {"path":"/Users/soyilovfarhod/Documents/task_planner/build/assets/ai-B-T20b7L.js","all":true,"statementMap":{"0":{"start":{"line":1,"column":0},"end":{"line":1,"column":540}},"1":{"start":{"line":2,"column":0},"end":{"line":2,"column":67}},"2":{"start":{"line":3,"column":0},"end":{"line":3,"column":38}},"4":{"start":{"line":5,"column":0},"end":{"line":5,"column":19}},"5":{"start":{"line":6,"column":0},"end":{"line":6,"column":57}},"6":{"start":{"line":7,"column":0},"end":{"line":7,"column":56}},"7":{"start":{"line":8,"column":0},"end":{"line":8,"column":52}},"8":{"start":{"line":9,"column":0},"end":{"line":9,"column":57}},"9":{"start":{"line":10,"column":0},"end":{"line":10,"column":6}},"10":{"start":{"line":11,"column":0},"end":{"line":11,"column":20}},"11":{"start":{"line":12,"column":0},"end":{"line":12,"column":72}},"12":{"start":{"line":13,"column":0},"end":{"line":13,"column":48}},"13":{"start":{"line":14,"column":0},"end":{"line":14,"column":375}},"14":{"start":{"line":15,"column":0},"end":{"line":15,"column":96}},"15":{"start":{"line":16,"column":0},"end":{"line":16,"column":32}},"16":{"start":{"line":17,"column":0},"end":{"line":17,"column":38}},"18":{"start":{"line":19,"column":0},"end":{"line":19,"column":34}},"19":{"start":{"line":20,"column":0},"end":{"line":20,"column":61}},"20":{"start":{"line":21,"column":0},"end":{"line":21,"column":32}},"21":{"start":{"line":22,"column":0},"end":{"line":22,"column":66}},"22":{"start":{"line":23,"column":0},"end":{"line":23,"column":72}},"24":{"start":{"line":25,"column":0},"end":{"line":25,"column":53}},"25":{"start":{"line":26,"column":0},"end":{"line":26,"column":54}},"26":{"start":{"line":27,"column":0},"end":{"line":27,"column":70}},"27":{"start":{"line":28,"column":0},"end":{"line":28,"column":47}},"28":{"start":{"line":29,"column":0},"end":{"line":29,"column":33}},"29":{"start":{"line":30,"column":0},"end":{"line":30,"column":51}},"30":{"start":{"line":31,"column":0},"end":{"line":31,"column":71}},"32":{"start":{"line":33,"column":0},"end":{"line":33,"column":26}},"33":{"start":{"line":34,"column":0},"end":{"line":34,"column":88}},"34":{"start":{"line":35,"column":0},"end":{"line":35,"column":12}},"35":{"start":{"line":36,"column":0},"end":{"line":36,"column":13}},"36":{"start":{"line":37,"column":0},"end":{"line":37,"column":27}},"37":{"start":{"line":38,"column":0},"end":{"line":38,"column":18}},"38":{"start":{"line":39,"column":0},"end":{"line":39,"column":41}},"39":{"start":{"line":40,"column":0},"end":{"line":40,"column":46}},"40":{"start":{"line":41,"column":0},"end":{"line":41,"column":44}},"41":{"start":{"line":42,"column":0},"end":{"line":42,"column":50}},"42":{"start":{"line":43,"column":0},"end":{"line":43,"column":17}},"43":{"start":{"line":44,"column":0},"end":{"line":44,"column":16}},"44":{"start":{"line":45,"column":0},"end":{"line":45,"column":28}},"45":{"start":{"line":46,"column":0},"end":{"line":46,"column":17}},"46":{"start":{"line":47,"column":0},"end":{"line":47,"column":44}},"47":{"start":{"line":48,"column":0},"end":{"line":48,"column":66}},"48":{"start":{"line":49,"column":0},"end":{"line":49,"column":63}},"49":{"start":{"line":50,"column":0},"end":{"line":50,"column":55}},"50":{"start":{"line":51,"column":0},"end":{"line":51,"column":17}},"51":{"start":{"line":52,"column":0},"end":{"line":52,"column":15}},"52":{"start":{"line":53,"column":0},"end":{"line":53,"column":13}},"53":{"start":{"line":54,"column":0},"end":{"line":54,"column":602}},"54":{"start":{"line":55,"column":0},"end":{"line":55,"column":125}},"55":{"start":{"line":56,"column":0},"end":{"line":56,"column":12}},"56":{"start":{"line":57,"column":0},"end":{"line":57,"column":92}},"57":{"start":{"line":58,"column":0},"end":{"line":58,"column":12}},"58":{"start":{"line":59,"column":0},"end":{"line":59,"column":33}},"59":{"start":{"line":60,"column":0},"end":{"line":60,"column":79}},"60":{"start":{"line":61,"column":0},"end":{"line":61,"column":53}},"61":{"start":{"line":62,"column":0},"end":{"line":62,"column":112}},"62":{"start":{"line":63,"column":0},"end":{"line":63,"column":125}},"64":{"start":{"line":65,"column":0},"end":{"line":65,"column":21}},"65":{"start":{"line":66,"column":0},"end":{"line":66,"column":76}},"66":{"start":{"line":67,"column":0},"end":{"line":67,"column":57}},"68":{"start":{"line":69,"column":0},"end":{"line":69,"column":54}},"69":{"start":{"line":70,"column":0},"end":{"line":70,"column":13}},"70":{"start":{"line":71,"column":0},"end":{"line":71,"column":15}},"71":{"start":{"line":72,"column":0},"end":{"line":72,"column":42}},"72":{"start":{"line":73,"column":0},"end":{"line":73,"column":64}},"73":{"start":{"line":74,"column":0},"end":{"line":74,"column":87}},"74":{"start":{"line":75,"column":0},"end":{"line":75,"column":45}},"75":{"start":{"line":76,"column":0},"end":{"line":76,"column":15}},"76":{"start":{"line":77,"column":0},"end":{"line":77,"column":13}},"77":{"start":{"line":78,"column":0},"end":{"line":78,"column":459}}},"s":{"0":0,"1":0,"2":0,"4":0,"5":0,"6":0,"7":0,"8":0,"9":0,"10":0,"11":0,"12":0,"13":0,"14":0,"15":0,"16":0,"18":0,"19":0,"20":0,"21":0,"22":0,"24":0,"25":0,"26":0,"27":0,"28":0,"29":0,"30":0,"32":0,"33":0,"34":0,"35":0,"36":0,"37":0,"38":0,"39":0,"40":0,"41":0,"42":0,"43":0,"44":0,"45":0,"46":0,"47":0,"48":0,"49":0,"50":0,"51":0,"52":0,"53":0,"54":0,"55":0,"56":0,"57":0,"58":0,"59":0,"60":0,"61":0,"62":0,"64":0,"65":0,"66":0,"68":0,"69":0,"70":0,"71":0,"72":0,"73":0,"74":0,"75":0,"76":0,"77":0},"branchMap":{"0":{"type":"branch","line":1,"loc":{"start":{"line":1,"column":0},"end":{"line":78,"column":365}},"locations":[{"start":{"line":1,"column":0},"end":{"line":78,"column":365}}]}},"b":{"0":[0]},"fnMap":{"0":{"name":"(empty-report)","decl":{"start":{"line":1,"column":0},"end":{"line":78,"column":365}},"loc":{"start":{"line":1,"column":0},"end":{"line":78,"column":365}},"line":1}},"f":{"0":0}}
,"/Users/soyilovfarhod/Documents/task_planner/build/assets/ai-CISnOzKy.js": {"path":"/Users/soyilovfarhod/Documents/task_planner/build/assets/ai-CISnOzKy.js","all":true,"statementMap":{"0":{"start":{"line":1,"column":0},"end":{"line":1,"column":145}},"1":{"start":{"line":2,"column":0},"end":{"line":2,"column":11}},"2":{"start":{"line":3,"column":0},"end":{"line":3,"column":28}},"3":{"start":{"line":4,"column":0},"end":{"line":4,"column":2}},"4":{"start":{"line":5,"column":0},"end":{"line":5,"column":66}},"5":{"start":{"line":6,"column":0},"end":{"line":6,"column":67}},"6":{"start":{"line":7,"column":0},"end":{"line":7,"column":42}},"7":{"start":{"line":8,"column":0},"end":{"line":8,"column":2}},"8":{"start":{"line":9,"column":0},"end":{"line":9,"column":47}},"9":{"start":{"line":10,"column":0},"end":{"line":10,"column":2}},"10":{"start":{"line":11,"column":0},"end":{"line":11,"column":70}},"11":{"start":{"line":12,"column":0},"end":{"line":12,"column":68}},"12":{"start":{"line":13,"column":0},"end":{"line":13,"column":75}},"13":{"start":{"line":14,"column":0},"end":{"line":14,"column":70}},"14":{"start":{"line":15,"column":0},"end":{"line":15,"column":33}},"15":{"start":{"line":16,"column":0},"end":{"line":16,"column":294}},"16":{"start":{"line":17,"column":0},"end":{"line":17,"column":11}},"17":{"start":{"line":18,"column":0},"end":{"line":18,"column":28}},"18":{"start":{"line":19,"column":0},"end":{"line":19,"column":2}},"19":{"start":{"line":20,"column":0},"end":{"line":20,"column":66}},"20":{"start":{"line":21,"column":0},"end":{"line":21,"column":67}},"21":{"start":{"line":22,"column":0},"end":{"line":22,"column":42}},"22":{"start":{"line":23,"column":0},"end":{"line":23,"column":2}},"23":{"start":{"line":24,"column":0},"end":{"line":24,"column":47}},"24":{"start":{"line":25,"column":0},"end":{"line":25,"column":2}},"25":{"start":{"line":26,"column":0},"end":{"line":26,"column":70}},"26":{"start":{"line":27,"column":0},"end":{"line":27,"column":68}},"27":{"start":{"line":28,"column":0},"end":{"line":28,"column":75}},"28":{"start":{"line":29,"column":0},"end":{"line":29,"column":70}},"29":{"start":{"line":30,"column":0},"end":{"line":30,"column":33}},"30":{"start":{"line":31,"column":0},"end":{"line":31,"column":1809}},"31":{"start":{"line":32,"column":0},"end":{"line":32,"column":11}},"32":{"start":{"line":33,"column":0},"end":{"line":33,"column":28}},"33":{"start":{"line":34,"column":0},"end":{"line":34,"column":2}},"34":{"start":{"line":35,"column":0},"end":{"line":35,"column":66}},"35":{"start":{"line":36,"column":0},"end":{"line":36,"column":67}},"36":{"start":{"line":37,"column":0},"end":{"line":37,"column":42}},"37":{"start":{"line":38,"column":0},"end":{"line":38,"column":2}},"38":{"start":{"line":39,"column":0},"end":{"line":39,"column":47}},"39":{"start":{"line":40,"column":0},"end":{"line":40,"column":2}},"40":{"start":{"line":41,"column":0},"end":{"line":41,"column":70}},"41":{"start":{"line":42,"column":0},"end":{"line":42,"column":68}},"42":{"start":{"line":43,"column":0},"end":{"line":43,"column":75}},"43":{"start":{"line":44,"column":0},"end":{"line":44,"column":70}},"44":{"start":{"line":45,"column":0},"end":{"line":45,"column":33}},"45":{"start":{"line":46,"column":0},"end":{"line":46,"column":286}},"46":{"start":{"line":47,"column":0},"end":{"line":47,"column":11}},"47":{"start":{"line":48,"column":0},"end":{"line":48,"column":28}},"48":{"start":{"line":49,"column":0},"end":{"line":49,"column":2}},"49":{"start":{"line":50,"column":0},"end":{"line":50,"column":66}},"50":{"start":{"line":51,"column":0},"end":{"line":51,"column":67}},"51":{"start":{"line":52,"column":0},"end":{"line":52,"column":42}},"52":{"start":{"line":53,"column":0},"end":{"line":53,"column":2}},"53":{"start":{"line":54,"column":0},"end":{"line":54,"column":47}},"54":{"start":{"line":55,"column":0},"end":{"line":55,"column":2}},"55":{"start":{"line":56,"column":0},"end":{"line":56,"column":70}},"56":{"start":{"line":57,"column":0},"end":{"line":57,"column":68}},"57":{"start":{"line":58,"column":0},"end":{"line":58,"column":75}},"58":{"start":{"line":59,"column":0},"end":{"line":59,"column":70}},"59":{"start":{"line":60,"column":0},"end":{"line":60,"column":33}},"60":{"start":{"line":61,"column":0},"end":{"line":61,"column":2617}},"61":{"start":{"line":62,"column":0},"end":{"line":62,"column":11}},"62":{"start":{"line":63,"column":0},"end":{"line":63,"column":28}},"63":{"start":{"line":64,"column":0},"end":{"line":64,"column":2}},"64":{"start":{"line":65,"column":0},"end":{"line":65,"column":66}},"65":{"start":{"line":66,"column":0},"end":{"line":66,"column":67}},"66":{"start":{"line":67,"column":0},"end":{"line":67,"column":42}},"67":{"start":{"line":68,"column":0},"end":{"line":68,"column":2}},"68":{"start":{"line":69,"column":0},"end":{"line":69,"column":47}},"69":{"start":{"line":70,"column":0},"end":{"line":70,"column":2}},"70":{"start":{"line":71,"column":0},"end":{"line":71,"column":70}},"71":{"start":{"line":72,"column":0},"end":{"line":72,"column":68}},"72":{"start":{"line":73,"column":0},"end":{"line":73,"column":75}},"73":{"start":{"line":74,"column":0},"end":{"line":74,"column":70}},"74":{"start":{"line":75,"column":0},"end":{"line":75,"column":33}},"75":{"start":{"line":76,"column":0},"end":{"line":76,"column":1009}},"76":{"start":{"line":77,"column":0},"end":{"line":77,"column":1743}},"77":{"start":{"line":78,"column":0},"end":{"line":78,"column":11}},"78":{"start":{"line":79,"column":0},"end":{"line":79,"column":28}},"79":{"start":{"line":80,"column":0},"end":{"line":80,"column":2}},"80":{"start":{"line":81,"column":0},"end":{"line":81,"column":66}},"81":{"start":{"line":82,"column":0},"end":{"line":82,"column":67}},"82":{"start":{"line":83,"column":0},"end":{"line":83,"column":42}},"83":{"start":{"line":84,"column":0},"end":{"line":84,"column":2}},"84":{"start":{"line":85,"column":0},"end":{"line":85,"column":47}},"85":{"start":{"line":86,"column":0},"end":{"line":86,"column":2}},"86":{"start":{"line":87,"column":0},"end":{"line":87,"column":70}},"87":{"start":{"line":88,"column":0},"end":{"line":88,"column":68}},"88":{"start":{"line":89,"column":0},"end":{"line":89,"column":75}},"89":{"start":{"line":90,"column":0},"end":{"line":90,"column":70}},"90":{"start":{"line":91,"column":0},"end":{"line":91,"column":33}},"91":{"start":{"line":92,"column":0},"end":{"line":92,"column":2042}},"92":{"start":{"line":93,"column":0},"end":{"line":93,"column":11}},"93":{"start":{"line":94,"column":0},"end":{"line":94,"column":28}},"94":{"start":{"line":95,"column":0},"end":{"line":95,"column":2}},"95":{"start":{"line":96,"column":0},"end":{"line":96,"column":66}},"96":{"start":{"line":97,"column":0},"end":{"line":97,"column":67}},"97":{"start":{"line":98,"column":0},"end":{"line":98,"column":42}},"98":{"start":{"line":99,"column":0},"end":{"line":99,"column":2}},"99":{"start":{"line":100,"column":0},"end":{"line":100,"column":47}},"100":{"start":{"line":101,"column":0},"end":{"line":101,"column":2}},"101":{"start":{"line":102,"column":0},"end":{"line":102,"column":70}},"102":{"start":{"line":103,"column":0},"end":{"line":103,"column":68}},"103":{"start":{"line":104,"column":0},"end":{"line":104,"column":75}},"104":{"start":{"line":105,"column":0},"end":{"line":105,"column":70}},"105":{"start":{"line":106,"column":0},"end":{"line":106,"column":33}},"106":{"start":{"line":107,"column":0},"end":{"line":107,"column":240}},"107":{"start":{"line":108,"column":0},"end":{"line":108,"column":11}},"108":{"start":{"line":109,"column":0},"end":{"line":109,"column":28}},"109":{"start":{"line":110,"column":0},"end":{"line":110,"column":2}},"110":{"start":{"line":111,"column":0},"end":{"line":111,"column":66}},"111":{"start":{"line":112,"column":0},"end":{"line":112,"column":67}},"112":{"start":{"line":113,"column":0},"end":{"line":113,"column":42}},"113":{"start":{"line":114,"column":0},"end":{"line":114,"column":2}},"114":{"start":{"line":115,"column":0},"end":{"line":115,"column":47}},"115":{"start":{"line":116,"column":0},"end":{"line":116,"column":2}},"116":{"start":{"line":117,"column":0},"end":{"line":117,"column":70}},"117":{"start":{"line":118,"column":0},"end":{"line":118,"column":68}},"118":{"start":{"line":119,"column":0},"end":{"line":119,"column":75}},"119":{"start":{"line":120,"column":0},"end":{"line":120,"column":70}},"120":{"start":{"line":121,"column":0},"end":{"line":121,"column":33}},"121":{"start":{"line":122,"column":0},"end":{"line":122,"column":1635}},"122":{"start":{"line":123,"column":0},"end":{"line":123,"column":11}},"123":{"start":{"line":124,"column":0},"end":{"line":124,"column":28}},"124":{"start":{"line":125,"column":0},"end":{"line":125,"column":2}},"125":{"start":{"line":126,"column":0},"end":{"line":126,"column":66}},"126":{"start":{"line":127,"column":0},"end":{"line":127,"column":67}},"127":{"start":{"line":128,"column":0},"end":{"line":128,"column":42}},"128":{"start":{"line":129,"column":0},"end":{"line":129,"column":2}},"129":{"start":{"line":130,"column":0},"end":{"line":130,"column":47}},"130":{"start":{"line":131,"column":0},"end":{"line":131,"column":2}},"131":{"start":{"line":132,"column":0},"end":{"line":132,"column":70}},"132":{"start":{"line":133,"column":0},"end":{"line":133,"column":68}},"133":{"start":{"line":134,"column":0},"end":{"line":134,"column":75}},"134":{"start":{"line":135,"column":0},"end":{"line":135,"column":70}},"135":{"start":{"line":136,"column":0},"end":{"line":136,"column":33}},"136":{"start":{"line":137,"column":0},"end":{"line":137,"column":1308}},"137":{"start":{"line":138,"column":0},"end":{"line":138,"column":11}},"138":{"start":{"line":139,"column":0},"end":{"line":139,"column":28}},"139":{"start":{"line":140,"column":0},"end":{"line":140,"column":2}},"140":{"start":{"line":141,"column":0},"end":{"line":141,"column":66}},"141":{"start":{"line":142,"column":0},"end":{"line":142,"column":67}},"142":{"start":{"line":143,"column":0},"end":{"line":143,"column":42}},"143":{"start":{"line":144,"column":0},"end":{"line":144,"column":2}},"144":{"start":{"line":145,"column":0},"end":{"line":145,"column":47}},"145":{"start":{"line":146,"column":0},"end":{"line":146,"column":2}},"146":{"start":{"line":147,"column":0},"end":{"line":147,"column":70}},"147":{"start":{"line":148,"column":0},"end":{"line":148,"column":68}},"148":{"start":{"line":149,"column":0},"end":{"line":149,"column":75}},"149":{"start":{"line":150,"column":0},"end":{"line":150,"column":70}},"150":{"start":{"line":151,"column":0},"end":{"line":151,"column":33}},"151":{"start":{"line":152,"column":0},"end":{"line":152,"column":2220}},"152":{"start":{"line":153,"column":0},"end":{"line":153,"column":11}},"153":{"start":{"line":154,"column":0},"end":{"line":154,"column":28}},"154":{"start":{"line":155,"column":0},"end":{"line":155,"column":2}},"155":{"start":{"line":156,"column":0},"end":{"line":156,"column":66}},"156":{"start":{"line":157,"column":0},"end":{"line":157,"column":67}},"157":{"start":{"line":158,"column":0},"end":{"line":158,"column":42}},"158":{"start":{"line":159,"column":0},"end":{"line":159,"column":2}},"159":{"start":{"line":160,"column":0},"end":{"line":160,"column":47}},"160":{"start":{"line":161,"column":0},"end":{"line":161,"column":2}},"161":{"start":{"line":162,"column":0},"end":{"line":162,"column":70}},"162":{"start":{"line":163,"column":0},"end":{"line":163,"column":68}},"163":{"start":{"line":164,"column":0},"end":{"line":164,"column":75}},"164":{"start":{"line":165,"column":0},"end":{"line":165,"column":70}},"165":{"start":{"line":166,"column":0},"end":{"line":166,"column":33}},"166":{"start":{"line":167,"column":0},"end":{"line":167,"column":99}},"167":{"start":{"line":168,"column":0},"end":{"line":168,"column":11}},"168":{"start":{"line":169,"column":0},"end":{"line":169,"column":28}},"169":{"start":{"line":170,"column":0},"end":{"line":170,"column":2}},"170":{"start":{"line":171,"column":0},"end":{"line":171,"column":66}},"171":{"start":{"line":172,"column":0},"end":{"line":172,"column":67}},"172":{"start":{"line":173,"column":0},"end":{"line":173,"column":42}},"173":{"start":{"line":174,"column":0},"end":{"line":174,"column":2}},"174":{"start":{"line":175,"column":0},"end":{"line":175,"column":47}},"175":{"start":{"line":176,"column":0},"end":{"line":176,"column":2}},"176":{"start":{"line":177,"column":0},"end":{"line":177,"column":70}},"177":{"start":{"line":178,"column":0},"end":{"line":178,"column":68}},"178":{"start":{"line":179,"column":0},"end":{"line":179,"column":75}},"179":{"start":{"line":180,"column":0},"end":{"line":180,"column":70}},"180":{"start":{"line":181,"column":0},"end":{"line":181,"column":33}},"181":{"start":{"line":182,"column":0},"end":{"line":182,"column":284}},"182":{"start":{"line":183,"column":0},"end":{"line":183,"column":11}},"183":{"start":{"line":184,"column":0},"end":{"line":184,"column":28}},"184":{"start":{"line":185,"column":0},"end":{"line":185,"column":2}},"185":{"start":{"line":186,"column":0},"end":{"line":186,"column":66}},"186":{"start":{"line":187,"column":0},"end":{"line":187,"column":67}},"187":{"start":{"line":188,"column":0},"end":{"line":188,"column":42}},"188":{"start":{"line":189,"column":0},"end":{"line":189,"column":2}},"189":{"start":{"line":190,"column":0},"end":{"line":190,"column":47}},"190":{"start":{"line":191,"column":0},"end":{"line":191,"column":2}},"191":{"start":{"line":192,"column":0},"end":{"line":192,"column":70}},"192":{"start":{"line":193,"column":0},"end":{"line":193,"column":68}},"193":{"start":{"line":194,"column":0},"end":{"line":194,"column":75}},"194":{"start":{"line":195,"column":0},"end":{"line":195,"column":70}},"195":{"start":{"line":196,"column":0},"end":{"line":196,"column":33}},"196":{"start":{"line":197,"column":0},"end":{"line":197,"column":2092}},"197":{"start":{"line":198,"column":0},"end":{"line":198,"column":11}},"198":{"start":{"line":199,"column":0},"end":{"line":199,"column":28}},"199":{"start":{"line":200,"column":0},"end":{"line":200,"column":2}},"200":{"start":{"line":201,"column":0},"end":{"line":201,"column":66}},"201":{"start":{"line":202,"column":0},"end":{"line":202,"column":67}},"202":{"start":{"line":203,"column":0},"end":{"line":203,"column":42}},"203":{"start":{"line":204,"column":0},"end":{"line":204,"column":2}},"204":{"start":{"line":205,"column":0},"end":{"line":205,"column":47}},"205":{"start":{"line":206,"column":0},"end":{"line":206,"column":2}},"206":{"start":{"line":207,"column":0},"end":{"line":207,"column":70}},"207":{"start":{"line":208,"column":0},"end":{"line":208,"column":68}},"208":{"start":{"line":209,"column":0},"end":{"line":209,"column":75}},"209":{"start":{"line":210,"column":0},"end":{"line":210,"column":70}},"210":{"start":{"line":211,"column":0},"end":{"line":211,"column":33}},"211":{"start":{"line":212,"column":0},"end":{"line":212,"column":988}}},"s":{"0":0,"1":0,"2":0,"3":0,"4":0,"5":0,"6":0,"7":0,"8":0,"9":0,"10":0,"11":0,"12":0,"13":0,"14":0,"15":0,"16":0,"17":0,"18":0,"19":0,"20":0,"21":0,"22":0,"23":0,"24":0,"25":0,"26":0,"27":0,"28":0,"29":0,"30":0,"31":0,"32":0,"33":0,"34":0,"35":0,"36":0,"37":0,"38":0,"39":0,"40":0,"41":0,"42":0,"43":0,"44":0,"45":0,"46":0,"47":0,"48":0,"49":0,"50":0,"51":0,"52":0,"53":0,"54":0,"55":0,"56":0,"57":0,"58":0,"59":0,"60":0,"61":0,"62":0,"63":0,"64":0,"65":0,"66":0,"67":0,"68":0,"69":0,"70":0,"71":0,"72":0,"73":0,"74":0,"75":0,"76":0,"77":0,"78":0,"79":0,"80":0,"81":0,"82":0,"83":0,"84":0,"85":0,"86":0,"87":0,"88":0,"89":0,"90":0,"91":0,"92":0,"93":0,"94":0,"95":0,"96":0,"97":0,"98":0,"99":0,"100":0,"101":0,"102":0,"103":0,"104":0,"105":0,"106":0,"107":0,"108":0,"109":0,"110":0,"111":0,"112":0,"113":0,"114":0,"115":0,"116":0,"117":0,"118":0,"119":0,"120":0,"121":0,"122":0,"123":0,"124":0,"125":0,"126":0,"127":0,"128":0,"129":0,"130":0,"131":0,"132":0,"133":0,"134":0,"135":0,"136":0,"137":0,"138":0,"139":0,"140":0,"141":0,"142":0,"143":0,"144":0,"145":0,"146":0,"147":0,"148":0,"149":0,"150":0,"151":0,"152":0,"153":0,"154":0,"155":0,"156":0,"157":0,"158":0,"159":0,"160":0,"161":0,"162":0,"163":0,"164":0,"165":0,"166":0,"167":0,"168":0,"169":0,"170":0,"171":0,"172":0,"173":0,"174":0,"175":0,"176":0,"177":0,"178":0,"179":0,"180":0,"181":0,"182":0,"183":0,"184":0,"185":0,"186":0,"187":0,"188":0,"189":0,"190":0,"191":0,"192":0,"193":0,"194":0,"195":0,"196":0,"197":0,"198":0,"199":0,"200":0,"201":0,"202":0,"203":0,"204":0,"205":0,"206":0,"207":0,"208":0,"209":0,"210":0,"211":0},"branchMap":{"0":{"type":"branch","line":1,"loc":{"start":{"line":1,"column":27184},"end":{"line":212,"column":988}},"locations":[{"start":{"line":1,"column":27184},"end":{"line":212,"column":988}}]}},"b":{"0":[0]},"fnMap":{"0":{"name":"(empty-report)","decl":{"start":{"line":1,"column":27184},"end":{"line":212,"column":988}},"loc":{"start":{"line":1,"column":27184},"end":{"line":212,"column":988}},"line":1}},"f":{"0":0}}
[...]
}},"61":{"start":{"line":62,"column":0},"end":{"line":62,"column":75}},"62":{"start":{"line":63,"column":0},"end":{"line":63,"column":36}},"63":{"start":{"line":64,"column":0},"end":{"line":64,"column":154}},"69":{"start":{"line":70,"column":0},"end":{"line":70,"column":36}},"70":{"start":{"line":71,"column":0},"end":{"line":71,"column":65}},"72":{"start":{"line":73,"column":0},"end":{"line":73,"column":12}},"73":{"start":{"line":74,"column":0},"end":{"line":74,"column":19}},"74":{"start":{"line":75,"column":0},"end":{"line":75,"column":66}},"75":{"start":{"line":76,"column":0},"end":{"line":76,"column":19}},"76":{"start":{"line":77,"column":0},"end":{"line":77,"column":23}},"77":{"start":{"line":78,"column":0},"end":{"line":78,"column":77}},"78":{"start":{"line":79,"column":0},"end":{"line":79,"column":6}},"79":{"start":{"line":80,"column":0},"end":{"line":80,"column":2}},"81":{"start":{"line":82,"column":0},"end":{"line":82,"column":53}},"83":{"start":{"line":84,"column":0},"end":{"line":84,"column":20}},"84":{"start":{"line":85,"column":0},"end":{"line":85,"column":29}},"85":{"start":{"line":86,"column":0},"end":{"line":86,"column":31}},"87":{"start":{"line":88,"column":0},"end":{"line":88,"column":34}},"88":{"start":{"line":89,"column":0},"end":{"line":89,"column":34}},"89":{"start":{"line":90,"column":0},"end":{"line":90,"column":53}},"90":{"start":{"line":91,"column":0},"end":{"line":91,"column":36}},"92":{"start":{"line":93,"column":0},"end":{"line":93,"column":41}},"93":{"start":{"line":94,"column":0},"end":{"line":94,"column":58}},"94":{"start":{"line":95,"column":0},"end":{"line":95,"column":50}},"95":{"start":{"line":96,"column":0},"end":{"line":96,"column":42}},"96":{"start":{"line":97,"column":0},"end":{"line":97,"column":50}},"97":{"start":{"line":98,"column":0},"end":{"line":98,"column":18}},"99":{"start":{"line":100,"column":0},"end":{"line":100,"column":19}},"100":{"start":{"line":101,"column":0},"end":{"line":101,"column":71}},"101":{"start":{"line":102,"column":0},"end":{"line":102,"column":18}},"102":{"start":{"line":103,"column":0},"end":{"line":103,"column":19}},"103":{"start":{"line":104,"column":0},"end":{"line":104,"column":11}},"104":{"start":{"line":105,"column":0},"end":{"line":105,"column":5}},"105":{"start":{"line":106,"column":0},"end":{"line":106,"column":16}},"106":{"start":{"line":107,"column":0},"end":{"line":107,"column":2}}},"s":{"2":1,"3":8,"6":7,"7":7,"15":7,"17":8,"19":6,"20":6,"21":6,"24":6,"25":10,"26":10,"27":10,"28":6,"31":6,"32":6,"34":8,"36":6,"39":8,"40":1,"41":1,"45":5,"46":5,"48":8,"49":3,"50":3,"51":2,"52":2,"53":3,"54":1,"55":1,"56":3,"58":5,"59":5,"61":1,"62":6,"63":6,"69":6,"70":6,"72":6,"73":6,"74":6,"75":6,"76":6,"77":6,"78":6,"79":6,"81":1,"83":9,"84":9,"85":9,"87":9,"88":63,"89":63,"90":63,"92":63,"93":35,"94":21,"95":21,"96":21,"97":63,"99":63,"100":63,"101":63,"102":63,"103":63,"104":63,"105":63,"106":63},"branchMap":{"0":{"type":"branch","line":3,"loc":{"start":{"line":3,"column":31},"end":{"line":60,"column":2}},"locations":[{"start":{"line":3,"column":31},"end":{"line":60,"column":2}}]},"1":{"type":"branch","line":4,"loc":{"start":{"line":4,"column":28},"end":{"line":4,"column":37}},"locations":[{"start":{"line":4,"column":28},"end":{"line":4,"column":37}}]},"2":{"type":"branch","line":4,"loc":{"start":{"line":4,"column":35},"end":{"line":18,"column":44}},"locations":[{"start":{"line":4,"column":35},"end":{"line":18,"column":44}}]},"3":{"type":"branch","line":18,"loc":{"start":{"line":18,"column":37},"end":{"line":18,"column":46}},"locations":[{"start":{"line":18,"column":37},"end":{"line":18,"column":46}}]},"4":{"type":"branch","line":18,"loc":{"start":{"line":18,"column":44},"end":{"line":35,"column":41}},"locations":[{"start":{"line":18,"column":44},"end":{"line":35,"column":41}}]},"5":{"type":"branch","line":35,"loc":{"start":{"line":35,"column":34},"end":{"line":35,"column":43}},"locations":[{"start":{"line":35,"column":34},"end":{"line":35,"column":43}}]},"6":{"type":"branch","line":35,"loc":{"start":{"line":35,"column":41},"end":{"line":40,"column":43}},"locations":[{"start":{"line":35,"column":41},"end":{"line":40,"column":43}}]},"7":{"type":"branch","line":40,"loc":{"start":{"line":40,"column":30},"end":{"line":40,"column":80}},"locations":[{"start":{"line":40,"column":30},"end":{"line":40,"column":80}}]},"8":{"type":"branch","line":40,"loc":{"start":{"line":40,"column":80},"end":{"line":42,"column":5}},"locations":[{"start":{"line":40,"column":80},"end":{"line":42,"column":5}}]},"9":{"type":"branch","line":42,"loc":{"start":{"line":42,"column":4},"end":{"line":49,"column":49}},"locations":[{"start":{"line":42,"column":4},"end":{"line":49,"column":49}}]},"10":{"type":"branch","line":49,"loc":{"start":{"line":49,"column":49},"end":{"line":57,"column":5}},"locations":[{"start":{"line":49,"column":49},"end":{"line":57,"column":5}}]},"11":{"type":"branch","line":51,"loc":{"start":{"line":51,"column":41},"end":{"line":54,"column":15}},"locations":[{"start":{"line":51,"column":41},"end":{"line":54,"column":15}}]},"12":{"type":"branch","line":54,"loc":{"start":{"line":54,"column":8},"end":{"line":56,"column":9}},"locations":[{"start":{"line":54,"column":8},"end":{"line":56,"column":9}}]},"13":{"type":"branch","line":57,"loc":{"start":{"line":57,"column":4},"end":{"line":60,"column":2}},"locations":[{"start":{"line":57,"column":4},"end":{"line":60,"column":2}}]},"14":{"type":"branch","line":8,"loc":{"start":{"line":8,"column":16},"end":{"line":8,"column":46}},"locations":[{"start":{"line":8,"column":16},"end":{"line":8,"column":46}}]},"15":{"type":"branch","line":8,"loc":{"start":{"line":8,"column":23},"end":{"line":8,"column":46}},"locations":[{"start":{"line":8,"column":23},"end":{"line":8,"column":46}}]},"16":{"type":"branch","line":16,"loc":{"start":{"line":16,"column":14},"end":{"line":16,"column":97}},"locations":[{"start":{"line":16,"column":14},"end":{"line":16,"column":97}}]},"17":{"type":"branch","line":16,"loc":{"start":{"line":16,"column":35},"end":{"line":16,"column":48}},"locations":[{"start":{"line":16,"column":35},"end":{"line":16,"column":48}}]},"18":{"type":"branch","line":16,"loc":{"start":{"line":16,"column":73},"end":{"line":16,"column":86}},"locations":[{"start":{"line":16,"column":73},"end":{"line":16,"column":86}}]},"19":{"type":"branch","line":25,"loc":{"start":{"line":25,"column":62},"end":{"line":29,"column":5}},"locations":[{"start":{"line":25,"column":62},"end":{"line":29,"column":5}}]},"20":{"type":"branch","line":26,"loc":{"start":{"line":26,"column":29},"end":{"line":26,"column":42}},"locations":[{"start":{"line":26,"column":29},"end":{"line":26,"column":42}}]},"21":{"type":"branch","line":29,"loc":{"start":{"line":29,"column":14},"end":{"line":29,"column":29}},"locations":[{"start":{"line":29,"column":14},"end":{"line":29,"column":29}}]},"22":{"type":"branch","line":62,"loc":{"start":{"line":62,"column":40},"end":{"line":80,"column":2}},"locations":[{"start":{"line":62,"column":40},"end":{"line":80,"column":2}}]},"23":{"type":"branch","line":78,"loc":{"start":{"line":78,"column":40},"end":{"line":78,"column":76}},"locations":[{"start":{"line":78,"column":40},"end":{"line":78,"column":76}}]},"24":{"type":"branch","line":78,"loc":{"start":{"line":78,"column":62},"end":{"line":78,"column":77}},"locations":[{"start":{"line":78,"column":62},"end":{"line":78,"column":77}}]},"25":{"type":"branch","line":64,"loc":{"start":{"line":64,"column":40},"end":{"line":64,"column":56}},"locations":[{"start":{"line":64,"column":40},"end":{"line":64,"column":56}}]},"26":{"type":"branch","line":71,"loc":{"start":{"line":71,"column":40},"end":{"line":71,"column":56}},"locations":[{"start":{"line":71,"column":40},"end":{"line":71,"column":56}}]},"27":{"type":"branch","line":82,"loc":{"start":{"line":82,"column":33},"end":{"line":107,"column":2}},"locations":[{"start":{"line":82,"column":33},"end":{"line":107,"column":2}}]},"28":{"type":"branch","line":88,"loc":{"start":{"line":88,"column":33},"end":{"line":107,"column":2}},"locations":[{"start":{"line":88,"column":33},"end":{"line":107,"column":2}}]},"29":{"type":"branch","line":93,"loc":{"start":{"line":93,"column":35},"end":{"line":98,"column":9}},"locations":[{"start":{"line":93,"column":35},"end":{"line":98,"column":9}}]},"30":{"type":"branch","line":94,"loc":{"start":{"line":94,"column":19},"end":{"line":94,"column":45}},"locations":[{"start":{"line":94,"column":19},"end":{"line":94,"column":45}}]},"31":{"type":"branch","line":94,"loc":{"start":{"line":94,"column":45},"end":{"line":94,"column":58}},"locations":[{"start":{"line":94,"column":45},"end":{"line":94,"column":58}}]},"32":{"type":"branch","line":94,"loc":{"start":{"line":94,"column":52},"end":{"line":97,"column":50}},"locations":[{"start":{"line":94,"column":52},"end":{"line":97,"column":50}}]}},"b":{"0":[8],"1":[1],"2":[7],"3":[1],"4":[6],"5":[0],"6":[6],"7":[2],"8":[1],"9":[5],"10":[3],"11":[2],"12":[1],"13":[5],"14":[11],"15":[10],"16":[4],"17":[0],"18":[0],"19":[10],"20":[0],"21":[3],"22":[6],"23":[3],"24":[3],"25":[3],"26":[5],"27":[9],"28":[63],"29":[35],"30":[28],"31":[14],"32":[21]},"fnMap":{"0":{"name":"calculateStreak","decl":{"start":{"line":3,"column":31},"end":{"line":60,"column":2}},"loc":{"start":{"line":3,"column":31},"end":{"line":60,"column":2}},"line":3},"1":{"name":"calculateCompletionRates","decl":{"start":{"line":62,"column":40},"end":{"line":80,"column":2}},"loc":{"start":{"line":62,"column":40},"end":{"line":80,"column":2}},"line":62},"2":{"name":"getWeeklyProgress","decl":{"start":{"line":82,"column":33},"end":{"line":107,"column":2}},"loc":{"start":{"line":82,"column":33},"end":{"line":107,"column":2}},"line":82}},"f":{"0":8,"1":6,"2":9}}
,"/Users/soyilovfarhod/Documents/task_planner/src/utils/storage.ts": {"path":"/Users/soyilovfarhod/Documents/task_planner/src/utils/storage.ts","all":false,"statementMap":{"0":{"start":{"line":1,"column":0},"end":{"line":1,"column":29}},"1":{"start":{"line":2,"column":0},"end":{"line":2,"column":33}},"2":{"start":{"line":3,"column":0},"end":{"line":3,"column":33}},"3":{"start":{"line":4,"column":0},"end":{"line":4,"column":39}},"4":{"start":{"line":5,"column":0},"end":{"line":5,"column":39}},"5":{"start":{"line":6,"column":0},"end":{"line":6,"column":33}},"6":{"start":{"line":7,"column":0},"end":{"line":7,"column":43}},"7":{"start":{"line":8,"column":0},"end":{"line":8,"column":39}},"8":{"start":{"line":9,"column":0},"end":{"line":9,"column":2}},"10":{"start":{"line":11,"column":0},"end":{"line":11,"column":77}},"11":{"start":{"line":12,"column":0},"end":{"line":12,"column":9}},"12":{"start":{"line":13,"column":0},"end":{"line":13,"column":48}},"13":{"start":{"line":14,"column":0},"end":{"line":14,"column":45}},"14":{"start":{"line":15,"column":0},"end":{"line":15,"column":17}},"15":{"start":{"line":16,"column":0},"end":{"line":16,"column":62}},"16":{"start":{"line":17,"column":0},"end":{"line":17,"column":16}},"17":{"start":{"line":18,"column":0},"end":{"line":18,"column":5}},"18":{"start":{"line":19,"column":0},"end":{"line":19,"column":2}},"20":{"start":{"line":21,"column":0},"end":{"line":21,"column":69}},"21":{"start":{"line":22,"column":0},"end":{"line":22,"column":9}},"22":{"start":{"line":23,"column":0},"end":{"line":23,"column":52}},"23":{"start":{"line":24,"column":0},"end":{"line":24,"column":64}},"24":{"start":{"line":25,"column":0},"end":{"line":25,"column":17}},"25":{"start":{"line":26,"column":0},"end":{"line":26,"column":63}},"26":{"start":{"line":27,"column":0},"end":{"line":27,"column":16}},"27":{"start":{"line":28,"column":0},"end":{"line":28,"column":5}},"28":{"start":{"line":29,"column":0},"end":{"line":29,"column":2}},"30":{"start":{"line":31,"column":0},"end":{"line":31,"column":65}},"31":{"start":{"line":32,"column":0},"end":{"line":32,"column":9}},"32":{"start":{"line":33,"column":0},"end":{"line":33,"column":37}},"33":{"start":{"line":34,"column":0},"end":{"line":34,"column":17}},"34":{"start":{"line":35,"column":0},"end":{"line":35,"column":64}},"35":{"start":{"line":36,"column":0},"end":{"line":36,"column":16}},"36":{"start":{"line":37,"column":0},"end":{"line":37,"column":5}},"37":{"start":{"line":38,"column":0},"end":{"line":38,"column":2}},"39":{"start":{"line":40,"column":0},"end":{"line":40,"column":52}},"40":{"start":{"line":41,"column":0},"end":{"line":41,"column":9}},"41":{"start":{"line":42,"column":0},"end":{"line":42,"column":29}},"42":{"start":{"line":43,"column":0},"end":{"line":43,"column":17}},"43":{"start":{"line":44,"column":0},"end":{"line":44,"column":52}},"44":{"start":{"line":45,"column":0},"end":{"line":45,"column":16}},"45":{"start":{"line":46,"column":0},"end":{"line":46,"column":5}},"46":{"start":{"line":47,"column":0},"end":{"line":47,"column":2}}},"s":{"0":1,"1":1,"2":1,"3":1,"4":1,"5":1,"6":1,"7":1,"8":1,"10":1,"11":1,"12":1,"13":1,"14":1,"15":0,"16":0,"17":0,"18":1,"20":1,"21":1,"22":1,"23":1,"24":1,"25":0,"26":0,"27":0,"28":1,"30":1,"31":1,"32":1,"33":1,"34":0,"35":0,"36":0,"37":1,"39":1,"40":1,"41":1,"42":1,"43":0,"44":0,"45":0,"46":1},"branchMap":{"0":{"type":"branch","line":11,"loc":{"start":{"line":11,"column":25},"end":{"line":19,"column":2}},"locations":[{"start":{"line":11,"column":25},"end":{"line":19,"column":2}}]},"1":{"type":"branch","line":15,"loc":{"start":{"line":15,"column":4},"end":{"line":18,"column":5}},"locations":[{"start":{"line":15,"column":4},"end":{"line":18,"column":5}}]},"2":{"type":"branch","line":21,"loc":{"start":{"line":21,"column":23},"end":{"line":29,"column":2}},"locations":[{"start":{"line":21,"column":23},"end":{"line":29,"column":2}}]},"3":{"type":"branch","line":24,"loc":{"start":{"line":24,"column":55},"end":{"line":24,"column":64}},"locations":[{"start":{"line":24,"column":55},"end":{"line":24,"column":64}}]},"4":{"type":"branch","line":25,"loc":{"start":{"line":25,"column":4},"end":{"line":28,"column":5}},"locations":[{"start":{"line":25,"column":4},"end":{"line":28,"column":5}}]},"5":{"type":"branch","line":31,"loc":{"start":{"line":31,"column":26},"end":{"line":38,"column":2}},"locations":[{"start":{"line":31,"column":26},"end":{"line":38,"column":2}}]},"6":{"type":"branch","line":34,"loc":{"start":{"line":34,"column":4},"end":{"line":37,"column":5}},"locations":[{"start":{"line":34,"column":4},"end":{"line":37,"column":5}}]},"7":{"type":"branch","line":40,"loc":{"start":{"line":40,"column":24},"end":{"line":47,"column":2}},"locations":[{"start":{"line":40,"column":24},"end":{"line":47,"column":2}}]},"8":{"type":"branch","line":43,"loc":{"start":{"line":43,"column":4},"end":{"line":46,"column":5}},"locations":[{"start":{"line":43,"column":4},"end":{"line":46,"column":5}}]}},"b":{"0":[1],"1":[0],"2":[1],"3":[0],"4":[0],"5":[1],"6":[0],"7":[1],"8":[0]},"fnMap":{"0":{"name":"storeData","decl":{"start":{"line":11,"column":25},"end":{"line":19,"column":2}},"loc":{"start":{"line":11,"column":25},"end":{"line":19,"column":2}},"line":11},"1":{"name":"getData","decl":{"start":{"line":21,"column":23},"end":{"line":29,"column":2}},"loc":{"start":{"line":21,"column":23},"end":{"line":29,"column":2}},"line":21},"2":{"name":"removeData","decl":{"start":{"line":31,"column":26},"end":{"line":38,"column":2}},"loc":{"start":{"line":31,"column":26},"end":{"line":38,"column":2}},"line":31},"3":{"name":"clearAll","decl":{"start":{"line":40,"column":24},"end":{"line":47,"column":2}},"loc":{"start":{"line":40,"column":24},"end":{"line":47,"column":2}},"line":40}},"f":{"0":1,"1":1,"2":1,"3":1}}
,"/Users/soyilovfarhod/Documents/task_planner/supabase/functions/update-xp/index.ts": {"path":"/Users/soyilovfarhod/Documents/task_planner/supabase/functions/update-xp/index.ts","all":true,"statementMap":{"0":{"start":{"line":1,"column":0},"end":{"line":1,"column":29}},"1":{"start":{"line":2,"column":0},"end":{"line":2,"column":68}},"2":{"start":{"line":3,"column":0},"end":{"line":3,"column":74}},"4":{"start":{"line":5,"column":0},"end":{"line":5,"column":21}},"5":{"start":{"line":6,"column":0},"end":{"line":6,"column":37}},"6":{"start":{"line":7,"column":0},"end":{"line":7,"column":87}},"7":{"start":{"line":8,"column":0},"end":{"line":8,"column":1}},"9":{"start":{"line":10,"column":0},"end":{"line":10,"column":31}},"11":{"start":{"line":12,"column":0},"end":{"line":12,"column":33}},"12":{"start":{"line":13,"column":0},"end":{"line":13,"column":55}},"13":{"start":{"line":14,"column":0},"end":{"line":14,"column":3}},"15":{"start":{"line":16,"column":0},"end":{"line":16,"column":7}},"16":{"start":{"line":17,"column":0},"end":{"line":17,"column":43}},"19":{"start":{"line":20,"column":0},"end":{"line":20,"column":58}},"20":{"start":{"line":21,"column":0},"end":{"line":21,"column":69}},"22":{"start":{"line":23,"column":0},"end":{"line":23,"column":66}},"25":{"start":{"line":26,"column":0},"end":{"line":26,"column":55}},"26":{"start":{"line":27,"column":0},"end":{"line":27,"column":63}},"28":{"start":{"line":29,"column":0},"end":{"line":29,"column":111}},"29":{"start":{"line":30,"column":0},"end":{"line":30,"column":102}},"32":{"start":{"line":33,"column":0},"end":{"line":33,"column":65}},"33":{"start":{"line":34,"column":0},"end":{"line":34,"column":29}},"34":{"start":{"line":35,"column":0},"end":{"line":35,"column":18}},"35":{"start":{"line":36,"column":0},"end":{"line":36,"column":27}},"36":{"start":{"line":37,"column":0},"end":{"line":37,"column":29}},"37":{"start":{"line":38,"column":0},"end":{"line":38,"column":15}},"39":{"start":{"line":40,"column":0},"end":{"line":40,"column":35}},"40":{"start":{"line":41,"column":0},"end":{"line":41,"column":75}},"41":{"start":{"line":42,"column":0},"end":{"line":42,"column":20}},"42":{"start":{"line":43,"column":0},"end":{"line":43,"column":71}},"43":{"start":{"line":44,"column":0},"end":{"line":44,"column":8}},"44":{"start":{"line":45,"column":0},"end":{"line":45,"column":5}},"48":{"start":{"line":49,"column":0},"end":{"line":49,"column":60}},"49":{"start":{"line":50,"column":0},"end":{"line":50,"column":98}},"51":{"start":{"line":52,"column":0},"end":{"line":52,"column":72}},"52":{"start":{"line":53,"column":0},"end":{"line":53,"column":91}},"55":{"start":{"line":56,"column":0},"end":{"line":56,"column":71}},"56":{"start":{"line":57,"column":0},"end":{"line":57,"column":22}},"57":{"start":{"line":58,"column":0},"end":{"line":58,"column":24}},"58":{"start":{"line":59,"column":0},"end":{"line":59,"column":6}},"60":{"start":{"line":61,"column":0},"end":{"line":61,"column":38}},"62":{"start":{"line":63,"column":0},"end":{"line":63,"column":95}},"63":{"start":{"line":64,"column":0},"end":{"line":64,"column":70}},"64":{"start":{"line":65,"column":0},"end":{"line":65,"column":18}},"65":{"start":{"line":66,"column":0},"end":{"line":66,"column":6}},"67":{"start":{"line":68,"column":0},"end":{"line":68,"column":24}},"68":{"start":{"line":69,"column":0},"end":{"line":69,"column":67}},"69":{"start":{"line":70,"column":0},"end":{"line":70,"column":70}},"70":{"start":{"line":71,"column":0},"end":{"line":71,"column":18}},"71":{"start":{"line":72,"column":0},"end":{"line":72,"column":6}},"72":{"start":{"line":73,"column":0},"end":{"line":73,"column":3}},"73":{"start":{"line":74,"column":0},"end":{"line":74,"column":2}}},"s":{"0":0,"1":0,"2":0,"4":0,"5":0,"6":0,"7":0,"9":0,"11":0,"12":0,"13":0,"15":0,"16":0,"19":0,"20":0,"22":0,"25":0,"26":0,"28":0,"29":0,"32":0,"33":0,"34":0,"35":0,"36":0,"37":0,"39":0,"40":0,"41":0,"42":0,"43":0,"44":0,"48":0,"49":0,"51":0,"52":0,"55":0,"56":0,"57":0,"58":0,"60":0,"62":0,"63":0,"64":0,"65":0,"67":0,"68":0,"69":0,"70":0,"71":0,"72":0,"73":0},"branchMap":{"0":{"type":"branch","line":1,"loc":{"start":{"line":1,"column":2630},"end":{"line":74,"column":2}},"locations":[{"start":{"line":1,"column":2630},"end":{"line":74,"column":2}}]}},"b":{"0":[0]},"fnMap":{"0":{"name":"(empty-report)","decl":{"start":{"line":1,"column":2630},"end":{"line":74,"column":2}},"loc":{"start":{"line":1,"column":2630},"end":{"line":74,"column":2}},"line":1}},"f":{"0":0}}
}
