{"/Users/soyilovfarhod/task_planner/src/App.tsx": {"path":"/Users/soyilovfarhod/task_planner/src/App.tsx","statementMap":{"0":{"start":{"line":10,"column":6},"end":{"line":10,"column":null}},"1":{"start":{"line":10,"column":28},"end":{"line":10,"column":null}},"2":{"start":{"line":11,"column":6},"end":{"line":11,"column":null}},"3":{"start":{"line":11,"column":32},"end":{"line":11,"column":null}},"4":{"start":{"line":12,"column":6},"end":{"line":12,"column":null}},"5":{"start":{"line":12,"column":33},"end":{"line":12,"column":null}},"6":{"start":{"line":13,"column":6},"end":{"line":13,"column":null}},"7":{"start":{"line":13,"column":29},"end":{"line":13,"column":null}},"8":{"start":{"line":14,"column":6},"end":{"line":14,"column":null}},"9":{"start":{"line":14,"column":33},"end":{"line":14,"column":null}},"10":{"start":{"line":15,"column":6},"end":{"line":15,"column":null}},"11":{"start":{"line":15,"column":29},"end":{"line":15,"column":null}},"12":{"start":{"line":16,"column":6},"end":{"line":16,"column":null}},"13":{"start":{"line":16,"column":29},"end":{"line":16,"column":null}},"14":{"start":{"line":17,"column":6},"end":{"line":17,"column":null}},"15":{"start":{"line":17,"column":34},"end":{"line":17,"column":null}},"16":{"start":{"line":18,"column":6},"end":{"line":18,"column":null}},"17":{"start":{"line":18,"column":29},"end":{"line":18,"column":null}},"18":{"start":{"line":19,"column":6},"end":{"line":19,"column":null}},"19":{"start":{"line":19,"column":32},"end":{"line":19,"column":null}},"20":{"start":{"line":20,"column":6},"end":{"line":20,"column":null}},"21":{"start":{"line":20,"column":32},"end":{"line":20,"column":null}},"22":{"start":{"line":21,"column":6},"end":{"line":21,"column":null}},"23":{"start":{"line":21,"column":33},"end":{"line":21,"column":null}},"24":{"start":{"line":22,"column":6},"end":{"line":22,"column":null}},"25":{"start":{"line":22,"column":33},"end":{"line":22,"column":null}},"26":{"start":{"line":23,"column":6},"end":{"line":23,"column":null}},"27":{"start":{"line":23,"column":37},"end":{"line":23,"column":null}},"28":{"start":{"line":24,"column":6},"end":{"line":24,"column":null}},"29":{"start":{"line":24,"column":32},"end":{"line":24,"column":null}},"30":{"start":{"line":25,"column":6},"end":{"line":25,"column":null}},"31":{"start":{"line":25,"column":29},"end":{"line":25,"column":null}},"32":{"start":{"line":28,"column":19},"end":{"line":34,"column":null}},"33":{"start":{"line":29,"column":4},"end":{"line":34,"column":null}},"34":{"start":{"line":37,"column":22},"end":{"line":103,"column":null}},"35":{"start":{"line":38,"column":30},"end":{"line":38,"column":null}},"36":{"start":{"line":39,"column":34},"end":{"line":39,"column":null}},"37":{"start":{"line":41,"column":4},"end":{"line":54,"column":null}},"38":{"start":{"line":42,"column":8},"end":{"line":45,"column":null}},"39":{"start":{"line":43,"column":12},"end":{"line":43,"column":null}},"40":{"start":{"line":44,"column":12},"end":{"line":44,"column":null}},"41":{"start":{"line":49,"column":12},"end":{"line":51,"column":null}},"42":{"start":{"line":50,"column":12},"end":{"line":50,"column":null}},"43":{"start":{"line":53,"column":8},"end":{"line":53,"column":null}},"44":{"start":{"line":53,"column":21},"end":{"line":53,"column":null}},"45":{"start":{"line":56,"column":4},"end":{"line":56,"column":null}},"46":{"start":{"line":56,"column":19},"end":{"line":56,"column":null}},"47":{"start":{"line":58,"column":4},"end":{"line":68,"column":null}},"48":{"start":{"line":59,"column":8},"end":{"line":66,"column":null}},"49":{"start":{"line":70,"column":4},"end":{"line":101,"column":null}}},"fnMap":{"0":{"name":"(anonymous_0)","decl":{"start":{"line":10,"column":22},"end":{"line":10,"column":28}},"loc":{"start":{"line":10,"column":28},"end":{"line":10,"column":null}},"line":10},"1":{"name":"(anonymous_1)","decl":{"start":{"line":11,"column":26},"end":{"line":11,"column":32}},"loc":{"start":{"line":11,"column":32},"end":{"line":11,"column":null}},"line":11},"2":{"name":"(anonymous_2)","decl":{"start":{"line":12,"column":27},"end":{"line":12,"column":33}},"loc":{"start":{"line":12,"column":33},"end":{"line":12,"column":null}},"line":12},"3":{"name":"(anonymous_3)","decl":{"start":{"line":13,"column":23},"end":{"line":13,"column":29}},"loc":{"start":{"line":13,"column":29},"end":{"line":13,"column":null}},"line":13},"4":{"name":"(anonymous_4)","decl":{"start":{"line":14,"column":27},"end":{"line":14,"column":33}},"loc":{"start":{"line":14,"column":33},"end":{"line":14,"column":null}},"line":14},"5":{"name":"(anonymous_5)","decl":{"start":{"line":15,"column":23},"end":{"line":15,"column":29}},"loc":{"start":{"line":15,"column":29},"end":{"line":15,"column":null}},"line":15},"6":{"name":"(anonymous_6)","decl":{"start":{"line":16,"column":23},"end":{"line":16,"column":29}},"loc":{"start":{"line":16,"column":29},"end":{"line":16,"column":null}},"line":16},"7":{"name":"(anonymous_7)","decl":{"start":{"line":17,"column":28},"end":{"line":17,"column":34}},"loc":{"start":{"line":17,"column":34},"end":{"line":17,"column":null}},"line":17},"8":{"name":"(anonymous_8)","decl":{"start":{"line":18,"column":23},"end":{"line":18,"column":29}},"loc":{"start":{"line":18,"column":29},"end":{"line":18,"column":null}},"line":18},"9":{"name":"(anonymous_9)","decl":{"start":{"line":19,"column":26},"end":{"line":19,"column":32}},"loc":{"start":{"line":19,"column":32},"end":{"line":19,"column":null}},"line":19},"10":{"name":"(anonymous_10)","decl":{"start":{"line":20,"column":26},"end":{"line":20,"column":32}},"loc":{"start":{"line":20,"column":32},"end":{"line":20,"column":null}},"line":20},"11":{"name":"(anonymous_11)","decl":{"start":{"line":21,"column":27},"end":{"line":21,"column":33}},"loc":{"start":{"line":21,"column":33},"end":{"line":21,"column":null}},"line":21},"12":{"name":"(anonymous_12)","decl":{"start":{"line":22,"column":27},"end":{"line":22,"column":33}},"loc":{"start":{"line":22,"column":33},"end":{"line":22,"column":null}},"line":22},"13":{"name":"(anonymous_13)","decl":{"start":{"line":23,"column":31},"end":{"line":23,"column":37}},"loc":{"start":{"line":23,"column":37},"end":{"line":23,"column":null}},"line":23},"14":{"name":"(anonymous_14)","decl":{"start":{"line":24,"column":26},"end":{"line":24,"column":32}},"loc":{"start":{"line":24,"column":32},"end":{"line":24,"column":null}},"line":24},"15":{"name":"(anonymous_15)","decl":{"start":{"line":25,"column":23},"end":{"line":25,"column":29}},"loc":{"start":{"line":25,"column":29},"end":{"line":25,"column":null}},"line":25},"16":{"name":"(anonymous_16)","decl":{"start":{"line":28,"column":19},"end":{"line":28,"column":null}},"loc":{"start":{"line":29,"column":4},"end":{"line":34,"column":null}},"line":29},"17":{"name":"(anonymous_17)","decl":{"start":{"line":37,"column":22},"end":{"line":37,"column":28}},"loc":{"start":{"line":37,"column":28},"end":{"line":103,"column":null}},"line":37},"18":{"name":"(anonymous_18)","decl":{"start":{"line":41,"column":14},"end":{"line":41,"column":20}},"loc":{"start":{"line":41,"column":20},"end":{"line":54,"column":7}},"line":41},"19":{"name":"(anonymous_19)","decl":{"start":{"line":42,"column":40},"end":{"line":42,"column":41}},"loc":{"start":{"line":42,"column":67},"end":{"line":45,"column":9}},"line":42},"20":{"name":"(anonymous_20)","decl":{"start":{"line":49,"column":44},"end":{"line":49,"column":45}},"loc":{"start":{"line":49,"column":65},"end":{"line":51,"column":9}},"line":49},"21":{"name":"(anonymous_21)","decl":{"start":{"line":53,"column":15},"end":{"line":53,"column":21}},"loc":{"start":{"line":53,"column":21},"end":{"line":53,"column":null}},"line":53}},"branchMap":{"0":{"loc":{"start":{"line":56,"column":4},"end":{"line":56,"column":null}},"type":"if","locations":[{"start":{"line":56,"column":4},"end":{"line":56,"column":null}},{"start":{},"end":{}}],"line":56},"1":{"loc":{"start":{"line":58,"column":4},"end":{"line":68,"column":null}},"type":"if","locations":[{"start":{"line":58,"column":4},"end":{"line":68,"column":null}},{"start":{},"end":{}}],"line":58}},"s":{"0":1,"1":0,"2":1,"3":0,"4":1,"5":0,"6":1,"7":0,"8":1,"9":0,"10":1,"11":0,"12":1,"13":0,"14":1,"15":0,"16":1,"17":0,"18":1,"19":0,"20":1,"21":0,"22":1,"23":0,"24":1,"25":0,"26":1,"27":0,"28":1,"29":0,"30":1,"31":0,"32":1,"33":0,"34":1,"35":1,"36":1,"37":1,"38":1,"39":1,"40":1,"41":1,"42":0,"43":1,"44":1,"45":1,"46":1,"47":0,"48":0,"49":0},"f":{"0":0,"1":0,"2":0,"3":0,"4":0,"5":0,"6":0,"7":0,"8":0,"9":0,"10":0,"11":0,"12":0,"13":0,"14":0,"15":0,"16":0,"17":1,"18":1,"19":1,"20":0,"21":1},"b":{"0":[1,0],"1":[0,0]},"meta":{"lastBranch":2,"lastFunction":22,"lastStatement":50,"seen":{"s:10:6:10:Infinity":0,"f:10:22:10:28":0,"s:10:28:10:Infinity":1,"s:11:6:11:Infinity":2,"f:11:26:11:32":1,"s:11:32:11:Infinity":3,"s:12:6:12:Infinity":4,"f:12:27:12:33":2,"s:12:33:12:Infinity":5,"s:13:6:13:Infinity":6,"f:13:23:13:29":3,"s:13:29:13:Infinity":7,"s:14:6:14:Infinity":8,"f:14:27:14:33":4,"s:14:33:14:Infinity":9,"s:15:6:15:Infinity":10,"f:15:23:15:29":5,"s:15:29:15:Infinity":11,"s:16:6:16:Infinity":12,"f:16:23:16:29":6,"s:16:29:16:Infinity":13,"s:17:6:17:Infinity":14,"f:17:28:17:34":7,"s:17:34:17:Infinity":15,"s:18:6:18:Infinity":16,"f:18:23:18:29":8,"s:18:29:18:Infinity":17,"s:19:6:19:Infinity":18,"f:19:26:19:32":9,"s:19:32:19:Infinity":19,"s:20:6:20:Infinity":20,"f:20:26:20:32":10,"s:20:32:20:Infinity":21,"s:21:6:21:Infinity":22,"f:21:27:21:33":11,"s:21:33:21:Infinity":23,"s:22:6:22:Infinity":24,"f:22:27:22:33":12,"s:22:33:22:Infinity":25,"s:23:6:23:Infinity":26,"f:23:31:23:37":13,"s:23:37:23:Infinity":27,"s:24:6:24:Infinity":28,"f:24:26:24:32":14,"s:24:32:24:Infinity":29,"s:25:6:25:Infinity":30,"f:25:23:25:29":15,"s:25:29:25:Infinity":31,"s:28:19:34:Infinity":32,"f:28:19:28:Infinity":16,"s:29:4:34:Infinity":33,"s:37:22:103:Infinity":34,"f:37:22:37:28":17,"s:38:30:38:Infinity":35,"s:39:34:39:Infinity":36,"s:41:4:54:Infinity":37,"f:41:14:41:20":18,"s:42:8:45:Infinity":38,"f:42:40:42:41":19,"s:43:12:43:Infinity":39,"s:44:12:44:Infinity":40,"s:49:12:51:Infinity":41,"f:49:44:49:45":20,"s:50:12:50:Infinity":42,"s:53:8:53:Infinity":43,"f:53:15:53:21":21,"s:53:21:53:Infinity":44,"b:56:4:56:Infinity:undefined:undefined:undefined:undefined":0,"s:56:4:56:Infinity":45,"s:56:19:56:Infinity":46,"b:58:4:68:Infinity:undefined:undefined:undefined:undefined":1,"s:58:4:68:Infinity":47,"s:59:8:66:Infinity":48,"s:70:4:101:Infinity":49}}}
,"/Users/soyilovfarhod/task_planner/src/components/ErrorBoundary.tsx": {"path":"/Users/soyilovfarhod/task_planner/src/components/ErrorBoundary.tsx","statementMap":{"0":{"start":{"line":15,"column":8},"end":{"line":15,"column":null}},"1":{"start":{"line":16,"column":8},"end":{"line":19,"column":null}},"2":{"start":{"line":23,"column":8},"end":{"line":26,"column":null}},"3":{"start":{"line":30,"column":8},"end":{"line":30,"column":null}},"4":{"start":{"line":34,"column":8},"end":{"line":74,"column":null}},"5":{"start":{"line":35,"column":12},"end":{"line":37,"column":null}},"6":{"start":{"line":36,"column":16},"end":{"line":36,"column":null}},"7":{"start":{"line":39,"column":12},"end":{"line":72,"column":null}},"8":{"start":{"line":66,"column":43},"end":{"line":66,"column":null}},"9":{"start":{"line":76,"column":8},"end":{"line":76,"column":null}}},"fnMap":{"0":{"name":"(anonymous_0)","decl":{"start":{"line":14,"column":4},"end":{"line":14,"column":16}},"loc":{"start":{"line":14,"column":30},"end":{"line":20,"column":null}},"line":14},"1":{"name":"(anonymous_1)","decl":{"start":{"line":22,"column":11},"end":{"line":22,"column":36}},"loc":{"start":{"line":22,"column":57},"end":{"line":27,"column":null}},"line":22},"2":{"name":"(anonymous_2)","decl":{"start":{"line":29,"column":4},"end":{"line":29,"column":22}},"loc":{"start":{"line":29,"column":64},"end":{"line":31,"column":null}},"line":29},"3":{"name":"(anonymous_3)","decl":{"start":{"line":33,"column":4},"end":{"line":33,"column":24}},"loc":{"start":{"line":33,"column":24},"end":{"line":77,"column":null}},"line":33},"4":{"name":"(anonymous_4)","decl":{"start":{"line":66,"column":37},"end":{"line":66,"column":43}},"loc":{"start":{"line":66,"column":43},"end":{"line":66,"column":null}},"line":66}},"branchMap":{"0":{"loc":{"start":{"line":34,"column":8},"end":{"line":74,"column":null}},"type":"if","locations":[{"start":{"line":34,"column":8},"end":{"line":74,"column":null}},{"start":{},"end":{}}],"line":34},"1":{"loc":{"start":{"line":35,"column":12},"end":{"line":37,"column":null}},"type":"if","locations":[{"start":{"line":35,"column":12},"end":{"line":37,"column":null}},{"start":{},"end":{}}],"line":35},"2":{"loc":{"start":{"line":55,"column":25},"end":{"line":63,"column":null}},"type":"binary-expr","locations":[{"start":{"line":55,"column":25},"end":{"line":55,"column":null}},{"start":{"line":56,"column":28},"end":{"line":63,"column":null}}],"line":55}},"s":{"0":18,"1":18,"2":16,"3":8,"4":33,"5":16,"6":2,"7":14,"8":1,"9":17},"f":{"0":18,"1":2,"2":8,"3":33,"4":1},"b":{"0":[16,17],"1":[2,14],"2":[14,14]},"meta":{"lastBranch":3,"lastFunction":5,"lastStatement":10,"seen":{"f:14:4:14:16":0,"s:15:8:15:Infinity":0,"s:16:8:19:Infinity":1,"f:22:11:22:36":1,"s:23:8:26:Infinity":2,"f:29:4:29:22":2,"s:30:8:30:Infinity":3,"f:33:4:33:24":3,"b:34:8:74:Infinity:undefined:undefined:undefined:undefined":0,"s:34:8:74:Infinity":4,"b:35:12:37:Infinity:undefined:undefined:undefined:undefined":1,"s:35:12:37:Infinity":5,"s:36:16:36:Infinity":6,"s:39:12:72:Infinity":7,"b:55:25:55:Infinity:56:28:63:Infinity":2,"f:66:37:66:43":4,"s:66:43:66:Infinity":8,"s:76:8:76:Infinity":9}}}
,"/Users/soyilovfarhod/task_planner/src/components/GlobalAudioPlayer.tsx": {"path":"/Users/soyilovfarhod/task_planner/src/components/GlobalAudioPlayer.tsx","statementMap":{"0":{"start":{"line":4,"column":15},"end":{"line":10,"column":null}},"1":{"start":{"line":12,"column":26},"end":{"line":31,"column":null}},"2":{"start":{"line":13,"column":23},"end":{"line":13,"column":null}},"3":{"start":{"line":14,"column":10},"end":{"line":14,"column":null}},"4":{"start":{"line":16,"column":4},"end":{"line":28,"column":null}},"5":{"start":{"line":17,"column":8},"end":{"line":17,"column":null}},"6":{"start":{"line":17,"column":31},"end":{"line":17,"column":null}},"7":{"start":{"line":19,"column":25},"end":{"line":19,"column":null}},"8":{"start":{"line":19,"column":42},"end":{"line":19,"column":69}},"9":{"start":{"line":20,"column":8},"end":{"line":27,"column":null}},"10":{"start":{"line":21,"column":12},"end":{"line":23,"column":null}},"11":{"start":{"line":22,"column":16},"end":{"line":22,"column":null}},"12":{"start":{"line":24,"column":12},"end":{"line":24,"column":null}},"13":{"start":{"line":24,"column":47},"end":{"line":24,"column":108}},"14":{"start":{"line":26,"column":12},"end":{"line":26,"column":null}},"15":{"start":{"line":30,"column":4},"end":{"line":30,"column":null}}},"fnMap":{"0":{"name":"(anonymous_0)","decl":{"start":{"line":12,"column":26},"end":{"line":12,"column":32}},"loc":{"start":{"line":12,"column":32},"end":{"line":31,"column":null}},"line":12},"1":{"name":"(anonymous_1)","decl":{"start":{"line":16,"column":14},"end":{"line":16,"column":20}},"loc":{"start":{"line":16,"column":20},"end":{"line":28,"column":7}},"line":16},"2":{"name":"(anonymous_2)","decl":{"start":{"line":19,"column":37},"end":{"line":19,"column":42}},"loc":{"start":{"line":19,"column":42},"end":{"line":19,"column":69}},"line":19},"3":{"name":"(anonymous_3)","decl":{"start":{"line":24,"column":42},"end":{"line":24,"column":47}},"loc":{"start":{"line":24,"column":47},"end":{"line":24,"column":108}},"line":24}},"branchMap":{"0":{"loc":{"start":{"line":17,"column":8},"end":{"line":17,"column":null}},"type":"if","locations":[{"start":{"line":17,"column":8},"end":{"line":17,"column":null}},{"start":{},"end":{}}],"line":17},"1":{"loc":{"start":{"line":20,"column":8},"end":{"line":27,"column":null}},"type":"if","locations":[{"start":{"line":20,"column":8},"end":{"line":27,"column":null}},{"start":{"line":25,"column":15},"end":{"line":27,"column":null}}],"line":20},"2":{"loc":{"start":{"line":20,"column":12},"end":{"line":20,"column":68}},"type":"binary-expr","locations":[{"start":{"line":20,"column":12},"end":{"line":20,"column":24}},{"start":{"line":20,"column":24},"end":{"line":20,"column":47}},{"start":{"line":20,"column":47},"end":{"line":20,"column":68}}],"line":20},"3":{"loc":{"start":{"line":21,"column":12},"end":{"line":23,"column":null}},"type":"if","locations":[{"start":{"line":21,"column":12},"end":{"line":23,"column":null}},{"start":{},"end":{}}],"line":21}},"s":{"0":1,"1":1,"2":0,"3":0,"4":0,"5":0,"6":0,"7":0,"8":0,"9":0,"10":0,"11":0,"12":0,"13":0,"14":0,"15":0},"f":{"0":0,"1":0,"2":0,"3":0},"b":{"0":[0,0],"1":[0,0],"2":[0,0,0],"3":[0,0]},"meta":{"lastBranch":4,"lastFunction":4,"lastStatement":16,"seen":{"s:4:15:10:Infinity":0,"s:12:26:31:Infinity":1,"f:12:26:12:32":0,"s:13:23:13:Infinity":2,"s:14:10:14:Infinity":3,"s:16:4:28:Infinity":4,"f:16:14:16:20":1,"b:17:8:17:Infinity:undefined:undefined:undefined:undefined":0,"s:17:8:17:Infinity":5,"s:17:31:17:Infinity":6,"s:19:25:19:Infinity":7,"f:19:37:19:42":2,"s:19:42:19:69":8,"b:20:8:27:Infinity:25:15:27:Infinity":1,"s:20:8:27:Infinity":9,"b:20:12:20:24:20:24:20:47:20:47:20:68":2,"b:21:12:23:Infinity:undefined:undefined:undefined:undefined":3,"s:21:12:23:Infinity":10,"s:22:16:22:Infinity":11,"s:24:12:24:Infinity":12,"f:24:42:24:47":3,"s:24:47:24:108":13,"s:26:12:26:Infinity":14,"s:30:4:30:Infinity":15}}}
,"/Users/soyilovfarhod/task_planner/src/components/Layout.tsx": {"path":"/Users/soyilovfarhod/task_planner/src/components/Layout.tsx","statementMap":{"0":{"start":{"line":7,"column":25},"end":{"line":92,"column":null}},"1":{"start":{"line":8,"column":40},"end":{"line":8,"column":null}},"2":{"start":{"line":9,"column":38},"end":{"line":9,"column":null}},"3":{"start":{"line":10,"column":10},"end":{"line":10,"column":null}},"4":{"start":{"line":12,"column":21},"end":{"line":23,"column":null}},"5":{"start":{"line":25,"column":25},"end":{"line":28,"column":null}},"6":{"start":{"line":26,"column":24},"end":{"line":26,"column":null}},"7":{"start":{"line":26,"column":46},"end":{"line":26,"column":77}},"8":{"start":{"line":27,"column":8},"end":{"line":27,"column":null}},"9":{"start":{"line":30,"column":4},"end":{"line":90,"column":null}},"10":{"start":{"line":35,"column":39},"end":{"line":35,"column":71}},"11":{"start":{"line":48,"column":39},"end":{"line":48,"column":null}},"12":{"start":{"line":61,"column":24},"end":{"line":75,"column":null}},"13":{"start":{"line":64,"column":43},"end":{"line":64,"column":null}},"14":{"start":{"line":66,"column":32},"end":{"line":69,"column":null}}},"fnMap":{"0":{"name":"(anonymous_0)","decl":{"start":{"line":7,"column":25},"end":{"line":7,"column":31}},"loc":{"start":{"line":7,"column":31},"end":{"line":92,"column":null}},"line":7},"1":{"name":"(anonymous_1)","decl":{"start":{"line":25,"column":25},"end":{"line":25,"column":31}},"loc":{"start":{"line":25,"column":31},"end":{"line":28,"column":null}},"line":25},"2":{"name":"(anonymous_2)","decl":{"start":{"line":26,"column":38},"end":{"line":26,"column":46}},"loc":{"start":{"line":26,"column":46},"end":{"line":26,"column":77}},"line":26},"3":{"name":"(anonymous_3)","decl":{"start":{"line":35,"column":33},"end":{"line":35,"column":39}},"loc":{"start":{"line":35,"column":39},"end":{"line":35,"column":71}},"line":35},"4":{"name":"(anonymous_4)","decl":{"start":{"line":48,"column":33},"end":{"line":48,"column":39}},"loc":{"start":{"line":48,"column":39},"end":{"line":48,"column":null}},"line":48},"5":{"name":"(anonymous_5)","decl":{"start":{"line":60,"column":34},"end":{"line":60,"column":35}},"loc":{"start":{"line":61,"column":24},"end":{"line":75,"column":null}},"line":61},"6":{"name":"(anonymous_6)","decl":{"start":{"line":64,"column":37},"end":{"line":64,"column":43}},"loc":{"start":{"line":64,"column":43},"end":{"line":64,"column":null}},"line":64},"7":{"name":"(anonymous_7)","decl":{"start":{"line":65,"column":39},"end":{"line":65,"column":40}},"loc":{"start":{"line":66,"column":32},"end":{"line":69,"column":null}},"line":66}},"branchMap":{"0":{"loc":{"start":{"line":27,"column":15},"end":{"line":27,"column":null}},"type":"cond-expr","locations":[{"start":{"line":27,"column":25},"end":{"line":27,"column":40}},{"start":{"line":27,"column":40},"end":{"line":27,"column":null}}],"line":27},"1":{"loc":{"start":{"line":36,"column":21},"end":{"line":36,"column":null}},"type":"cond-expr","locations":[{"start":{"line":36,"column":37},"end":{"line":36,"column":55}},{"start":{"line":36,"column":55},"end":{"line":36,"column":null}}],"line":36},"2":{"loc":{"start":{"line":42,"column":63},"end":{"line":42,"column":116}},"type":"cond-expr","locations":[{"start":{"line":42,"column":79},"end":{"line":42,"column":97}},{"start":{"line":42,"column":97},"end":{"line":42,"column":116}}],"line":42},"3":{"loc":{"start":{"line":42,"column":149},"end":{"line":42,"column":184}},"type":"cond-expr","locations":[{"start":{"line":42,"column":163},"end":{"line":42,"column":175}},{"start":{"line":42,"column":175},"end":{"line":42,"column":184}}],"line":42},"4":{"loc":{"start":{"line":44,"column":103},"end":{"line":44,"column":153}},"type":"cond-expr","locations":[{"start":{"line":44,"column":117},"end":{"line":44,"column":136}},{"start":{"line":44,"column":136},"end":{"line":44,"column":153}}],"line":44},"5":{"loc":{"start":{"line":45,"column":21},"end":{"line":45,"column":null}},"type":"binary-expr","locations":[{"start":{"line":45,"column":21},"end":{"line":45,"column":37}},{"start":{"line":45,"column":37},"end":{"line":45,"column":null}}],"line":45},"6":{"loc":{"start":{"line":51,"column":25},"end":{"line":51,"column":null}},"type":"cond-expr","locations":[{"start":{"line":51,"column":39},"end":{"line":51,"column":68}},{"start":{"line":51,"column":68},"end":{"line":51,"column":null}}],"line":51},"7":{"loc":{"start":{"line":55,"column":44},"end":{"line":55,"column":76}},"type":"cond-expr","locations":[{"start":{"line":55,"column":58},"end":{"line":55,"column":69}},{"start":{"line":55,"column":69},"end":{"line":55,"column":76}}],"line":55},"8":{"loc":{"start":{"line":66,"column":53},"end":{"line":66,"column":88}},"type":"cond-expr","locations":[{"start":{"line":66,"column":67},"end":{"line":66,"column":86}},{"start":{"line":66,"column":86},"end":{"line":66,"column":88}}],"line":66},"9":{"loc":{"start":{"line":66,"column":134},"end":{"line":68,"column":null}},"type":"cond-expr","locations":[{"start":{"line":67,"column":38},"end":{"line":67,"column":null}},{"start":{"line":68,"column":38},"end":{"line":68,"column":null}}],"line":66},"10":{"loc":{"start":{"line":71,"column":35},"end":{"line":71,"column":null}},"type":"cond-expr","locations":[{"start":{"line":71,"column":49},"end":{"line":71,"column":61}},{"start":{"line":71,"column":61},"end":{"line":71,"column":null}}],"line":71},"11":{"loc":{"start":{"line":74,"column":29},"end":{"line":74,"column":null}},"type":"binary-expr","locations":[{"start":{"line":74,"column":29},"end":{"line":74,"column":45}},{"start":{"line":74,"column":45},"end":{"line":74,"column":null}}],"line":74},"12":{"loc":{"start":{"line":79,"column":119},"end":{"line":79,"column":151}},"type":"cond-expr","locations":[{"start":{"line":79,"column":133},"end":{"line":79,"column":144}},{"start":{"line":79,"column":144},"end":{"line":79,"column":151}}],"line":79}},"s":{"0":1,"1":0,"2":0,"3":0,"4":0,"5":0,"6":0,"7":0,"8":0,"9":0,"10":0,"11":0,"12":0,"13":0,"14":0},"f":{"0":0,"1":0,"2":0,"3":0,"4":0,"5":0,"6":0,"7":0},"b":{"0":[0,0],"1":[0,0],"2":[0,0],"3":[0,0],"4":[0,0],"5":[0,0],"6":[0,0],"7":[0,0],"8":[0,0],"9":[0,0],"10":[0,0],"11":[0,0],"12":[0,0]},"meta":{"lastBranch":13,"lastFunction":8,"lastStatement":15,"seen":{"s:7:25:92:Infinity":0,"f:7:25:7:31":0,"s:8:40:8:Infinity":1,"s:9:38:9:Infinity":2,"s:10:10:10:Infinity":3,"s:12:21:23:Infinity":4,"s:25:25:28:Infinity":5,"f:25:25:25:31":1,"s:26:24:26:Infinity":6,"f:26:38:26:46":2,"s:26:46:26:77":7,"s:27:8:27:Infinity":8,"b:27:25:27:40:27:40:27:Infinity":0,"s:30:4:90:Infinity":9,"f:35:33:35:39":3,"s:35:39:35:71":10,"b:36:37:36:55:36:55:36:Infinity":1,"b:42:79:42:97:42:97:42:116":2,"b:42:163:42:175:42:175:42:184":3,"b:44:117:44:136:44:136:44:153":4,"b:45:21:45:37:45:37:45:Infinity":5,"f:48:33:48:39":4,"s:48:39:48:Infinity":11,"b:51:39:51:68:51:68:51:Infinity":6,"b:55:58:55:69:55:69:55:76":7,"f:60:34:60:35":5,"s:61:24:75:Infinity":12,"f:64:37:64:43":6,"s:64:43:64:Infinity":13,"f:65:39:65:40":7,"s:66:32:69:Infinity":14,"b:66:67:66:86:66:86:66:88":8,"b:67:38:67:Infinity:68:38:68:Infinity":9,"b:71:49:71:61:71:61:71:Infinity":10,"b:74:29:74:45:74:45:74:Infinity":11,"b:79:133:79:144:79:144:79:151":12}}}
,"/Users/soyilovfarhod/task_planner/src/components/LevelProgress.tsx": {"path":"/Users/soyilovfarhod/task_planner/src/components/LevelProgress.tsx","statementMap":{"0":{"start":{"line":6,"column":32},"end":{"line":40,"column":null}},"1":{"start":{"line":7,"column":21},"end":{"line":7,"column":null}},"2":{"start":{"line":8,"column":56},"end":{"line":8,"column":null}},"3":{"start":{"line":10,"column":4},"end":{"line":38,"column":null}}},"fnMap":{"0":{"name":"(anonymous_0)","decl":{"start":{"line":6,"column":32},"end":{"line":6,"column":38}},"loc":{"start":{"line":6,"column":38},"end":{"line":40,"column":null}},"line":6}},"branchMap":{"0":{"loc":{"start":{"line":8,"column":73},"end":{"line":8,"column":94}},"type":"binary-expr","locations":[{"start":{"line":8,"column":73},"end":{"line":8,"column":93}},{"start":{"line":8,"column":93},"end":{"line":8,"column":94}}],"line":8},"1":{"loc":{"start":{"line":22,"column":25},"end":{"line":22,"column":53}},"type":"binary-expr","locations":[{"start":{"line":22,"column":25},"end":{"line":22,"column":51}},{"start":{"line":22,"column":51},"end":{"line":22,"column":53}}],"line":22}},"s":{"0":2,"1":9,"2":9,"3":9},"f":{"0":9},"b":{"0":[9,2],"1":[9,7]},"meta":{"lastBranch":2,"lastFunction":1,"lastStatement":4,"seen":{"s:6:32:40:Infinity":0,"f:6:32:6:38":0,"s:7:21:7:Infinity":1,"s:8:56:8:Infinity":2,"b:8:73:8:93:8:93:8:94":0,"s:10:4:38:Infinity":3,"b:22:25:22:51:22:51:22:53":1}}}
,"/Users/soyilovfarhod/task_planner/src/components/SessionCompleteModal.tsx": {"path":"/Users/soyilovfarhod/task_planner/src/components/SessionCompleteModal.tsx","statementMap":{"0":{"start":{"line":6,"column":14},"end":{"line":12,"column":null}},"1":{"start":{"line":14,"column":46},"end":{"line":82,"column":null}},"2":{"start":{"line":15,"column":56},"end":{"line":15,"column":null}},"3":{"start":{"line":16,"column":40},"end":{"line":16,"column":null}},"4":{"start":{"line":18,"column":4},"end":{"line":18,"column":null}},"5":{"start":{"line":18,"column":71},"end":{"line":18,"column":null}},"6":{"start":{"line":20,"column":23},"end":{"line":32,"column":null}},"7":{"start":{"line":21,"column":8},"end":{"line":28,"column":null}},"8":{"start":{"line":29,"column":8},"end":{"line":29,"column":null}},"9":{"start":{"line":30,"column":8},"end":{"line":30,"column":null}},"10":{"start":{"line":31,"column":8},"end":{"line":31,"column":null}},"11":{"start":{"line":34,"column":23},"end":{"line":37,"column":null}},"12":{"start":{"line":35,"column":8},"end":{"line":35,"column":null}},"13":{"start":{"line":36,"column":8},"end":{"line":36,"column":null}},"14":{"start":{"line":39,"column":4},"end":{"line":80,"column":null}},"15":{"start":{"line":56,"column":24},"end":{"line":63,"column":null}},"16":{"start":{"line":58,"column":43},"end":{"line":58,"column":null}}},"fnMap":{"0":{"name":"(anonymous_0)","decl":{"start":{"line":14,"column":46},"end":{"line":14,"column":52}},"loc":{"start":{"line":14,"column":52},"end":{"line":82,"column":null}},"line":14},"1":{"name":"(anonymous_1)","decl":{"start":{"line":20,"column":23},"end":{"line":20,"column":29}},"loc":{"start":{"line":20,"column":29},"end":{"line":32,"column":null}},"line":20},"2":{"name":"(anonymous_2)","decl":{"start":{"line":34,"column":23},"end":{"line":34,"column":29}},"loc":{"start":{"line":34,"column":29},"end":{"line":37,"column":null}},"line":34},"3":{"name":"(anonymous_3)","decl":{"start":{"line":55,"column":31},"end":{"line":55,"column":null}},"loc":{"start":{"line":56,"column":24},"end":{"line":63,"column":null}},"line":56},"4":{"name":"(anonymous_4)","decl":{"start":{"line":58,"column":37},"end":{"line":58,"column":43}},"loc":{"start":{"line":58,"column":43},"end":{"line":58,"column":null}},"line":58}},"branchMap":{"0":{"loc":{"start":{"line":18,"column":4},"end":{"line":18,"column":null}},"type":"if","locations":[{"start":{"line":18,"column":4},"end":{"line":18,"column":null}},{"start":{},"end":{}}],"line":18},"1":{"loc":{"start":{"line":18,"column":8},"end":{"line":18,"column":71}},"type":"binary-expr","locations":[{"start":{"line":18,"column":8},"end":{"line":18,"column":42}},{"start":{"line":18,"column":42},"end":{"line":18,"column":71}}],"line":18},"2":{"loc":{"start":{"line":22,"column":23},"end":{"line":22,"column":null}},"type":"binary-expr","locations":[{"start":{"line":22,"column":23},"end":{"line":22,"column":55}},{"start":{"line":22,"column":55},"end":{"line":22,"column":null}}],"line":22},"3":{"loc":{"start":{"line":27,"column":23},"end":{"line":27,"column":null}},"type":"binary-expr","locations":[{"start":{"line":27,"column":23},"end":{"line":27,"column":39}},{"start":{"line":27,"column":39},"end":{"line":27,"column":null}}],"line":27},"4":{"loc":{"start":{"line":59,"column":105},"end":{"line":59,"column":256}},"type":"cond-expr","locations":[{"start":{"line":59,"column":132},"end":{"line":59,"column":215}},{"start":{"line":59,"column":215},"end":{"line":59,"column":256}}],"line":59}},"s":{"0":2,"1":2,"2":15,"3":15,"4":15,"5":2,"6":13,"7":1,"8":1,"9":1,"10":1,"11":13,"12":1,"13":1,"14":13,"15":65,"16":3},"f":{"0":15,"1":1,"2":1,"3":65,"4":3},"b":{"0":[2,13],"1":[15,14],"2":[1,0],"3":[1,0],"4":[3,62]},"meta":{"lastBranch":5,"lastFunction":5,"lastStatement":17,"seen":{"s:6:14:12:Infinity":0,"s:14:46:82:Infinity":1,"f:14:46:14:52":0,"s:15:56:15:Infinity":2,"s:16:40:16:Infinity":3,"b:18:4:18:Infinity:undefined:undefined:undefined:undefined":0,"s:18:4:18:Infinity":4,"b:18:8:18:42:18:42:18:71":1,"s:18:71:18:Infinity":5,"s:20:23:32:Infinity":6,"f:20:23:20:29":1,"s:21:8:28:Infinity":7,"b:22:23:22:55:22:55:22:Infinity":2,"b:27:23:27:39:27:39:27:Infinity":3,"s:29:8:29:Infinity":8,"s:30:8:30:Infinity":9,"s:31:8:31:Infinity":10,"s:34:23:37:Infinity":11,"f:34:23:34:29":2,"s:35:8:35:Infinity":12,"s:36:8:36:Infinity":13,"s:39:4:80:Infinity":14,"f:55:31:55:Infinity":3,"s:56:24:63:Infinity":15,"f:58:37:58:43":4,"s:58:43:58:Infinity":16,"b:59:132:59:215:59:215:59:256":4}}}
,"/Users/soyilovfarhod/task_planner/src/components/ui/Button.tsx": {"path":"/Users/soyilovfarhod/task_planner/src/components/ui/Button.tsx","statementMap":{"0":{"start":{"line":9,"column":45},"end":{"line":36,"column":null}},"1":{"start":{"line":17,"column":23},"end":{"line":17,"column":null}},"2":{"start":{"line":19,"column":21},"end":{"line":24,"column":null}},"3":{"start":{"line":26,"column":4},"end":{"line":34,"column":null}}},"fnMap":{"0":{"name":"(anonymous_0)","decl":{"start":{"line":9,"column":45},"end":{"line":9,"column":46}},"loc":{"start":{"line":16,"column":6},"end":{"line":36,"column":null}},"line":16}},"branchMap":{"0":{"loc":{"start":{"line":11,"column":4},"end":{"line":11,"column":null}},"type":"default-arg","locations":[{"start":{"line":11,"column":14},"end":{"line":11,"column":null}}],"line":11},"1":{"loc":{"start":{"line":13,"column":4},"end":{"line":13,"column":null}},"type":"default-arg","locations":[{"start":{"line":13,"column":16},"end":{"line":13,"column":null}}],"line":13},"2":{"loc":{"start":{"line":29,"column":22},"end":{"line":29,"column":null}},"type":"binary-expr","locations":[{"start":{"line":29,"column":22},"end":{"line":29,"column":35}},{"start":{"line":29,"column":35},"end":{"line":29,"column":null}}],"line":29},"3":{"loc":{"start":{"line":32,"column":13},"end":{"line":32,"column":null}},"type":"binary-expr","locations":[{"start":{"line":32,"column":13},"end":{"line":32,"column":26}},{"start":{"line":32,"column":26},"end":{"line":32,"column":null}}],"line":32}},"s":{"0":3,"1":29,"2":29,"3":29},"f":{"0":29},"b":{"0":[29],"1":[29],"2":[29,28],"3":[29,1]},"meta":{"lastBranch":4,"lastFunction":1,"lastStatement":4,"seen":{"s:9:45:36:Infinity":0,"f:9:45:9:46":0,"b:11:14:11:Infinity":0,"b:13:16:13:Infinity":1,"s:17:23:17:Infinity":1,"s:19:21:24:Infinity":2,"s:26:4:34:Infinity":3,"b:29:22:29:35:29:35:29:Infinity":2,"b:32:13:32:26:32:26:32:Infinity":3}}}
,"/Users/soyilovfarhod/task_planner/src/context/StudyPlannerContext.tsx": {"path":"/Users/soyilovfarhod/task_planner/src/context/StudyPlannerContext.tsx","statementMap":{"0":{"start":{"line":88,"column":6},"end":{"line":88,"column":null}},"1":{"start":{"line":90,"column":77},"end":{"line":608,"column":null}},"2":{"start":{"line":91,"column":24},"end":{"line":91,"column":null}},"3":{"start":{"line":92,"column":26},"end":{"line":92,"column":null}},"4":{"start":{"line":93,"column":26},"end":{"line":93,"column":null}},"5":{"start":{"line":94,"column":32},"end":{"line":94,"column":null}},"6":{"start":{"line":95,"column":32},"end":{"line":95,"column":null}},"7":{"start":{"line":96,"column":26},"end":{"line":96,"column":null}},"8":{"start":{"line":97,"column":36},"end":{"line":97,"column":null}},"9":{"start":{"line":99,"column":32},"end":{"line":110,"column":null}},"10":{"start":{"line":101,"column":27},"end":{"line":101,"column":null}},"11":{"start":{"line":102,"column":8},"end":{"line":109,"column":null}},"12":{"start":{"line":113,"column":4},"end":{"line":202,"column":null}},"13":{"start":{"line":114,"column":25},"end":{"line":200,"column":null}},"14":{"start":{"line":115,"column":39},"end":{"line":115,"column":null}},"15":{"start":{"line":116,"column":12},"end":{"line":116,"column":null}},"16":{"start":{"line":116,"column":23},"end":{"line":116,"column":null}},"17":{"start":{"line":117,"column":12},"end":{"line":117,"column":null}},"18":{"start":{"line":120,"column":57},"end":{"line":120,"column":null}},"19":{"start":{"line":122,"column":12},"end":{"line":135,"column":null}},"20":{"start":{"line":124,"column":65},"end":{"line":130,"column":null}},"21":{"start":{"line":132,"column":16},"end":{"line":134,"column":null}},"22":{"start":{"line":133,"column":20},"end":{"line":133,"column":null}},"23":{"start":{"line":137,"column":12},"end":{"line":147,"column":null}},"24":{"start":{"line":138,"column":16},"end":{"line":146,"column":null}},"25":{"start":{"line":150,"column":37},"end":{"line":150,"column":null}},"26":{"start":{"line":151,"column":12},"end":{"line":154,"column":null}},"27":{"start":{"line":151,"column":24},"end":{"line":154,"column":null}},"28":{"start":{"line":151,"column":57},"end":{"line":154,"column":14}},"29":{"start":{"line":156,"column":37},"end":{"line":156,"column":null}},"30":{"start":{"line":157,"column":12},"end":{"line":164,"column":null}},"31":{"start":{"line":157,"column":24},"end":{"line":164,"column":null}},"32":{"start":{"line":157,"column":57},"end":{"line":164,"column":14}},"33":{"start":{"line":166,"column":40},"end":{"line":166,"column":null}},"34":{"start":{"line":167,"column":12},"end":{"line":174,"column":null}},"35":{"start":{"line":167,"column":27},"end":{"line":174,"column":null}},"36":{"start":{"line":167,"column":66},"end":{"line":174,"column":14}},"37":{"start":{"line":176,"column":40},"end":{"line":176,"column":null}},"38":{"start":{"line":177,"column":12},"end":{"line":183,"column":null}},"39":{"start":{"line":177,"column":27},"end":{"line":183,"column":null}},"40":{"start":{"line":177,"column":66},"end":{"line":183,"column":14}},"41":{"start":{"line":185,"column":37},"end":{"line":185,"column":null}},"42":{"start":{"line":186,"column":12},"end":{"line":191,"column":null}},"43":{"start":{"line":186,"column":24},"end":{"line":191,"column":null}},"44":{"start":{"line":186,"column":57},"end":{"line":191,"column":14}},"45":{"start":{"line":193,"column":37},"end":{"line":193,"column":null}},"46":{"start":{"line":194,"column":12},"end":{"line":199,"column":null}},"47":{"start":{"line":194,"column":24},"end":{"line":199,"column":null}},"48":{"start":{"line":194,"column":62},"end":{"line":199,"column":14}},"49":{"start":{"line":201,"column":8},"end":{"line":201,"column":null}},"50":{"start":{"line":205,"column":4},"end":{"line":213,"column":null}},"51":{"start":{"line":206,"column":8},"end":{"line":210,"column":null}},"52":{"start":{"line":207,"column":12},"end":{"line":207,"column":null}},"53":{"start":{"line":209,"column":12},"end":{"line":209,"column":null}},"54":{"start":{"line":212,"column":8},"end":{"line":212,"column":null}},"55":{"start":{"line":216,"column":4},"end":{"line":242,"column":null}},"56":{"start":{"line":217,"column":25},"end":{"line":239,"column":null}},"57":{"start":{"line":218,"column":12},"end":{"line":218,"column":null}},"58":{"start":{"line":218,"column":89},"end":{"line":218,"column":null}},"59":{"start":{"line":220,"column":24},"end":{"line":220,"column":null}},"60":{"start":{"line":221,"column":12},"end":{"line":237,"column":null}},"61":{"start":{"line":222,"column":16},"end":{"line":222,"column":null}},"62":{"start":{"line":222,"column":39},"end":{"line":222,"column":null}},"63":{"start":{"line":223,"column":30},"end":{"line":223,"column":null}},"64":{"start":{"line":224,"column":31},"end":{"line":224,"column":null}},"65":{"start":{"line":225,"column":33},"end":{"line":225,"column":null}},"66":{"start":{"line":227,"column":16},"end":{"line":236,"column":null}},"67":{"start":{"line":228,"column":32},"end":{"line":228,"column":null}},"68":{"start":{"line":229,"column":20},"end":{"line":235,"column":null}},"69":{"start":{"line":230,"column":24},"end":{"line":233,"column":null}},"70":{"start":{"line":234,"column":24},"end":{"line":234,"column":null}},"71":{"start":{"line":241,"column":8},"end":{"line":241,"column":null}},"72":{"start":{"line":241,"column":21},"end":{"line":241,"column":null}},"73":{"start":{"line":246,"column":20},"end":{"line":251,"column":null}},"74":{"start":{"line":247,"column":8},"end":{"line":247,"column":null}},"75":{"start":{"line":247,"column":19},"end":{"line":247,"column":null}},"76":{"start":{"line":248,"column":24},"end":{"line":248,"column":null}},"77":{"start":{"line":249,"column":25},"end":{"line":249,"column":null}},"78":{"start":{"line":250,"column":8},"end":{"line":250,"column":null}},"79":{"start":{"line":250,"column":18},"end":{"line":250,"column":null}},"80":{"start":{"line":253,"column":23},"end":{"line":256,"column":null}},"81":{"start":{"line":254,"column":8},"end":{"line":254,"column":null}},"82":{"start":{"line":254,"column":32},"end":{"line":254,"column":70}},"83":{"start":{"line":255,"column":8},"end":{"line":255,"column":null}},"84":{"start":{"line":258,"column":23},"end":{"line":261,"column":null}},"85":{"start":{"line":259,"column":8},"end":{"line":259,"column":null}},"86":{"start":{"line":259,"column":35},"end":{"line":259,"column":46}},"87":{"start":{"line":260,"column":8},"end":{"line":260,"column":null}},"88":{"start":{"line":263,"column":20},"end":{"line":277,"column":null}},"89":{"start":{"line":264,"column":8},"end":{"line":264,"column":null}},"90":{"start":{"line":264,"column":19},"end":{"line":264,"column":null}},"91":{"start":{"line":265,"column":23},"end":{"line":274,"column":null}},"92":{"start":{"line":275,"column":25},"end":{"line":275,"column":null}},"93":{"start":{"line":276,"column":8},"end":{"line":276,"column":null}},"94":{"start":{"line":276,"column":18},"end":{"line":276,"column":null}},"95":{"start":{"line":279,"column":23},"end":{"line":290,"column":null}},"96":{"start":{"line":280,"column":21},"end":{"line":280,"column":null}},"97":{"start":{"line":280,"column":37},"end":{"line":280,"column":48}},"98":{"start":{"line":281,"column":8},"end":{"line":289,"column":null}},"99":{"start":{"line":282,"column":30},"end":{"line":282,"column":null}},"100":{"start":{"line":283,"column":28},"end":{"line":283,"column":null}},"101":{"start":{"line":284,"column":12},"end":{"line":284,"column":null}},"102":{"start":{"line":284,"column":36},"end":{"line":284,"column":74}},"103":{"start":{"line":286,"column":12},"end":{"line":286,"column":null}},"104":{"start":{"line":288,"column":12},"end":{"line":288,"column":null}},"105":{"start":{"line":288,"column":33},"end":{"line":288,"column":null}},"106":{"start":{"line":292,"column":23},"end":{"line":306,"column":null}},"107":{"start":{"line":293,"column":8},"end":{"line":293,"column":null}},"108":{"start":{"line":293,"column":32},"end":{"line":293,"column":70}},"109":{"start":{"line":294,"column":31},"end":{"line":294,"column":null}},"110":{"start":{"line":295,"column":8},"end":{"line":295,"column":null}},"111":{"start":{"line":295,"column":31},"end":{"line":295,"column":null}},"112":{"start":{"line":296,"column":8},"end":{"line":296,"column":null}},"113":{"start":{"line":296,"column":28},"end":{"line":296,"column":null}},"114":{"start":{"line":297,"column":8},"end":{"line":297,"column":null}},"115":{"start":{"line":297,"column":29},"end":{"line":297,"column":null}},"116":{"start":{"line":298,"column":8},"end":{"line":298,"column":null}},"117":{"start":{"line":298,"column":30},"end":{"line":298,"column":null}},"118":{"start":{"line":300,"column":8},"end":{"line":300,"column":null}},"119":{"start":{"line":301,"column":8},"end":{"line":301,"column":null}},"120":{"start":{"line":302,"column":8},"end":{"line":302,"column":null}},"121":{"start":{"line":303,"column":8},"end":{"line":303,"column":null}},"122":{"start":{"line":305,"column":8},"end":{"line":305,"column":null}},"123":{"start":{"line":308,"column":23},"end":{"line":311,"column":null}},"124":{"start":{"line":309,"column":8},"end":{"line":309,"column":null}},"125":{"start":{"line":309,"column":35},"end":{"line":309,"column":46}},"126":{"start":{"line":310,"column":8},"end":{"line":310,"column":null}},"127":{"start":{"line":313,"column":23},"end":{"line":333,"column":null}},"128":{"start":{"line":314,"column":8},"end":{"line":314,"column":null}},"129":{"start":{"line":314,"column":19},"end":{"line":314,"column":null}},"130":{"start":{"line":315,"column":26},"end":{"line":322,"column":null}},"131":{"start":{"line":323,"column":25},"end":{"line":323,"column":null}},"132":{"start":{"line":324,"column":8},"end":{"line":332,"column":null}},"133":{"start":{"line":324,"column":18},"end":{"line":332,"column":null}},"134":{"start":{"line":335,"column":26},"end":{"line":356,"column":null}},"135":{"start":{"line":336,"column":8},"end":{"line":355,"column":null}},"136":{"start":{"line":337,"column":12},"end":{"line":340,"column":null}},"137":{"start":{"line":338,"column":16},"end":{"line":338,"column":null}},"138":{"start":{"line":339,"column":16},"end":{"line":339,"column":null}},"139":{"start":{"line":342,"column":30},"end":{"line":342,"column":null}},"140":{"start":{"line":344,"column":12},"end":{"line":348,"column":null}},"141":{"start":{"line":345,"column":16},"end":{"line":345,"column":null}},"142":{"start":{"line":346,"column":16},"end":{"line":346,"column":null}},"143":{"start":{"line":347,"column":16},"end":{"line":347,"column":null}},"144":{"start":{"line":351,"column":12},"end":{"line":351,"column":null}},"145":{"start":{"line":351,"column":45},"end":{"line":351,"column":56}},"146":{"start":{"line":353,"column":12},"end":{"line":353,"column":null}},"147":{"start":{"line":354,"column":12},"end":{"line":354,"column":null}},"148":{"start":{"line":358,"column":23},"end":{"line":372,"column":null}},"149":{"start":{"line":359,"column":8},"end":{"line":359,"column":null}},"150":{"start":{"line":359,"column":19},"end":{"line":359,"column":null}},"151":{"start":{"line":360,"column":26},"end":{"line":369,"column":null}},"152":{"start":{"line":370,"column":25},"end":{"line":370,"column":null}},"153":{"start":{"line":371,"column":8},"end":{"line":371,"column":null}},"154":{"start":{"line":371,"column":18},"end":{"line":371,"column":null}},"155":{"start":{"line":375,"column":20},"end":{"line":386,"column":null}},"156":{"start":{"line":376,"column":8},"end":{"line":376,"column":null}},"157":{"start":{"line":376,"column":19},"end":{"line":376,"column":null}},"158":{"start":{"line":377,"column":23},"end":{"line":383,"column":null}},"159":{"start":{"line":384,"column":25},"end":{"line":384,"column":null}},"160":{"start":{"line":385,"column":8},"end":{"line":385,"column":null}},"161":{"start":{"line":385,"column":18},"end":{"line":385,"column":null}},"162":{"start":{"line":388,"column":23},"end":{"line":396,"column":null}},"163":{"start":{"line":389,"column":8},"end":{"line":389,"column":null}},"164":{"start":{"line":389,"column":32},"end":{"line":389,"column":70}},"165":{"start":{"line":390,"column":26},"end":{"line":390,"column":null}},"166":{"start":{"line":391,"column":8},"end":{"line":394,"column":null}},"167":{"start":{"line":392,"column":12},"end":{"line":392,"column":null}},"168":{"start":{"line":393,"column":12},"end":{"line":393,"column":null}},"169":{"start":{"line":395,"column":8},"end":{"line":395,"column":null}},"170":{"start":{"line":398,"column":23},"end":{"line":401,"column":null}},"171":{"start":{"line":399,"column":8},"end":{"line":399,"column":null}},"172":{"start":{"line":399,"column":35},"end":{"line":399,"column":46}},"173":{"start":{"line":400,"column":8},"end":{"line":400,"column":null}},"174":{"start":{"line":404,"column":25},"end":{"line":414,"column":null}},"175":{"start":{"line":405,"column":8},"end":{"line":405,"column":null}},"176":{"start":{"line":405,"column":19},"end":{"line":405,"column":null}},"177":{"start":{"line":406,"column":25},"end":{"line":412,"column":null}},"178":{"start":{"line":413,"column":8},"end":{"line":413,"column":null}},"179":{"start":{"line":413,"column":18},"end":{"line":413,"column":null}},"180":{"start":{"line":416,"column":28},"end":{"line":426,"column":null}},"181":{"start":{"line":417,"column":8},"end":{"line":417,"column":null}},"182":{"start":{"line":417,"column":42},"end":{"line":417,"column":80}},"183":{"start":{"line":419,"column":26},"end":{"line":419,"column":null}},"184":{"start":{"line":420,"column":8},"end":{"line":420,"column":null}},"185":{"start":{"line":420,"column":31},"end":{"line":420,"column":null}},"186":{"start":{"line":421,"column":8},"end":{"line":424,"column":null}},"187":{"start":{"line":422,"column":12},"end":{"line":422,"column":null}},"188":{"start":{"line":423,"column":12},"end":{"line":423,"column":null}},"189":{"start":{"line":425,"column":8},"end":{"line":425,"column":null}},"190":{"start":{"line":428,"column":28},"end":{"line":431,"column":null}},"191":{"start":{"line":429,"column":8},"end":{"line":429,"column":null}},"192":{"start":{"line":429,"column":45},"end":{"line":429,"column":56}},"193":{"start":{"line":430,"column":8},"end":{"line":430,"column":null}},"194":{"start":{"line":433,"column":28},"end":{"line":446,"column":null}},"195":{"start":{"line":435,"column":21},"end":{"line":435,"column":null}},"196":{"start":{"line":435,"column":42},"end":{"line":435,"column":53}},"197":{"start":{"line":436,"column":8},"end":{"line":445,"column":null}},"198":{"start":{"line":438,"column":28},"end":{"line":441,"column":null}},"199":{"start":{"line":442,"column":12},"end":{"line":442,"column":null}},"200":{"start":{"line":442,"column":46},"end":{"line":442,"column":84}},"201":{"start":{"line":443,"column":12},"end":{"line":443,"column":null}},"202":{"start":{"line":444,"column":12},"end":{"line":444,"column":null}},"203":{"start":{"line":448,"column":24},"end":{"line":451,"column":null}},"204":{"start":{"line":450,"column":8},"end":{"line":450,"column":null}},"205":{"start":{"line":453,"column":20},"end":{"line":489,"column":null}},"206":{"start":{"line":454,"column":8},"end":{"line":454,"column":null}},"207":{"start":{"line":454,"column":19},"end":{"line":454,"column":null}},"208":{"start":{"line":455,"column":22},"end":{"line":455,"column":null}},"209":{"start":{"line":456,"column":25},"end":{"line":456,"column":null}},"210":{"start":{"line":459,"column":14},"end":{"line":459,"column":null}},"211":{"start":{"line":460,"column":24},"end":{"line":460,"column":null}},"212":{"start":{"line":461,"column":8},"end":{"line":471,"column":null}},"213":{"start":{"line":462,"column":30},"end":{"line":462,"column":null}},"214":{"start":{"line":463,"column":12},"end":{"line":463,"column":null}},"215":{"start":{"line":464,"column":33},"end":{"line":464,"column":null}},"216":{"start":{"line":466,"column":12},"end":{"line":470,"column":null}},"217":{"start":{"line":467,"column":16},"end":{"line":467,"column":null}},"218":{"start":{"line":469,"column":16},"end":{"line":469,"column":null}},"219":{"start":{"line":473,"column":28},"end":{"line":479,"column":null}},"220":{"start":{"line":481,"column":8},"end":{"line":481,"column":null}},"221":{"start":{"line":483,"column":8},"end":{"line":488,"column":null}},"222":{"start":{"line":491,"column":27},"end":{"line":504,"column":null}},"223":{"start":{"line":492,"column":28},"end":{"line":492,"column":null}},"224":{"start":{"line":493,"column":8},"end":{"line":493,"column":null}},"225":{"start":{"line":494,"column":8},"end":{"line":503,"column":null}},"226":{"start":{"line":495,"column":40},"end":{"line":498,"column":null}},"227":{"start":{"line":499,"column":12},"end":{"line":501,"column":null}},"228":{"start":{"line":500,"column":16},"end":{"line":500,"column":null}},"229":{"start":{"line":502,"column":12},"end":{"line":502,"column":null}},"230":{"start":{"line":507,"column":36},"end":{"line":545,"column":null}},"231":{"start":{"line":517,"column":22},"end":{"line":517,"column":null}},"232":{"start":{"line":518,"column":8},"end":{"line":535,"column":null}},"233":{"start":{"line":519,"column":12},"end":{"line":534,"column":null}},"234":{"start":{"line":520,"column":31},"end":{"line":520,"column":null}},"235":{"start":{"line":521,"column":16},"end":{"line":530,"column":null}},"236":{"start":{"line":522,"column":32},"end":{"line":522,"column":null}},"237":{"start":{"line":523,"column":42},"end":{"line":523,"column":null}},"238":{"start":{"line":524,"column":40},"end":{"line":524,"column":null}},"239":{"start":{"line":526,"column":20},"end":{"line":528,"column":null}},"240":{"start":{"line":527,"column":24},"end":{"line":527,"column":null}},"241":{"start":{"line":529,"column":20},"end":{"line":529,"column":null}},"242":{"start":{"line":531,"column":16},"end":{"line":531,"column":null}},"243":{"start":{"line":533,"column":16},"end":{"line":533,"column":null}},"244":{"start":{"line":536,"column":8},"end":{"line":544,"column":null}},"245":{"start":{"line":548,"column":4},"end":{"line":553,"column":null}},"246":{"start":{"line":549,"column":8},"end":{"line":552,"column":null}},"247":{"start":{"line":556,"column":4},"end":{"line":573,"column":null}},"248":{"start":{"line":557,"column":28},"end":{"line":557,"column":null}},"249":{"start":{"line":558,"column":8},"end":{"line":571,"column":null}},"250":{"start":{"line":559,"column":12},"end":{"line":561,"column":null}},"251":{"start":{"line":560,"column":16},"end":{"line":560,"column":null}},"252":{"start":{"line":560,"column":39},"end":{"line":560,"column":80}},"253":{"start":{"line":562,"column":8},"end":{"line":571,"column":null}},"254":{"start":{"line":563,"column":12},"end":{"line":563,"column":null}},"255":{"start":{"line":563,"column":35},"end":{"line":563,"column":90}},"256":{"start":{"line":565,"column":12},"end":{"line":570,"column":null}},"257":{"start":{"line":566,"column":16},"end":{"line":569,"column":null}},"258":{"start":{"line":572,"column":8},"end":{"line":572,"column":null}},"259":{"start":{"line":572,"column":21},"end":{"line":572,"column":null}},"260":{"start":{"line":576,"column":23},"end":{"line":576,"column":null}},"261":{"start":{"line":576,"column":29},"end":{"line":576,"column":null}},"262":{"start":{"line":576,"column":52},"end":{"line":576,"column":80}},"263":{"start":{"line":577,"column":23},"end":{"line":577,"column":null}},"264":{"start":{"line":577,"column":29},"end":{"line":577,"column":null}},"265":{"start":{"line":577,"column":52},"end":{"line":577,"column":81}},"266":{"start":{"line":578,"column":23},"end":{"line":581,"column":null}},"267":{"start":{"line":579,"column":24},"end":{"line":579,"column":null}},"268":{"start":{"line":580,"column":8},"end":{"line":580,"column":null}},"269":{"start":{"line":580,"column":31},"end":{"line":580,"column":106}},"270":{"start":{"line":582,"column":23},"end":{"line":585,"column":null}},"271":{"start":{"line":583,"column":24},"end":{"line":583,"column":null}},"272":{"start":{"line":584,"column":8},"end":{"line":584,"column":null}},"273":{"start":{"line":584,"column":31},"end":{"line":584,"column":112}},"274":{"start":{"line":586,"column":28},"end":{"line":586,"column":null}},"275":{"start":{"line":586,"column":44},"end":{"line":586,"column":null}},"276":{"start":{"line":586,"column":67},"end":{"line":586,"column":102}},"277":{"start":{"line":587,"column":23},"end":{"line":587,"column":null}},"278":{"start":{"line":587,"column":42},"end":{"line":587,"column":null}},"279":{"start":{"line":587,"column":65},"end":{"line":587,"column":93}},"280":{"start":{"line":588,"column":21},"end":{"line":588,"column":null}},"281":{"start":{"line":588,"column":41},"end":{"line":588,"column":null}},"282":{"start":{"line":588,"column":64},"end":{"line":588,"column":92}},"283":{"start":{"line":591,"column":4},"end":{"line":606,"column":null}},"284":{"start":{"line":610,"column":31},"end":{"line":616,"column":null}},"285":{"start":{"line":611,"column":10},"end":{"line":611,"column":null}},"286":{"start":{"line":612,"column":4},"end":{"line":614,"column":null}},"287":{"start":{"line":613,"column":8},"end":{"line":613,"column":null}},"288":{"start":{"line":615,"column":4},"end":{"line":615,"column":null}}},"fnMap":{"0":{"name":"(anonymous_0)","decl":{"start":{"line":90,"column":77},"end":{"line":90,"column":78}},"loc":{"start":{"line":90,"column":95},"end":{"line":608,"column":null}},"line":90},"1":{"name":"(anonymous_1)","decl":{"start":{"line":99,"column":55},"end":{"line":99,"column":61}},"loc":{"start":{"line":99,"column":61},"end":{"line":110,"column":5}},"line":99},"2":{"name":"(anonymous_2)","decl":{"start":{"line":113,"column":14},"end":{"line":113,"column":20}},"loc":{"start":{"line":113,"column":20},"end":{"line":202,"column":7}},"line":113},"3":{"name":"(anonymous_3)","decl":{"start":{"line":114,"column":25},"end":{"line":114,"column":37}},"loc":{"start":{"line":114,"column":37},"end":{"line":200,"column":null}},"line":114},"4":{"name":"(anonymous_4)","decl":{"start":{"line":151,"column":44},"end":{"line":151,"column":45}},"loc":{"start":{"line":151,"column":57},"end":{"line":154,"column":14}},"line":151},"5":{"name":"(anonymous_5)","decl":{"start":{"line":157,"column":44},"end":{"line":157,"column":45}},"loc":{"start":{"line":157,"column":57},"end":{"line":164,"column":14}},"line":157},"6":{"name":"(anonymous_6)","decl":{"start":{"line":167,"column":53},"end":{"line":167,"column":54}},"loc":{"start":{"line":167,"column":66},"end":{"line":174,"column":14}},"line":167},"7":{"name":"(anonymous_7)","decl":{"start":{"line":177,"column":53},"end":{"line":177,"column":54}},"loc":{"start":{"line":177,"column":66},"end":{"line":183,"column":14}},"line":177},"8":{"name":"(anonymous_8)","decl":{"start":{"line":186,"column":44},"end":{"line":186,"column":45}},"loc":{"start":{"line":186,"column":57},"end":{"line":191,"column":14}},"line":186},"9":{"name":"(anonymous_9)","decl":{"start":{"line":194,"column":49},"end":{"line":194,"column":50}},"loc":{"start":{"line":194,"column":62},"end":{"line":199,"column":14}},"line":194},"10":{"name":"(anonymous_10)","decl":{"start":{"line":205,"column":14},"end":{"line":205,"column":20}},"loc":{"start":{"line":205,"column":20},"end":{"line":213,"column":7}},"line":205},"11":{"name":"(anonymous_11)","decl":{"start":{"line":216,"column":14},"end":{"line":216,"column":20}},"loc":{"start":{"line":216,"column":20},"end":{"line":242,"column":7}},"line":216},"12":{"name":"(anonymous_12)","decl":{"start":{"line":217,"column":37},"end":{"line":217,"column":43}},"loc":{"start":{"line":217,"column":43},"end":{"line":239,"column":11}},"line":217},"13":{"name":"(anonymous_13)","decl":{"start":{"line":221,"column":29},"end":{"line":221,"column":40}},"loc":{"start":{"line":221,"column":40},"end":{"line":237,"column":13}},"line":221},"14":{"name":"(anonymous_14)","decl":{"start":{"line":241,"column":15},"end":{"line":241,"column":21}},"loc":{"start":{"line":241,"column":21},"end":{"line":241,"column":null}},"line":241},"15":{"name":"(anonymous_15)","decl":{"start":{"line":246,"column":20},"end":{"line":246,"column":27}},"loc":{"start":{"line":246,"column":45},"end":{"line":251,"column":null}},"line":246},"16":{"name":"(anonymous_16)","decl":{"start":{"line":253,"column":23},"end":{"line":253,"column":30}},"loc":{"start":{"line":253,"column":59},"end":{"line":256,"column":null}},"line":253},"17":{"name":"(anonymous_17)","decl":{"start":{"line":254,"column":27},"end":{"line":254,"column":32}},"loc":{"start":{"line":254,"column":32},"end":{"line":254,"column":70}},"line":254},"18":{"name":"(anonymous_18)","decl":{"start":{"line":258,"column":23},"end":{"line":258,"column":30}},"loc":{"start":{"line":258,"column":45},"end":{"line":261,"column":null}},"line":258},"19":{"name":"(anonymous_19)","decl":{"start":{"line":259,"column":30},"end":{"line":259,"column":35}},"loc":{"start":{"line":259,"column":35},"end":{"line":259,"column":46}},"line":259},"20":{"name":"(anonymous_20)","decl":{"start":{"line":263,"column":20},"end":{"line":263,"column":27}},"loc":{"start":{"line":263,"column":45},"end":{"line":277,"column":null}},"line":263},"21":{"name":"(anonymous_21)","decl":{"start":{"line":279,"column":23},"end":{"line":279,"column":30}},"loc":{"start":{"line":279,"column":45},"end":{"line":290,"column":null}},"line":279},"22":{"name":"(anonymous_22)","decl":{"start":{"line":280,"column":32},"end":{"line":280,"column":37}},"loc":{"start":{"line":280,"column":37},"end":{"line":280,"column":48}},"line":280},"23":{"name":"(anonymous_23)","decl":{"start":{"line":284,"column":31},"end":{"line":284,"column":36}},"loc":{"start":{"line":284,"column":36},"end":{"line":284,"column":74}},"line":284},"24":{"name":"(anonymous_24)","decl":{"start":{"line":292,"column":23},"end":{"line":292,"column":30}},"loc":{"start":{"line":292,"column":69},"end":{"line":306,"column":null}},"line":292},"25":{"name":"(anonymous_25)","decl":{"start":{"line":293,"column":27},"end":{"line":293,"column":32}},"loc":{"start":{"line":293,"column":32},"end":{"line":293,"column":70}},"line":293},"26":{"name":"(anonymous_26)","decl":{"start":{"line":308,"column":23},"end":{"line":308,"column":30}},"loc":{"start":{"line":308,"column":45},"end":{"line":311,"column":null}},"line":308},"27":{"name":"(anonymous_27)","decl":{"start":{"line":309,"column":30},"end":{"line":309,"column":35}},"loc":{"start":{"line":309,"column":35},"end":{"line":309,"column":46}},"line":309},"28":{"name":"(anonymous_28)","decl":{"start":{"line":313,"column":23},"end":{"line":313,"column":30}},"loc":{"start":{"line":313,"column":51},"end":{"line":333,"column":null}},"line":313},"29":{"name":"(anonymous_29)","decl":{"start":{"line":335,"column":26},"end":{"line":335,"column":33}},"loc":{"start":{"line":335,"column":48},"end":{"line":356,"column":null}},"line":335},"30":{"name":"(anonymous_30)","decl":{"start":{"line":351,"column":40},"end":{"line":351,"column":45}},"loc":{"start":{"line":351,"column":45},"end":{"line":351,"column":56}},"line":351},"31":{"name":"(anonymous_31)","decl":{"start":{"line":358,"column":23},"end":{"line":358,"column":30}},"loc":{"start":{"line":358,"column":51},"end":{"line":372,"column":null}},"line":358},"32":{"name":"(anonymous_32)","decl":{"start":{"line":375,"column":20},"end":{"line":375,"column":27}},"loc":{"start":{"line":375,"column":45},"end":{"line":386,"column":null}},"line":375},"33":{"name":"(anonymous_33)","decl":{"start":{"line":388,"column":23},"end":{"line":388,"column":30}},"loc":{"start":{"line":388,"column":59},"end":{"line":396,"column":null}},"line":388},"34":{"name":"(anonymous_34)","decl":{"start":{"line":389,"column":27},"end":{"line":389,"column":32}},"loc":{"start":{"line":389,"column":32},"end":{"line":389,"column":70}},"line":389},"35":{"name":"(anonymous_35)","decl":{"start":{"line":398,"column":23},"end":{"line":398,"column":30}},"loc":{"start":{"line":398,"column":45},"end":{"line":401,"column":null}},"line":398},"36":{"name":"(anonymous_36)","decl":{"start":{"line":399,"column":30},"end":{"line":399,"column":35}},"loc":{"start":{"line":399,"column":35},"end":{"line":399,"column":46}},"line":399},"37":{"name":"(anonymous_37)","decl":{"start":{"line":404,"column":25},"end":{"line":404,"column":32}},"loc":{"start":{"line":404,"column":50},"end":{"line":414,"column":null}},"line":404},"38":{"name":"(anonymous_38)","decl":{"start":{"line":416,"column":28},"end":{"line":416,"column":35}},"loc":{"start":{"line":416,"column":64},"end":{"line":426,"column":null}},"line":416},"39":{"name":"(anonymous_39)","decl":{"start":{"line":417,"column":37},"end":{"line":417,"column":42}},"loc":{"start":{"line":417,"column":42},"end":{"line":417,"column":80}},"line":417},"40":{"name":"(anonymous_40)","decl":{"start":{"line":428,"column":28},"end":{"line":428,"column":35}},"loc":{"start":{"line":428,"column":50},"end":{"line":431,"column":null}},"line":428},"41":{"name":"(anonymous_41)","decl":{"start":{"line":429,"column":40},"end":{"line":429,"column":45}},"loc":{"start":{"line":429,"column":45},"end":{"line":429,"column":56}},"line":429},"42":{"name":"(anonymous_42)","decl":{"start":{"line":433,"column":28},"end":{"line":433,"column":35}},"loc":{"start":{"line":433,"column":63},"end":{"line":446,"column":null}},"line":433},"43":{"name":"(anonymous_43)","decl":{"start":{"line":435,"column":37},"end":{"line":435,"column":42}},"loc":{"start":{"line":435,"column":42},"end":{"line":435,"column":53}},"line":435},"44":{"name":"(anonymous_44)","decl":{"start":{"line":442,"column":41},"end":{"line":442,"column":46}},"loc":{"start":{"line":442,"column":46},"end":{"line":442,"column":84}},"line":442},"45":{"name":"(anonymous_45)","decl":{"start":{"line":448,"column":24},"end":{"line":448,"column":36}},"loc":{"start":{"line":448,"column":36},"end":{"line":451,"column":null}},"line":448},"46":{"name":"(anonymous_46)","decl":{"start":{"line":453,"column":20},"end":{"line":453,"column":27}},"loc":{"start":{"line":453,"column":46},"end":{"line":489,"column":null}},"line":453},"47":{"name":"(anonymous_47)","decl":{"start":{"line":491,"column":27},"end":{"line":491,"column":34}},"loc":{"start":{"line":491,"column":65},"end":{"line":504,"column":null}},"line":491},"48":{"name":"(anonymous_48)","decl":{"start":{"line":516,"column":7},"end":{"line":516,"column":13}},"loc":{"start":{"line":516,"column":13},"end":{"line":545,"column":5}},"line":516},"49":{"name":"(anonymous_49)","decl":{"start":{"line":548,"column":14},"end":{"line":548,"column":20}},"loc":{"start":{"line":548,"column":20},"end":{"line":553,"column":7}},"line":548},"50":{"name":"(anonymous_50)","decl":{"start":{"line":556,"column":14},"end":{"line":556,"column":20}},"loc":{"start":{"line":556,"column":20},"end":{"line":573,"column":7}},"line":556},"51":{"name":"(anonymous_51)","decl":{"start":{"line":559,"column":35},"end":{"line":559,"column":41}},"loc":{"start":{"line":559,"column":41},"end":{"line":561,"column":15}},"line":559},"52":{"name":"(anonymous_52)","decl":{"start":{"line":560,"column":30},"end":{"line":560,"column":39}},"loc":{"start":{"line":560,"column":39},"end":{"line":560,"column":80}},"line":560},"53":{"name":"(anonymous_53)","decl":{"start":{"line":563,"column":26},"end":{"line":563,"column":35}},"loc":{"start":{"line":563,"column":35},"end":{"line":563,"column":90}},"line":563},"54":{"name":"(anonymous_54)","decl":{"start":{"line":572,"column":15},"end":{"line":572,"column":21}},"loc":{"start":{"line":572,"column":21},"end":{"line":572,"column":null}},"line":572},"55":{"name":"(anonymous_55)","decl":{"start":{"line":576,"column":23},"end":{"line":576,"column":29}},"loc":{"start":{"line":576,"column":29},"end":{"line":576,"column":null}},"line":576},"56":{"name":"(anonymous_56)","decl":{"start":{"line":576,"column":43},"end":{"line":576,"column":52}},"loc":{"start":{"line":576,"column":52},"end":{"line":576,"column":80}},"line":576},"57":{"name":"(anonymous_57)","decl":{"start":{"line":577,"column":23},"end":{"line":577,"column":29}},"loc":{"start":{"line":577,"column":29},"end":{"line":577,"column":null}},"line":577},"58":{"name":"(anonymous_58)","decl":{"start":{"line":577,"column":43},"end":{"line":577,"column":52}},"loc":{"start":{"line":577,"column":52},"end":{"line":577,"column":81}},"line":577},"59":{"name":"(anonymous_59)","decl":{"start":{"line":578,"column":23},"end":{"line":578,"column":29}},"loc":{"start":{"line":578,"column":29},"end":{"line":581,"column":null}},"line":578},"60":{"name":"(anonymous_60)","decl":{"start":{"line":580,"column":22},"end":{"line":580,"column":31}},"loc":{"start":{"line":580,"column":31},"end":{"line":580,"column":106}},"line":580},"61":{"name":"(anonymous_61)","decl":{"start":{"line":582,"column":23},"end":{"line":582,"column":24}},"loc":{"start":{"line":582,"column":73},"end":{"line":585,"column":null}},"line":582},"62":{"name":"(anonymous_62)","decl":{"start":{"line":584,"column":22},"end":{"line":584,"column":31}},"loc":{"start":{"line":584,"column":31},"end":{"line":584,"column":112}},"line":584},"63":{"name":"(anonymous_63)","decl":{"start":{"line":586,"column":28},"end":{"line":586,"column":29}},"loc":{"start":{"line":586,"column":44},"end":{"line":586,"column":null}},"line":586},"64":{"name":"(anonymous_64)","decl":{"start":{"line":586,"column":58},"end":{"line":586,"column":67}},"loc":{"start":{"line":586,"column":67},"end":{"line":586,"column":102}},"line":586},"65":{"name":"(anonymous_65)","decl":{"start":{"line":587,"column":23},"end":{"line":587,"column":24}},"loc":{"start":{"line":587,"column":42},"end":{"line":587,"column":null}},"line":587},"66":{"name":"(anonymous_66)","decl":{"start":{"line":587,"column":56},"end":{"line":587,"column":65}},"loc":{"start":{"line":587,"column":65},"end":{"line":587,"column":93}},"line":587},"67":{"name":"(anonymous_67)","decl":{"start":{"line":588,"column":21},"end":{"line":588,"column":22}},"loc":{"start":{"line":588,"column":41},"end":{"line":588,"column":null}},"line":588},"68":{"name":"(anonymous_68)","decl":{"start":{"line":588,"column":55},"end":{"line":588,"column":64}},"loc":{"start":{"line":588,"column":64},"end":{"line":588,"column":92}},"line":588},"69":{"name":"(anonymous_69)","decl":{"start":{"line":610,"column":31},"end":{"line":610,"column":37}},"loc":{"start":{"line":610,"column":37},"end":{"line":616,"column":null}},"line":610}},"branchMap":{"0":{"loc":{"start":{"line":103,"column":20},"end":{"line":103,"column":null}},"type":"binary-expr","locations":[{"start":{"line":103,"column":20},"end":{"line":103,"column":55}},{"start":{"line":103,"column":55},"end":{"line":103,"column":null}}],"line":103},"1":{"loc":{"start":{"line":116,"column":12},"end":{"line":116,"column":null}},"type":"if","locations":[{"start":{"line":116,"column":12},"end":{"line":116,"column":null}},{"start":{},"end":{}}],"line":116},"2":{"loc":{"start":{"line":122,"column":12},"end":{"line":135,"column":null}},"type":"if","locations":[{"start":{"line":122,"column":12},"end":{"line":135,"column":null}},{"start":{},"end":{}}],"line":122},"3":{"loc":{"start":{"line":122,"column":16},"end":{"line":122,"column":43}},"type":"binary-expr","locations":[{"start":{"line":122,"column":16},"end":{"line":122,"column":28}},{"start":{"line":122,"column":28},"end":{"line":122,"column":43}}],"line":122},"4":{"loc":{"start":{"line":127,"column":31},"end":{"line":127,"column":null}},"type":"binary-expr","locations":[{"start":{"line":127,"column":31},"end":{"line":127,"column":63}},{"start":{"line":127,"column":63},"end":{"line":127,"column":null}}],"line":127},"5":{"loc":{"start":{"line":132,"column":16},"end":{"line":134,"column":null}},"type":"if","locations":[{"start":{"line":132,"column":16},"end":{"line":134,"column":null}},{"start":{},"end":{}}],"line":132},"6":{"loc":{"start":{"line":137,"column":12},"end":{"line":147,"column":null}},"type":"if","locations":[{"start":{"line":137,"column":12},"end":{"line":147,"column":null}},{"start":{},"end":{}}],"line":137},"7":{"loc":{"start":{"line":139,"column":27},"end":{"line":139,"column":null}},"type":"binary-expr","locations":[{"start":{"line":139,"column":27},"end":{"line":139,"column":44}},{"start":{"line":139,"column":44},"end":{"line":139,"column":null}}],"line":139},"8":{"loc":{"start":{"line":151,"column":12},"end":{"line":154,"column":null}},"type":"if","locations":[{"start":{"line":151,"column":12},"end":{"line":154,"column":null}},{"start":{},"end":{}}],"line":151},"9":{"loc":{"start":{"line":157,"column":12},"end":{"line":164,"column":null}},"type":"if","locations":[{"start":{"line":157,"column":12},"end":{"line":164,"column":null}},{"start":{},"end":{}}],"line":157},"10":{"loc":{"start":{"line":167,"column":12},"end":{"line":174,"column":null}},"type":"if","locations":[{"start":{"line":167,"column":12},"end":{"line":174,"column":null}},{"start":{},"end":{}}],"line":167},"11":{"loc":{"start":{"line":177,"column":12},"end":{"line":183,"column":null}},"type":"if","locations":[{"start":{"line":177,"column":12},"end":{"line":183,"column":null}},{"start":{},"end":{}}],"line":177},"12":{"loc":{"start":{"line":186,"column":12},"end":{"line":191,"column":null}},"type":"if","locations":[{"start":{"line":186,"column":12},"end":{"line":191,"column":null}},{"start":{},"end":{}}],"line":186},"13":{"loc":{"start":{"line":194,"column":12},"end":{"line":199,"column":null}},"type":"if","locations":[{"start":{"line":194,"column":12},"end":{"line":199,"column":null}},{"start":{},"end":{}}],"line":194},"14":{"loc":{"start":{"line":206,"column":8},"end":{"line":210,"column":null}},"type":"if","locations":[{"start":{"line":206,"column":8},"end":{"line":210,"column":null}},{"start":{"line":208,"column":15},"end":{"line":210,"column":null}}],"line":206},"15":{"loc":{"start":{"line":218,"column":12},"end":{"line":218,"column":null}},"type":"if","locations":[{"start":{"line":218,"column":12},"end":{"line":218,"column":null}},{"start":{},"end":{}}],"line":218},"16":{"loc":{"start":{"line":218,"column":16},"end":{"line":218,"column":89}},"type":"binary-expr","locations":[{"start":{"line":218,"column":16},"end":{"line":218,"column":50}},{"start":{"line":218,"column":50},"end":{"line":218,"column":89}}],"line":218},"17":{"loc":{"start":{"line":222,"column":16},"end":{"line":222,"column":null}},"type":"if","locations":[{"start":{"line":222,"column":16},"end":{"line":222,"column":null}},{"start":{},"end":{}}],"line":222},"18":{"loc":{"start":{"line":227,"column":16},"end":{"line":236,"column":null}},"type":"if","locations":[{"start":{"line":227,"column":16},"end":{"line":236,"column":null}},{"start":{},"end":{}}],"line":227},"19":{"loc":{"start":{"line":227,"column":20},"end":{"line":227,"column":52}},"type":"binary-expr","locations":[{"start":{"line":227,"column":20},"end":{"line":227,"column":36}},{"start":{"line":227,"column":36},"end":{"line":227,"column":52}}],"line":227},"20":{"loc":{"start":{"line":229,"column":20},"end":{"line":235,"column":null}},"type":"if","locations":[{"start":{"line":229,"column":20},"end":{"line":235,"column":null}},{"start":{},"end":{}}],"line":229},"21":{"loc":{"start":{"line":247,"column":8},"end":{"line":247,"column":null}},"type":"if","locations":[{"start":{"line":247,"column":8},"end":{"line":247,"column":null}},{"start":{},"end":{}}],"line":247},"22":{"loc":{"start":{"line":250,"column":8},"end":{"line":250,"column":null}},"type":"if","locations":[{"start":{"line":250,"column":8},"end":{"line":250,"column":null}},{"start":{},"end":{}}],"line":250},"23":{"loc":{"start":{"line":254,"column":32},"end":{"line":254,"column":70}},"type":"cond-expr","locations":[{"start":{"line":254,"column":46},"end":{"line":254,"column":69}},{"start":{"line":254,"column":69},"end":{"line":254,"column":70}}],"line":254},"24":{"loc":{"start":{"line":264,"column":8},"end":{"line":264,"column":null}},"type":"if","locations":[{"start":{"line":264,"column":8},"end":{"line":264,"column":null}},{"start":{},"end":{}}],"line":264},"25":{"loc":{"start":{"line":271,"column":22},"end":{"line":271,"column":null}},"type":"binary-expr","locations":[{"start":{"line":271,"column":22},"end":{"line":271,"column":43}},{"start":{"line":271,"column":43},"end":{"line":271,"column":null}}],"line":271},"26":{"loc":{"start":{"line":276,"column":8},"end":{"line":276,"column":null}},"type":"if","locations":[{"start":{"line":276,"column":8},"end":{"line":276,"column":null}},{"start":{},"end":{}}],"line":276},"27":{"loc":{"start":{"line":281,"column":8},"end":{"line":289,"column":null}},"type":"if","locations":[{"start":{"line":281,"column":8},"end":{"line":289,"column":null}},{"start":{},"end":{}}],"line":281},"28":{"loc":{"start":{"line":282,"column":30},"end":{"line":282,"column":null}},"type":"cond-expr","locations":[{"start":{"line":282,"column":48},"end":{"line":282,"column":62}},{"start":{"line":282,"column":62},"end":{"line":282,"column":null}}],"line":282},"29":{"loc":{"start":{"line":284,"column":36},"end":{"line":284,"column":74}},"type":"cond-expr","locations":[{"start":{"line":284,"column":50},"end":{"line":284,"column":73}},{"start":{"line":284,"column":73},"end":{"line":284,"column":74}}],"line":284},"30":{"loc":{"start":{"line":288,"column":12},"end":{"line":288,"column":null}},"type":"if","locations":[{"start":{"line":288,"column":12},"end":{"line":288,"column":null}},{"start":{},"end":{}}],"line":288},"31":{"loc":{"start":{"line":293,"column":32},"end":{"line":293,"column":70}},"type":"cond-expr","locations":[{"start":{"line":293,"column":46},"end":{"line":293,"column":69}},{"start":{"line":293,"column":69},"end":{"line":293,"column":70}}],"line":293},"32":{"loc":{"start":{"line":295,"column":8},"end":{"line":295,"column":null}},"type":"if","locations":[{"start":{"line":295,"column":8},"end":{"line":295,"column":null}},{"start":{},"end":{}}],"line":295},"33":{"loc":{"start":{"line":296,"column":8},"end":{"line":296,"column":null}},"type":"if","locations":[{"start":{"line":296,"column":8},"end":{"line":296,"column":null}},{"start":{},"end":{}}],"line":296},"34":{"loc":{"start":{"line":297,"column":8},"end":{"line":297,"column":null}},"type":"if","locations":[{"start":{"line":297,"column":8},"end":{"line":297,"column":null}},{"start":{},"end":{}}],"line":297},"35":{"loc":{"start":{"line":298,"column":8},"end":{"line":298,"column":null}},"type":"if","locations":[{"start":{"line":298,"column":8},"end":{"line":298,"column":null}},{"start":{},"end":{}}],"line":298},"36":{"loc":{"start":{"line":314,"column":8},"end":{"line":314,"column":null}},"type":"if","locations":[{"start":{"line":314,"column":8},"end":{"line":314,"column":null}},{"start":{},"end":{}}],"line":314},"37":{"loc":{"start":{"line":321,"column":22},"end":{"line":321,"column":null}},"type":"binary-expr","locations":[{"start":{"line":321,"column":22},"end":{"line":321,"column":46}},{"start":{"line":321,"column":46},"end":{"line":321,"column":null}}],"line":321},"38":{"loc":{"start":{"line":324,"column":8},"end":{"line":332,"column":null}},"type":"if","locations":[{"start":{"line":324,"column":8},"end":{"line":332,"column":null}},{"start":{},"end":{}}],"line":324},"39":{"loc":{"start":{"line":337,"column":12},"end":{"line":340,"column":null}},"type":"if","locations":[{"start":{"line":337,"column":12},"end":{"line":340,"column":null}},{"start":{},"end":{}}],"line":337},"40":{"loc":{"start":{"line":344,"column":12},"end":{"line":348,"column":null}},"type":"if","locations":[{"start":{"line":344,"column":12},"end":{"line":348,"column":null}},{"start":{},"end":{}}],"line":344},"41":{"loc":{"start":{"line":359,"column":8},"end":{"line":359,"column":null}},"type":"if","locations":[{"start":{"line":359,"column":8},"end":{"line":359,"column":null}},{"start":{},"end":{}}],"line":359},"42":{"loc":{"start":{"line":371,"column":8},"end":{"line":371,"column":null}},"type":"if","locations":[{"start":{"line":371,"column":8},"end":{"line":371,"column":null}},{"start":{},"end":{}}],"line":371},"43":{"loc":{"start":{"line":376,"column":8},"end":{"line":376,"column":null}},"type":"if","locations":[{"start":{"line":376,"column":8},"end":{"line":376,"column":null}},{"start":{},"end":{}}],"line":376},"44":{"loc":{"start":{"line":385,"column":8},"end":{"line":385,"column":null}},"type":"if","locations":[{"start":{"line":385,"column":8},"end":{"line":385,"column":null}},{"start":{},"end":{}}],"line":385},"45":{"loc":{"start":{"line":389,"column":32},"end":{"line":389,"column":70}},"type":"cond-expr","locations":[{"start":{"line":389,"column":46},"end":{"line":389,"column":69}},{"start":{"line":389,"column":69},"end":{"line":389,"column":70}}],"line":389},"46":{"loc":{"start":{"line":391,"column":8},"end":{"line":394,"column":null}},"type":"if","locations":[{"start":{"line":391,"column":8},"end":{"line":394,"column":null}},{"start":{},"end":{}}],"line":391},"47":{"loc":{"start":{"line":405,"column":8},"end":{"line":405,"column":null}},"type":"if","locations":[{"start":{"line":405,"column":8},"end":{"line":405,"column":null}},{"start":{},"end":{}}],"line":405},"48":{"loc":{"start":{"line":413,"column":8},"end":{"line":413,"column":null}},"type":"if","locations":[{"start":{"line":413,"column":8},"end":{"line":413,"column":null}},{"start":{},"end":{}}],"line":413},"49":{"loc":{"start":{"line":417,"column":42},"end":{"line":417,"column":80}},"type":"cond-expr","locations":[{"start":{"line":417,"column":56},"end":{"line":417,"column":79}},{"start":{"line":417,"column":79},"end":{"line":417,"column":80}}],"line":417},"50":{"loc":{"start":{"line":420,"column":8},"end":{"line":420,"column":null}},"type":"if","locations":[{"start":{"line":420,"column":8},"end":{"line":420,"column":null}},{"start":{},"end":{}}],"line":420},"51":{"loc":{"start":{"line":421,"column":8},"end":{"line":424,"column":null}},"type":"if","locations":[{"start":{"line":421,"column":8},"end":{"line":424,"column":null}},{"start":{},"end":{}}],"line":421},"52":{"loc":{"start":{"line":436,"column":8},"end":{"line":445,"column":null}},"type":"if","locations":[{"start":{"line":436,"column":8},"end":{"line":445,"column":null}},{"start":{},"end":{}}],"line":436},"53":{"loc":{"start":{"line":439,"column":27},"end":{"line":439,"column":49}},"type":"binary-expr","locations":[{"start":{"line":439,"column":27},"end":{"line":439,"column":44}},{"start":{"line":439,"column":44},"end":{"line":439,"column":49}}],"line":439},"54":{"loc":{"start":{"line":440,"column":30},"end":{"line":440,"column":55}},"type":"binary-expr","locations":[{"start":{"line":440,"column":30},"end":{"line":440,"column":50}},{"start":{"line":440,"column":50},"end":{"line":440,"column":55}}],"line":440},"55":{"loc":{"start":{"line":442,"column":46},"end":{"line":442,"column":84}},"type":"cond-expr","locations":[{"start":{"line":442,"column":60},"end":{"line":442,"column":83}},{"start":{"line":442,"column":83},"end":{"line":442,"column":84}}],"line":442},"56":{"loc":{"start":{"line":454,"column":8},"end":{"line":454,"column":null}},"type":"if","locations":[{"start":{"line":454,"column":8},"end":{"line":454,"column":null}},{"start":{},"end":{}}],"line":454},"57":{"loc":{"start":{"line":461,"column":8},"end":{"line":471,"column":null}},"type":"if","locations":[{"start":{"line":461,"column":8},"end":{"line":471,"column":null}},{"start":{},"end":{}}],"line":461},"58":{"loc":{"start":{"line":466,"column":12},"end":{"line":470,"col
[...]
olumn":12},"end":{"line":54,"column":null}},"10":{"start":{"line":56,"column":12},"end":{"line":56,"column":null}},"11":{"start":{"line":57,"column":12},"end":{"line":57,"column":null}},"12":{"start":{"line":60,"column":8},"end":{"line":60,"column":null}},"13":{"start":{"line":61,"column":8},"end":{"line":61,"column":null}},"14":{"start":{"line":61,"column":33},"end":{"line":61,"column":null}},"15":{"start":{"line":65,"column":8},"end":{"line":65,"column":null}},"16":{"start":{"line":66,"column":8},"end":{"line":66,"column":null}},"17":{"start":{"line":67,"column":8},"end":{"line":67,"column":null}},"18":{"start":{"line":70,"column":21},"end":{"line":70,"column":null}},"19":{"start":{"line":71,"column":4},"end":{"line":71,"column":null}},"20":{"start":{"line":77,"column":4},"end":{"line":82,"column":null}},"21":{"start":{"line":87,"column":4},"end":{"line":87,"column":null}}},"fnMap":{"0":{"name":"calculateReview","decl":{"start":{"line":21,"column":16},"end":{"line":21,"column":null}},"loc":{"start":{"line":26,"column":16},"end":{"line":83,"column":null}},"line":26},"1":{"name":"state_grade_adjust","decl":{"start":{"line":85,"column":9},"end":{"line":85,"column":28}},"loc":{"start":{"line":85,"column":40},"end":{"line":88,"column":null}},"line":85}},"branchMap":{"0":{"loc":{"start":{"line":31,"column":4},"end":{"line":68,"column":null}},"type":"if","locations":[{"start":{"line":31,"column":4},"end":{"line":68,"column":null}},{"start":{"line":63,"column":11},"end":{"line":68,"column":null}}],"line":31},"1":{"loc":{"start":{"line":44,"column":30},"end":{"line":44,"column":null}},"type":"cond-expr","locations":[{"start":{"line":44,"column":44},"end":{"line":44,"column":48}},{"start":{"line":44,"column":48},"end":{"line":44,"column":null}}],"line":44},"2":{"loc":{"start":{"line":44,"column":48},"end":{"line":44,"column":null}},"type":"cond-expr","locations":[{"start":{"line":44,"column":62},"end":{"line":44,"column":66}},{"start":{"line":44,"column":66},"end":{"line":44,"column":null}}],"line":44},"3":{"loc":{"start":{"line":44,"column":66},"end":{"line":44,"column":null}},"type":"cond-expr","locations":[{"start":{"line":44,"column":80},"end":{"line":44,"column":84}},{"start":{"line":44,"column":84},"end":{"line":44,"column":null}}],"line":44},"4":{"loc":{"start":{"line":46,"column":8},"end":{"line":58,"column":null}},"type":"if","locations":[{"start":{"line":46,"column":8},"end":{"line":58,"column":null}},{"start":{"line":55,"column":15},"end":{"line":58,"column":null}}],"line":46},"5":{"loc":{"start":{"line":47,"column":12},"end":{"line":53,"column":null}},"type":"if","locations":[{"start":{"line":47,"column":12},"end":{"line":53,"column":null}},{"start":{"line":49,"column":12},"end":{"line":53,"column":null}}],"line":47},"6":{"loc":{"start":{"line":49,"column":12},"end":{"line":53,"column":null}},"type":"if","locations":[{"start":{"line":49,"column":12},"end":{"line":53,"column":null}},{"start":{"line":51,"column":19},"end":{"line":53,"column":null}}],"line":49},"7":{"loc":{"start":{"line":61,"column":8},"end":{"line":61,"column":null}},"type":"if","locations":[{"start":{"line":61,"column":8},"end":{"line":61,"column":null}},{"start":{},"end":{}}],"line":61}},"s":{"0":1,"1":25,"2":16,"3":16,"4":16,"5":4,"6":12,"7":2,"8":10,"9":16,"10":0,"11":0,"12":16,"13":16,"14":0,"15":9,"16":9,"17":9,"18":25,"19":25,"20":25,"21":25},"f":{"0":25,"1":25},"b":{"0":[16,9],"1":[0,16],"2":[0,16],"3":[10,6],"4":[16,0],"5":[4,12],"6":[2,10],"7":[0,16]},"meta":{"lastBranch":8,"lastFunction":2,"lastStatement":22,"seen":{"s:12:22:17:Infinity":0,"f:21:16:21:Infinity":0,"b:31:4:68:Infinity:63:11:68:Infinity":0,"s:31:4:68:Infinity":1,"s:44:30:44:Infinity":2,"b:44:44:44:48:44:48:44:Infinity":1,"b:44:62:44:66:44:66:44:Infinity":2,"b:44:80:44:84:44:84:44:Infinity":3,"b:46:8:58:Infinity:55:15:58:Infinity":4,"s:46:8:58:Infinity":3,"b:47:12:53:Infinity:49:12:53:Infinity":5,"s:47:12:53:Infinity":4,"s:48:16:48:Infinity":5,"b:49:12:53:Infinity:51:19:53:Infinity":6,"s:49:12:53:Infinity":6,"s:50:16:50:Infinity":7,"s:52:16:52:Infinity":8,"s:54:12:54:Infinity":9,"s:56:12:56:Infinity":10,"s:57:12:57:Infinity":11,"s:60:8:60:Infinity":12,"b:61:8:61:Infinity:undefined:undefined:undefined:undefined":7,"s:61:8:61:Infinity":13,"s:61:33:61:Infinity":14,"s:65:8:65:Infinity":15,"s:66:8:66:Infinity":16,"s:67:8:67:Infinity":17,"s:70:21:70:Infinity":18,"s:71:4:71:Infinity":19,"s:77:4:82:Infinity":20,"f:85:9:85:28":1,"s:87:4:87:Infinity":21}}}
,"/Users/soyilovfarhod/task_planner/src/utils/statistics.ts": {"path":"/Users/soyilovfarhod/task_planner/src/utils/statistics.ts","statementMap":{"0":{"start":{"line":3,"column":31},"end":{"line":60,"column":null}},"1":{"start":{"line":4,"column":4},"end":{"line":4,"column":null}},"2":{"start":{"line":4,"column":28},"end":{"line":4,"column":null}},"3":{"start":{"line":7,"column":27},"end":{"line":16,"column":null}},"4":{"start":{"line":8,"column":21},"end":{"line":8,"column":46}},"5":{"start":{"line":16,"column":24},"end":{"line":16,"column":97}},"6":{"start":{"line":18,"column":4},"end":{"line":18,"column":null}},"7":{"start":{"line":18,"column":37},"end":{"line":18,"column":null}},"8":{"start":{"line":20,"column":17},"end":{"line":20,"column":null}},"9":{"start":{"line":21,"column":22},"end":{"line":21,"column":null}},"10":{"start":{"line":22,"column":4},"end":{"line":22,"column":null}},"11":{"start":{"line":25,"column":24},"end":{"line":29,"column":null}},"12":{"start":{"line":26,"column":18},"end":{"line":26,"column":null}},"13":{"start":{"line":27,"column":8},"end":{"line":27,"column":null}},"14":{"start":{"line":28,"column":8},"end":{"line":28,"column":null}},"15":{"start":{"line":29,"column":24},"end":{"line":29,"column":29}},"16":{"start":{"line":32,"column":22},"end":{"line":32,"column":null}},"17":{"start":{"line":33,"column":26},"end":{"line":33,"column":null}},"18":{"start":{"line":35,"column":4},"end":{"line":35,"column":null}},"19":{"start":{"line":35,"column":34},"end":{"line":35,"column":null}},"20":{"start":{"line":37,"column":30},"end":{"line":37,"column":null}},"21":{"start":{"line":40,"column":4},"end":{"line":42,"column":null}},"22":{"start":{"line":41,"column":8},"end":{"line":41,"column":null}},"23":{"start":{"line":46,"column":23},"end":{"line":46,"column":null}},"24":{"start":{"line":47,"column":4},"end":{"line":47,"column":null}},"25":{"start":{"line":49,"column":4},"end":{"line":57,"column":null}},"26":{"start":{"line":49,"column":17},"end":{"line":49,"column":20}},"27":{"start":{"line":50,"column":25},"end":{"line":50,"column":null}},"28":{"start":{"line":51,"column":8},"end":{"line":56,"column":null}},"29":{"start":{"line":52,"column":12},"end":{"line":52,"column":null}},"30":{"start":{"line":53,"column":12},"end":{"line":53,"column":null}},"31":{"start":{"line":55,"column":12},"end":{"line":55,"column":null}},"32":{"start":{"line":59,"column":4},"end":{"line":59,"column":null}},"33":{"start":{"line":62,"column":40},"end":{"line":80,"column":null}},"34":{"start":{"line":63,"column":23},"end":{"line":63,"column":null}},"35":{"start":{"line":64,"column":27},"end":{"line":64,"column":null}},"36":{"start":{"line":64,"column":45},"end":{"line":64,"column":56}},"37":{"start":{"line":70,"column":23},"end":{"line":70,"column":null}},"38":{"start":{"line":71,"column":27},"end":{"line":71,"column":null}},"39":{"start":{"line":71,"column":45},"end":{"line":71,"column":56}},"40":{"start":{"line":73,"column":4},"end":{"line":79,"column":null}},"41":{"start":{"line":82,"column":33},"end":{"line":107,"column":null}},"42":{"start":{"line":84,"column":17},"end":{"line":84,"column":null}},"43":{"start":{"line":85,"column":18},"end":{"line":85,"column":null}},"44":{"start":{"line":86,"column":4},"end":{"line":86,"column":null}},"45":{"start":{"line":88,"column":4},"end":{"line":105,"column":null}},"46":{"start":{"line":88,"column":17},"end":{"line":88,"column":20}},"47":{"start":{"line":89,"column":18},"end":{"line":89,"column":null}},"48":{"start":{"line":90,"column":8},"end":{"line":90,"column":null}},"49":{"start":{"line":91,"column":24},"end":{"line":91,"column":null}},"50":{"start":{"line":93,"column":22},"end":{"line":98,"column":null}},"51":{"start":{"line":94,"column":12},"end":{"line":94,"column":null}},"52":{"start":{"line":94,"column":45},"end":{"line":94,"column":null}},"53":{"start":{"line":95,"column":29},"end":{"line":95,"column":null}},"54":{"start":{"line":96,"column":12},"end":{"line":96,"column":null}},"55":{"start":{"line":97,"column":12},"end":{"line":97,"column":null}},"56":{"start":{"line":100,"column":8},"end":{"line":104,"column":null}},"57":{"start":{"line":106,"column":4},"end":{"line":106,"column":null}}},"fnMap":{"0":{"name":"(anonymous_0)","decl":{"start":{"line":3,"column":31},"end":{"line":3,"column":32}},"loc":{"start":{"line":3,"column":58},"end":{"line":60,"column":null}},"line":3},"1":{"name":"(anonymous_1)","decl":{"start":{"line":8,"column":16},"end":{"line":8,"column":21}},"loc":{"start":{"line":8,"column":21},"end":{"line":8,"column":46}},"line":8},"2":{"name":"(anonymous_2)","decl":{"start":{"line":16,"column":14},"end":{"line":16,"column":15}},"loc":{"start":{"line":16,"column":24},"end":{"line":16,"column":97}},"line":16},"3":{"name":"(anonymous_3)","decl":{"start":{"line":25,"column":62},"end":{"line":25,"column":67}},"loc":{"start":{"line":25,"column":67},"end":{"line":29,"column":5}},"line":25},"4":{"name":"(anonymous_4)","decl":{"start":{"line":29,"column":14},"end":{"line":29,"column":15}},"loc":{"start":{"line":29,"column":24},"end":{"line":29,"column":29}},"line":29},"5":{"name":"(anonymous_5)","decl":{"start":{"line":62,"column":40},"end":{"line":62,"column":41}},"loc":{"start":{"line":62,"column":74},"end":{"line":80,"column":null}},"line":62},"6":{"name":"(anonymous_6)","decl":{"start":{"line":64,"column":40},"end":{"line":64,"column":45}},"loc":{"start":{"line":64,"column":45},"end":{"line":64,"column":56}},"line":64},"7":{"name":"(anonymous_7)","decl":{"start":{"line":71,"column":40},"end":{"line":71,"column":45}},"loc":{"start":{"line":71,"column":45},"end":{"line":71,"column":56}},"line":71},"8":{"name":"(anonymous_8)","decl":{"start":{"line":82,"column":33},"end":{"line":82,"column":34}},"loc":{"start":{"line":82,"column":52},"end":{"line":107,"column":null}},"line":82},"9":{"name":"(anonymous_9)","decl":{"start":{"line":93,"column":35},"end":{"line":93,"column":40}},"loc":{"start":{"line":93,"column":40},"end":{"line":98,"column":9}},"line":93}},"branchMap":{"0":{"loc":{"start":{"line":4,"column":4},"end":{"line":4,"column":null}},"type":"if","locations":[{"start":{"line":4,"column":4},"end":{"line":4,"column":null}},{"start":{},"end":{}}],"line":4},"1":{"loc":{"start":{"line":8,"column":21},"end":{"line":8,"column":46}},"type":"binary-expr","locations":[{"start":{"line":8,"column":21},"end":{"line":8,"column":36}},{"start":{"line":8,"column":36},"end":{"line":8,"column":46}}],"line":8},"2":{"loc":{"start":{"line":16,"column":33},"end":{"line":16,"column":48}},"type":"binary-expr","locations":[{"start":{"line":16,"column":33},"end":{"line":16,"column":47}},{"start":{"line":16,"column":47},"end":{"line":16,"column":48}}],"line":16},"3":{"loc":{"start":{"line":16,"column":71},"end":{"line":16,"column":86}},"type":"binary-expr","locations":[{"start":{"line":16,"column":71},"end":{"line":16,"column":85}},{"start":{"line":16,"column":85},"end":{"line":16,"column":86}}],"line":16},"4":{"loc":{"start":{"line":18,"column":4},"end":{"line":18,"column":null}},"type":"if","locations":[{"start":{"line":18,"column":4},"end":{"line":18,"column":null}},{"start":{},"end":{}}],"line":18},"5":{"loc":{"start":{"line":26,"column":27},"end":{"line":26,"column":42}},"type":"binary-expr","locations":[{"start":{"line":26,"column":27},"end":{"line":26,"column":41}},{"start":{"line":26,"column":41},"end":{"line":26,"column":42}}],"line":26},"6":{"loc":{"start":{"line":35,"column":4},"end":{"line":35,"column":null}},"type":"if","locations":[{"start":{"line":35,"column":4},"end":{"line":35,"column":null}},{"start":{},"end":{}}],"line":35},"7":{"loc":{"start":{"line":40,"column":4},"end":{"line":42,"column":null}},"type":"if","locations":[{"start":{"line":40,"column":4},"end":{"line":42,"column":null}},{"start":{},"end":{}}],"line":40},"8":{"loc":{"start":{"line":40,"column":8},"end":{"line":40,"column":80}},"type":"binary-expr","locations":[{"start":{"line":40,"column":8},"end":{"line":40,"column":43}},{"start":{"line":40,"column":43},"end":{"line":40,"column":80}}],"line":40},"9":{"loc":{"start":{"line":51,"column":8},"end":{"line":56,"column":null}},"type":"if","locations":[{"start":{"line":51,"column":8},"end":{"line":56,"column":null}},{"start":{"line":54,"column":15},"end":{"line":56,"column":null}}],"line":51},"10":{"loc":{"start":{"line":78,"column":27},"end":{"line":78,"column":null}},"type":"cond-expr","locations":[{"start":{"line":78,"column":45},"end":{"line":78,"column":76}},{"start":{"line":78,"column":76},"end":{"line":78,"column":null}}],"line":78},"11":{"loc":{"start":{"line":94,"column":12},"end":{"line":94,"column":null}},"type":"if","locations":[{"start":{"line":94,"column":12},"end":{"line":94,"column":null}},{"start":{},"end":{}}],"line":94},"12":{"loc":{"start":{"line":94,"column":16},"end":{"line":94,"column":45}},"type":"binary-expr","locations":[{"start":{"line":94,"column":16},"end":{"line":94,"column":32}},{"start":{"line":94,"column":32},"end":{"line":94,"column":45}}],"line":94}},"s":{"0":1,"1":8,"2":1,"3":7,"4":11,"5":4,"6":7,"7":1,"8":6,"9":6,"10":6,"11":6,"12":10,"13":10,"14":10,"15":3,"16":6,"17":6,"18":6,"19":0,"20":6,"21":6,"22":1,"23":5,"24":5,"25":5,"26":5,"27":3,"28":3,"29":2,"30":2,"31":1,"32":5,"33":1,"34":6,"35":6,"36":3,"37":6,"38":6,"39":5,"40":6,"41":1,"42":9,"43":9,"44":9,"45":9,"46":9,"47":63,"48":63,"49":63,"50":63,"51":35,"52":14,"53":21,"54":21,"55":21,"56":63,"57":63},"f":{"0":8,"1":11,"2":4,"3":10,"4":3,"5":6,"6":3,"7":5,"8":9,"9":35},"b":{"0":[1,7],"1":[11,10],"2":[4,0],"3":[4,0],"4":[1,6],"5":[10,0],"6":[0,6],"7":[1,5],"8":[6,2],"9":[2,1],"10":[3,3],"11":[14,21],"12":[35,28]},"meta":{"lastBranch":13,"lastFunction":10,"lastStatement":58,"seen":{"s:3:31:60:Infinity":0,"f:3:31:3:32":0,"b:4:4:4:Infinity:undefined:undefined:undefined:undefined":0,"s:4:4:4:Infinity":1,"s:4:28:4:Infinity":2,"s:7:27:16:Infinity":3,"f:8:16:8:21":1,"s:8:21:8:46":4,"b:8:21:8:36:8:36:8:46":1,"f:16:14:16:15":2,"s:16:24:16:97":5,"b:16:33:16:47:16:47:16:48":2,"b:16:71:16:85:16:85:16:86":3,"b:18:4:18:Infinity:undefined:undefined:undefined:undefined":4,"s:18:4:18:Infinity":6,"s:18:37:18:Infinity":7,"s:20:17:20:Infinity":8,"s:21:22:21:Infinity":9,"s:22:4:22:Infinity":10,"s:25:24:29:Infinity":11,"f:25:62:25:67":3,"s:26:18:26:Infinity":12,"b:26:27:26:41:26:41:26:42":5,"s:27:8:27:Infinity":13,"s:28:8:28:Infinity":14,"f:29:14:29:15":4,"s:29:24:29:29":15,"s:32:22:32:Infinity":16,"s:33:26:33:Infinity":17,"b:35:4:35:Infinity:undefined:undefined:undefined:undefined":6,"s:35:4:35:Infinity":18,"s:35:34:35:Infinity":19,"s:37:30:37:Infinity":20,"b:40:4:42:Infinity:undefined:undefined:undefined:undefined":7,"s:40:4:42:Infinity":21,"b:40:8:40:43:40:43:40:80":8,"s:41:8:41:Infinity":22,"s:46:23:46:Infinity":23,"s:47:4:47:Infinity":24,"s:49:4:57:Infinity":25,"s:49:17:49:20":26,"s:50:25:50:Infinity":27,"b:51:8:56:Infinity:54:15:56:Infinity":9,"s:51:8:56:Infinity":28,"s:52:12:52:Infinity":29,"s:53:12:53:Infinity":30,"s:55:12:55:Infinity":31,"s:59:4:59:Infinity":32,"s:62:40:80:Infinity":33,"f:62:40:62:41":5,"s:63:23:63:Infinity":34,"s:64:27:64:Infinity":35,"f:64:40:64:45":6,"s:64:45:64:56":36,"s:70:23:70:Infinity":37,"s:71:27:71:Infinity":38,"f:71:40:71:45":7,"s:71:45:71:56":39,"s:73:4:79:Infinity":40,"b:78:45:78:76:78:76:78:Infinity":10,"s:82:33:107:Infinity":41,"f:82:33:82:34":8,"s:84:17:84:Infinity":42,"s:85:18:85:Infinity":43,"s:86:4:86:Infinity":44,"s:88:4:105:Infinity":45,"s:88:17:88:20":46,"s:89:18:89:Infinity":47,"s:90:8:90:Infinity":48,"s:91:24:91:Infinity":49,"s:93:22:98:Infinity":50,"f:93:35:93:40":9,"b:94:12:94:Infinity:undefined:undefined:undefined:undefined":11,"s:94:12:94:Infinity":51,"b:94:16:94:32:94:32:94:45":12,"s:94:45:94:Infinity":52,"s:95:29:95:Infinity":53,"s:96:12:96:Infinity":54,"s:97:12:97:Infinity":55,"s:100:8:104:Infinity":56,"s:106:4:106:Infinity":57}}}
,"/Users/soyilovfarhod/task_planner/src/utils/storage.ts": {"path":"/Users/soyilovfarhod/task_planner/src/utils/storage.ts","statementMap":{"0":{"start":{"line":1,"column":28},"end":{"line":9,"column":null}},"1":{"start":{"line":11,"column":25},"end":{"line":19,"column":null}},"2":{"start":{"line":12,"column":4},"end":{"line":18,"column":null}},"3":{"start":{"line":13,"column":26},"end":{"line":13,"column":null}},"4":{"start":{"line":14,"column":8},"end":{"line":14,"column":null}},"5":{"start":{"line":16,"column":8},"end":{"line":16,"column":null}},"6":{"start":{"line":17,"column":8},"end":{"line":17,"column":null}},"7":{"start":{"line":21,"column":23},"end":{"line":29,"column":null}},"8":{"start":{"line":22,"column":4},"end":{"line":28,"column":null}},"9":{"start":{"line":23,"column":26},"end":{"line":23,"column":null}},"10":{"start":{"line":24,"column":8},"end":{"line":24,"column":null}},"11":{"start":{"line":26,"column":8},"end":{"line":26,"column":null}},"12":{"start":{"line":27,"column":8},"end":{"line":27,"column":null}},"13":{"start":{"line":31,"column":26},"end":{"line":38,"column":null}},"14":{"start":{"line":32,"column":4},"end":{"line":37,"column":null}},"15":{"start":{"line":33,"column":8},"end":{"line":33,"column":null}},"16":{"start":{"line":35,"column":8},"end":{"line":35,"column":null}},"17":{"start":{"line":36,"column":8},"end":{"line":36,"column":null}},"18":{"start":{"line":40,"column":24},"end":{"line":47,"column":null}},"19":{"start":{"line":41,"column":4},"end":{"line":46,"column":null}},"20":{"start":{"line":42,"column":8},"end":{"line":42,"column":null}},"21":{"start":{"line":44,"column":8},"end":{"line":44,"column":null}},"22":{"start":{"line":45,"column":8},"end":{"line":45,"column":null}}},"fnMap":{"0":{"name":"(anonymous_0)","decl":{"start":{"line":11,"column":25},"end":{"line":11,"column":35}},"loc":{"start":{"line":11,"column":76},"end":{"line":19,"column":null}},"line":11},"1":{"name":"(anonymous_1)","decl":{"start":{"line":21,"column":23},"end":{"line":21,"column":33}},"loc":{"start":{"line":21,"column":68},"end":{"line":29,"column":null}},"line":21},"2":{"name":"(anonymous_2)","decl":{"start":{"line":31,"column":26},"end":{"line":31,"column":33}},"loc":{"start":{"line":31,"column":64},"end":{"line":38,"column":null}},"line":31},"3":{"name":"(anonymous_3)","decl":{"start":{"line":40,"column":24},"end":{"line":40,"column":51}},"loc":{"start":{"line":40,"column":51},"end":{"line":47,"column":null}},"line":40}},"branchMap":{"0":{"loc":{"start":{"line":24,"column":15},"end":{"line":24,"column":null}},"type":"cond-expr","locations":[{"start":{"line":24,"column":35},"end":{"line":24,"column":59}},{"start":{"line":24,"column":59},"end":{"line":24,"column":null}}],"line":24}},"s":{"0":1,"1":1,"2":1,"3":1,"4":1,"5":0,"6":0,"7":1,"8":1,"9":1,"10":1,"11":0,"12":0,"13":1,"14":1,"15":1,"16":0,"17":0,"18":1,"19":1,"20":1,"21":0,"22":0},"f":{"0":1,"1":1,"2":1,"3":1},"b":{"0":[1,0]},"meta":{"lastBranch":1,"lastFunction":4,"lastStatement":23,"seen":{"s:1:28:9:Infinity":0,"s:11:25:19:Infinity":1,"f:11:25:11:35":0,"s:12:4:18:Infinity":2,"s:13:26:13:Infinity":3,"s:14:8:14:Infinity":4,"s:16:8:16:Infinity":5,"s:17:8:17:Infinity":6,"s:21:23:29:Infinity":7,"f:21:23:21:33":1,"s:22:4:28:Infinity":8,"s:23:26:23:Infinity":9,"s:24:8:24:Infinity":10,"b:24:35:24:59:24:59:24:Infinity":0,"s:26:8:26:Infinity":11,"s:27:8:27:Infinity":12,"s:31:26:38:Infinity":13,"f:31:26:31:33":2,"s:32:4:37:Infinity":14,"s:33:8:33:Infinity":15,"s:35:8:35:Infinity":16,"s:36:8:36:Infinity":17,"s:40:24:47:Infinity":18,"f:40:24:40:51":3,"s:41:4:46:Infinity":19,"s:42:8:42:Infinity":20,"s:44:8:44:Infinity":21,"s:45:8:45:Infinity":22}}}
}
